{"C:\\Users\\shrey\\Downloads\\GymPro-swagger-fixed\\gympro-frontend\\src\\App.jsx": {"path":"C:\\Users\\shrey\\Downloads\\GymPro-swagger-fixed\\gympro-frontend\\src\\App.jsx","statementMap":{"0":{"start":{"line":24,"column":2},"end":{"line":63,"column":4}},"1":{"start":{"line":67,"column":2},"end":{"line":75,"column":4}}},"fnMap":{"0":{"name":"AppRoutes","decl":{"start":{"line":23,"column":9},"end":{"line":23,"column":18}},"loc":{"start":{"line":23,"column":21},"end":{"line":64,"column":1}},"line":23},"1":{"name":"App","decl":{"start":{"line":66,"column":9},"end":{"line":66,"column":12}},"loc":{"start":{"line":66,"column":15},"end":{"line":76,"column":1}},"line":66}},"branchMap":{},"s":{"0":0,"1":0},"f":{"0":0,"1":0},"b":{}}
,"C:\\Users\\shrey\\Downloads\\GymPro-swagger-fixed\\gympro-frontend\\src\\api\\api.js": {"path":"C:\\Users\\shrey\\Downloads\\GymPro-swagger-fixed\\gympro-frontend\\src\\api\\api.js","statementMap":{"0":{"start":{"line":6,"column":12},"end":{"line":9,"column":2}},"1":{"start":{"line":11,"column":0},"end":{"line":17,"column":33}},"2":{"start":{"line":12,"column":16},"end":{"line":12,"column":47}},"3":{"start":{"line":13,"column":16},"end":{"line":13,"column":46}},"4":{"start":{"line":14,"column":2},"end":{"line":14,"column":62}},"5":{"start":{"line":14,"column":13},"end":{"line":14,"column":62}},"6":{"start":{"line":15,"column":2},"end":{"line":15,"column":50}},"7":{"start":{"line":15,"column":13},"end":{"line":15,"column":50}},"8":{"start":{"line":16,"column":2},"end":{"line":16,"column":16}},"9":{"start":{"line":17,"column":12},"end":{"line":17,"column":31}},"10":{"start":{"line":19,"column":0},"end":{"line":28,"column":2}},"11":{"start":{"line":20,"column":11},"end":{"line":20,"column":14}},"12":{"start":{"line":22,"column":4},"end":{"line":25,"column":5}},"13":{"start":{"line":23,"column":6},"end":{"line":23,"column":29}},"14":{"start":{"line":24,"column":6},"end":{"line":24,"column":38}},"15":{"start":{"line":26,"column":4},"end":{"line":26,"column":31}},"16":{"start":{"line":31,"column":23},"end":{"line":37,"column":1}},"17":{"start":{"line":32,"column":28},"end":{"line":32,"column":57}},"18":{"start":{"line":33,"column":28},"end":{"line":33,"column":60}},"19":{"start":{"line":34,"column":28},"end":{"line":34,"column":67}},"20":{"start":{"line":35,"column":28},"end":{"line":35,"column":62}},"21":{"start":{"line":36,"column":28},"end":{"line":36,"column":66}},"22":{"start":{"line":40,"column":25},"end":{"line":47,"column":1}},"23":{"start":{"line":41,"column":29},"end":{"line":41,"column":48}},"24":{"start":{"line":42,"column":29},"end":{"line":42,"column":54}},"25":{"start":{"line":43,"column":29},"end":{"line":43,"column":86}},"26":{"start":{"line":44,"column":29},"end":{"line":44,"column":55}},"27":{"start":{"line":45,"column":29},"end":{"line":45,"column":60}},"28":{"start":{"line":46,"column":29},"end":{"line":46,"column":57}},"29":{"start":{"line":50,"column":26},"end":{"line":63,"column":1}},"30":{"start":{"line":51,"column":37},"end":{"line":51,"column":57}},"31":{"start":{"line":52,"column":37},"end":{"line":52,"column":63}},"32":{"start":{"line":53,"column":37},"end":{"line":53,"column":95}},"33":{"start":{"line":54,"column":37},"end":{"line":54,"column":64}},"34":{"start":{"line":55,"column":37},"end":{"line":55,"column":69}},"35":{"start":{"line":56,"column":37},"end":{"line":56,"column":66}},"36":{"start":{"line":57,"column":37},"end":{"line":57,"column":72}},"37":{"start":{"line":58,"column":37},"end":{"line":58,"column":79}},"38":{"start":{"line":59,"column":37},"end":{"line":59,"column":73}},"39":{"start":{"line":60,"column":37},"end":{"line":60,"column":85}},"40":{"start":{"line":61,"column":37},"end":{"line":61,"column":83}},"41":{"start":{"line":62,"column":37},"end":{"line":62,"column":96}},"42":{"start":{"line":66,"column":26},"end":{"line":73,"column":1}},"43":{"start":{"line":67,"column":31},"end":{"line":67,"column":65}},"44":{"start":{"line":68,"column":31},"end":{"line":68,"column":57}},"45":{"start":{"line":69,"column":31},"end":{"line":69,"column":70}},"46":{"start":{"line":70,"column":31},"end":{"line":70,"column":72}},"47":{"start":{"line":71,"column":31},"end":{"line":71,"column":65}},"48":{"start":{"line":72,"column":31},"end":{"line":72,"column":67}},"49":{"start":{"line":76,"column":23},"end":{"line":88,"column":1}},"50":{"start":{"line":77,"column":57},"end":{"line":77,"column":74}},"51":{"start":{"line":78,"column":57},"end":{"line":78,"column":80}},"52":{"start":{"line":79,"column":57},"end":{"line":79,"column":81}},"53":{"start":{"line":80,"column":57},"end":{"line":80,"column":86}},"54":{"start":{"line":81,"column":57},"end":{"line":81,"column":83}},"55":{"start":{"line":82,"column":57},"end":{"line":82,"column":170}},"56":{"start":{"line":83,"column":57},"end":{"line":83,"column":89}},"57":{"start":{"line":84,"column":57},"end":{"line":84,"column":99}},"58":{"start":{"line":85,"column":57},"end":{"line":85,"column":99}},"59":{"start":{"line":87,"column":57},"end":{"line":87,"column":105}},"60":{"start":{"line":91,"column":26},"end":{"line":99,"column":1}},"61":{"start":{"line":92,"column":35},"end":{"line":92,"column":59}},"62":{"start":{"line":93,"column":35},"end":{"line":93,"column":70}},"63":{"start":{"line":94,"column":35},"end":{"line":94,"column":61}},"64":{"start":{"line":95,"column":35},"end":{"line":95,"column":76}},"65":{"start":{"line":96,"column":35},"end":{"line":96,"column":66}},"66":{"start":{"line":97,"column":35},"end":{"line":97,"column":126}},"67":{"start":{"line":98,"column":35},"end":{"line":98,"column":69}}},"fnMap":{"0":{"name":"(anonymous_0)","decl":{"start":{"line":11,"column":29},"end":{"line":11,"column":30}},"loc":{"start":{"line":11,"column":41},"end":{"line":17,"column":1}},"line":11},"1":{"name":"(anonymous_1)","decl":{"start":{"line":17,"column":3},"end":{"line":17,"column":4}},"loc":{"start":{"line":17,"column":12},"end":{"line":17,"column":31}},"line":17},"2":{"name":"(anonymous_2)","decl":{"start":{"line":20,"column":2},"end":{"line":20,"column":3}},"loc":{"start":{"line":20,"column":11},"end":{"line":20,"column":14}},"line":20},"3":{"name":"(anonymous_3)","decl":{"start":{"line":21,"column":2},"end":{"line":21,"column":3}},"loc":{"start":{"line":21,"column":11},"end":{"line":27,"column":3}},"line":21},"4":{"name":"(anonymous_4)","decl":{"start":{"line":32,"column":18},"end":{"line":32,"column":19}},"loc":{"start":{"line":32,"column":28},"end":{"line":32,"column":57}},"line":32},"5":{"name":"(anonymous_5)","decl":{"start":{"line":33,"column":18},"end":{"line":33,"column":19}},"loc":{"start":{"line":33,"column":28},"end":{"line":33,"column":60}},"line":33},"6":{"name":"(anonymous_6)","decl":{"start":{"line":34,"column":18},"end":{"line":34,"column":19}},"loc":{"start":{"line":34,"column":28},"end":{"line":34,"column":67}},"line":34},"7":{"name":"(anonymous_7)","decl":{"start":{"line":35,"column":18},"end":{"line":35,"column":19}},"loc":{"start":{"line":35,"column":28},"end":{"line":35,"column":62}},"line":35},"8":{"name":"(anonymous_8)","decl":{"start":{"line":36,"column":18},"end":{"line":36,"column":19}},"loc":{"start":{"line":36,"column":28},"end":{"line":36,"column":66}},"line":36},"9":{"name":"(anonymous_9)","decl":{"start":{"line":41,"column":15},"end":{"line":41,"column":16}},"loc":{"start":{"line":41,"column":29},"end":{"line":41,"column":48}},"line":41},"10":{"name":"(anonymous_10)","decl":{"start":{"line":42,"column":15},"end":{"line":42,"column":16}},"loc":{"start":{"line":42,"column":29},"end":{"line":42,"column":54}},"line":42},"11":{"name":"(anonymous_11)","decl":{"start":{"line":43,"column":15},"end":{"line":43,"column":16}},"loc":{"start":{"line":43,"column":29},"end":{"line":43,"column":86}},"line":43},"12":{"name":"(anonymous_12)","decl":{"start":{"line":44,"column":15},"end":{"line":44,"column":16}},"loc":{"start":{"line":44,"column":29},"end":{"line":44,"column":55}},"line":44},"13":{"name":"(anonymous_13)","decl":{"start":{"line":45,"column":15},"end":{"line":45,"column":16}},"loc":{"start":{"line":45,"column":29},"end":{"line":45,"column":60}},"line":45},"14":{"name":"(anonymous_14)","decl":{"start":{"line":46,"column":15},"end":{"line":46,"column":16}},"loc":{"start":{"line":46,"column":29},"end":{"line":46,"column":57}},"line":46},"15":{"name":"(anonymous_15)","decl":{"start":{"line":51,"column":21},"end":{"line":51,"column":22}},"loc":{"start":{"line":51,"column":37},"end":{"line":51,"column":57}},"line":51},"16":{"name":"(anonymous_16)","decl":{"start":{"line":52,"column":21},"end":{"line":52,"column":22}},"loc":{"start":{"line":52,"column":37},"end":{"line":52,"column":63}},"line":52},"17":{"name":"(anonymous_17)","decl":{"start":{"line":53,"column":21},"end":{"line":53,"column":22}},"loc":{"start":{"line":53,"column":37},"end":{"line":53,"column":95}},"line":53},"18":{"name":"(anonymous_18)","decl":{"start":{"line":54,"column":21},"end":{"line":54,"column":22}},"loc":{"start":{"line":54,"column":37},"end":{"line":54,"column":64}},"line":54},"19":{"name":"(anonymous_19)","decl":{"start":{"line":55,"column":21},"end":{"line":55,"column":22}},"loc":{"start":{"line":55,"column":37},"end":{"line":55,"column":69}},"line":55},"20":{"name":"(anonymous_20)","decl":{"start":{"line":56,"column":21},"end":{"line":56,"column":22}},"loc":{"start":{"line":56,"column":37},"end":{"line":56,"column":66}},"line":56},"21":{"name":"(anonymous_21)","decl":{"start":{"line":57,"column":21},"end":{"line":57,"column":22}},"loc":{"start":{"line":57,"column":37},"end":{"line":57,"column":72}},"line":57},"22":{"name":"(anonymous_22)","decl":{"start":{"line":58,"column":21},"end":{"line":58,"column":22}},"loc":{"start":{"line":58,"column":37},"end":{"line":58,"column":79}},"line":58},"23":{"name":"(anonymous_23)","decl":{"start":{"line":59,"column":21},"end":{"line":59,"column":22}},"loc":{"start":{"line":59,"column":37},"end":{"line":59,"column":73}},"line":59},"24":{"name":"(anonymous_24)","decl":{"start":{"line":60,"column":21},"end":{"line":60,"column":22}},"loc":{"start":{"line":60,"column":37},"end":{"line":60,"column":85}},"line":60},"25":{"name":"(anonymous_25)","decl":{"start":{"line":61,"column":21},"end":{"line":61,"column":22}},"loc":{"start":{"line":61,"column":37},"end":{"line":61,"column":83}},"line":61},"26":{"name":"(anonymous_26)","decl":{"start":{"line":62,"column":21},"end":{"line":62,"column":22}},"loc":{"start":{"line":62,"column":37},"end":{"line":62,"column":96}},"line":62},"27":{"name":"(anonymous_27)","decl":{"start":{"line":67,"column":16},"end":{"line":67,"column":17}},"loc":{"start":{"line":67,"column":31},"end":{"line":67,"column":65}},"line":67},"28":{"name":"(anonymous_28)","decl":{"start":{"line":68,"column":16},"end":{"line":68,"column":17}},"loc":{"start":{"line":68,"column":31},"end":{"line":68,"column":57}},"line":68},"29":{"name":"(anonymous_29)","decl":{"start":{"line":69,"column":16},"end":{"line":69,"column":17}},"loc":{"start":{"line":69,"column":31},"end":{"line":69,"column":70}},"line":69},"30":{"name":"(anonymous_30)","decl":{"start":{"line":70,"column":16},"end":{"line":70,"column":17}},"loc":{"start":{"line":70,"column":31},"end":{"line":70,"column":72}},"line":70},"31":{"name":"(anonymous_31)","decl":{"start":{"line":71,"column":16},"end":{"line":71,"column":17}},"loc":{"start":{"line":71,"column":31},"end":{"line":71,"column":65}},"line":71},"32":{"name":"(anonymous_32)","decl":{"start":{"line":72,"column":16},"end":{"line":72,"column":17}},"loc":{"start":{"line":72,"column":31},"end":{"line":72,"column":67}},"line":72},"33":{"name":"(anonymous_33)","decl":{"start":{"line":77,"column":22},"end":{"line":77,"column":23}},"loc":{"start":{"line":77,"column":57},"end":{"line":77,"column":74}},"line":77},"34":{"name":"(anonymous_34)","decl":{"start":{"line":78,"column":22},"end":{"line":78,"column":23}},"loc":{"start":{"line":78,"column":57},"end":{"line":78,"column":80}},"line":78},"35":{"name":"(anonymous_35)","decl":{"start":{"line":79,"column":22},"end":{"line":79,"column":23}},"loc":{"start":{"line":79,"column":57},"end":{"line":79,"column":81}},"line":79},"36":{"name":"(anonymous_36)","decl":{"start":{"line":80,"column":22},"end":{"line":80,"column":23}},"loc":{"start":{"line":80,"column":57},"end":{"line":80,"column":86}},"line":80},"37":{"name":"(anonymous_37)","decl":{"start":{"line":81,"column":22},"end":{"line":81,"column":23}},"loc":{"start":{"line":81,"column":57},"end":{"line":81,"column":83}},"line":81},"38":{"name":"(anonymous_38)","decl":{"start":{"line":82,"column":22},"end":{"line":82,"column":23}},"loc":{"start":{"line":82,"column":57},"end":{"line":82,"column":170}},"line":82},"39":{"name":"(anonymous_39)","decl":{"start":{"line":83,"column":22},"end":{"line":83,"column":23}},"loc":{"start":{"line":83,"column":57},"end":{"line":83,"column":89}},"line":83},"40":{"name":"(anonymous_40)","decl":{"start":{"line":84,"column":22},"end":{"line":84,"column":23}},"loc":{"start":{"line":84,"column":57},"end":{"line":84,"column":99}},"line":84},"41":{"name":"(anonymous_41)","decl":{"start":{"line":85,"column":22},"end":{"line":85,"column":23}},"loc":{"start":{"line":85,"column":57},"end":{"line":85,"column":99}},"line":85},"42":{"name":"(anonymous_42)","decl":{"start":{"line":87,"column":22},"end":{"line":87,"column":23}},"loc":{"start":{"line":87,"column":57},"end":{"line":87,"column":105}},"line":87},"43":{"name":"(anonymous_43)","decl":{"start":{"line":92,"column":17},"end":{"line":92,"column":18}},"loc":{"start":{"line":92,"column":35},"end":{"line":92,"column":59}},"line":92},"44":{"name":"(anonymous_44)","decl":{"start":{"line":93,"column":17},"end":{"line":93,"column":18}},"loc":{"start":{"line":93,"column":35},"end":{"line":93,"column":70}},"line":93},"45":{"name":"(anonymous_45)","decl":{"start":{"line":94,"column":17},"end":{"line":94,"column":18}},"loc":{"start":{"line":94,"column":35},"end":{"line":94,"column":61}},"line":94},"46":{"name":"(anonymous_46)","decl":{"start":{"line":95,"column":17},"end":{"line":95,"column":18}},"loc":{"start":{"line":95,"column":35},"end":{"line":95,"column":76}},"line":95},"47":{"name":"(anonymous_47)","decl":{"start":{"line":96,"column":17},"end":{"line":96,"column":18}},"loc":{"start":{"line":96,"column":35},"end":{"line":96,"column":66}},"line":96},"48":{"name":"(anonymous_48)","decl":{"start":{"line":97,"column":17},"end":{"line":97,"column":18}},"loc":{"start":{"line":97,"column":35},"end":{"line":97,"column":126}},"line":97},"49":{"name":"(anonymous_49)","decl":{"start":{"line":98,"column":17},"end":{"line":98,"column":18}},"loc":{"start":{"line":98,"column":35},"end":{"line":98,"column":69}},"line":98}},"branchMap":{"0":{"loc":{"start":{"line":14,"column":2},"end":{"line":14,"column":62}},"type":"if","locations":[{"start":{"line":14,"column":2},"end":{"line":14,"column":62}},{"start":{},"end":{}}],"line":14},"1":{"loc":{"start":{"line":15,"column":2},"end":{"line":15,"column":50}},"type":"if","locations":[{"start":{"line":15,"column":2},"end":{"line":15,"column":50}},{"start":{},"end":{}}],"line":15},"2":{"loc":{"start":{"line":22,"column":4},"end":{"line":25,"column":5}},"type":"if","locations":[{"start":{"line":22,"column":4},"end":{"line":25,"column":5}},{"start":{},"end":{}}],"line":22}},"s":{"0":0,"1":0,"2":0,"3":0,"4":0,"5":0,"6":0,"7":0,"8":0,"9":0,"10":0,"11":0,"12":0,"13":0,"14":0,"15":0,"16":0,"17":0,"18":0,"19":0,"20":0,"21":0,"22":0,"23":0,"24":0,"25":0,"26":0,"27":0,"28":0,"29":0,"30":0,"31":0,"32":0,"33":0,"34":0,"35":0,"36":0,"37":0,"38":0,"39":0,"40":0,"41":0,"42":0,"43":0,"44":0,"45":0,"46":0,"47":0,"48":0,"49":0,"50":0,"51":0,"52":0,"53":0,"54":0,"55":0,"56":0,"57":0,"58":0,"59":0,"60":0,"61":0,"62":0,"63":0,"64":0,"65":0,"66":0,"67":0},"f":{"0":0,"1":0,"2":0,"3":0,"4":0,"5":0,"6":0,"7":0,"8":0,"9":0,"10":0,"11":0,"12":0,"13":0,"14":0,"15":0,"16":0,"17":0,"18":0,"19":0,"20":0,"21":0,"22":0,"23":0,"24":0,"25":0,"26":0,"27":0,"28":0,"29":0,"30":0,"31":0,"32":0,"33":0,"34":0,"35":0,"36":0,"37":0,"38":0,"39":0,"40":0,"41":0,"42":0,"43":0,"44":0,"45":0,"46":0,"47":0,"48":0,"49":0},"b":{"0":[0,0],"1":[0,0],"2":[0,0]}}
,"C:\\Users\\shrey\\Downloads\\GymPro-swagger-fixed\\gympro-frontend\\src\\api\\authApi.js": {"path":"C:\\Users\\shrey\\Downloads\\GymPro-swagger-fixed\\gympro-frontend\\src\\api\\authApi.js","statementMap":{"0":{"start":{"line":12,"column":28},"end":{"line":12,"column":70}},"1":{"start":{"line":12,"column":38},"end":{"line":12,"column":70}},"2":{"start":{"line":20,"column":25},"end":{"line":20,"column":64}},"3":{"start":{"line":20,"column":35},"end":{"line":20,"column":64}}},"fnMap":{"0":{"name":"(anonymous_0)","decl":{"start":{"line":12,"column":28},"end":{"line":12,"column":29}},"loc":{"start":{"line":12,"column":38},"end":{"line":12,"column":70}},"line":12},"1":{"name":"(anonymous_1)","decl":{"start":{"line":20,"column":25},"end":{"line":20,"column":26}},"loc":{"start":{"line":20,"column":35},"end":{"line":20,"column":64}},"line":20}},"branchMap":{},"s":{"0":0,"1":0,"2":0,"3":0},"f":{"0":0,"1":0},"b":{}}
,"C:\\Users\\shrey\\Downloads\\GymPro-swagger-fixed\\gympro-frontend\\src\\api\\axiosInstance.js": {"path":"C:\\Users\\shrey\\Downloads\\GymPro-swagger-fixed\\gympro-frontend\\src\\api\\axiosInstance.js","statementMap":{"0":{"start":{"line":10,"column":21},"end":{"line":10,"column":22}},"1":{"start":{"line":11,"column":21},"end":{"line":11,"column":25}},"2":{"start":{"line":14,"column":14},"end":{"line":14,"column":71}},"3":{"start":{"line":14,"column":22},"end":{"line":14,"column":71}},"4":{"start":{"line":14,"column":47},"end":{"line":14,"column":70}},"5":{"start":{"line":22,"column":2},"end":{"line":22,"column":87}},"6":{"start":{"line":27,"column":2},"end":{"line":27,"column":35}},"7":{"start":{"line":27,"column":23},"end":{"line":27,"column":35}},"8":{"start":{"line":28,"column":2},"end":{"line":28,"column":52}},"9":{"start":{"line":32,"column":12},"end":{"line":35,"column":2}},"10":{"start":{"line":38,"column":0},"end":{"line":50,"column":2}},"11":{"start":{"line":41,"column":4},"end":{"line":41,"column":49}},"12":{"start":{"line":43,"column":18},"end":{"line":43,"column":49}},"13":{"start":{"line":44,"column":4},"end":{"line":46,"column":5}},"14":{"start":{"line":45,"column":6},"end":{"line":45,"column":55}},"15":{"start":{"line":47,"column":4},"end":{"line":47,"column":18}},"16":{"start":{"line":49,"column":13},"end":{"line":49,"column":34}},"17":{"start":{"line":53,"column":0},"end":{"line":89,"column":2}},"18":{"start":{"line":54,"column":16},"end":{"line":54,"column":24}},"19":{"start":{"line":56,"column":19},"end":{"line":56,"column":31}},"20":{"start":{"line":59,"column":4},"end":{"line":63,"column":5}},"21":{"start":{"line":60,"column":6},"end":{"line":60,"column":29}},"22":{"start":{"line":61,"column":6},"end":{"line":61,"column":38}},"23":{"start":{"line":62,"column":6},"end":{"line":62,"column":35}},"24":{"start":{"line":66,"column":4},"end":{"line":85,"column":5}},"25":{"start":{"line":67,"column":6},"end":{"line":67,"column":30}},"26":{"start":{"line":69,"column":23},"end":{"line":69,"column":41}},"27":{"start":{"line":70,"column":23},"end":{"line":72,"column":25}},"28":{"start":{"line":74,"column":6},"end":{"line":76,"column":8}},"29":{"start":{"line":78,"column":6},"end":{"line":81,"column":8}},"30":{"start":{"line":83,"column":6},"end":{"line":83,"column":31}},"31":{"start":{"line":84,"column":6},"end":{"line":84,"column":25}},"32":{"start":{"line":87,"column":4},"end":{"line":87,"column":33}}},"fnMap":{"0":{"name":"(anonymous_0)","decl":{"start":{"line":14,"column":14},"end":{"line":14,"column":15}},"loc":{"start":{"line":14,"column":22},"end":{"line":14,"column":71}},"line":14},"1":{"name":"(anonymous_1)","decl":{"start":{"line":14,"column":34},"end":{"line":14,"column":35}},"loc":{"start":{"line":14,"column":47},"end":{"line":14,"column":70}},"line":14},"2":{"name":"emitToast","decl":{"start":{"line":21,"column":9},"end":{"line":21,"column":18}},"loc":{"start":{"line":21,"column":46},"end":{"line":23,"column":1}},"line":21},"3":{"name":"shouldRetry","decl":{"start":{"line":25,"column":9},"end":{"line":25,"column":20}},"loc":{"start":{"line":25,"column":28},"end":{"line":29,"column":1}},"line":25},"4":{"name":"(anonymous_4)","decl":{"start":{"line":39,"column":2},"end":{"line":39,"column":3}},"loc":{"start":{"line":39,"column":14},"end":{"line":48,"column":3}},"line":39},"5":{"name":"(anonymous_5)","decl":{"start":{"line":49,"column":2},"end":{"line":49,"column":3}},"loc":{"start":{"line":49,"column":13},"end":{"line":49,"column":34}},"line":49},"6":{"name":"(anonymous_6)","decl":{"start":{"line":54,"column":2},"end":{"line":54,"column":3}},"loc":{"start":{"line":54,"column":16},"end":{"line":54,"column":24}},"line":54},"7":{"name":"(anonymous_7)","decl":{"start":{"line":55,"column":2},"end":{"line":55,"column":3}},"loc":{"start":{"line":55,"column":19},"end":{"line":88,"column":3}},"line":55}},"branchMap":{"0":{"loc":{"start":{"line":21,"column":28},"end":{"line":21,"column":44}},"type":"default-arg","locations":[{"start":{"line":21,"column":35},"end":{"line":21,"column":44}}],"line":21},"1":{"loc":{"start":{"line":27,"column":2},"end":{"line":27,"column":35}},"type":"if","locations":[{"start":{"line":27,"column":2},"end":{"line":27,"column":35}},{"start":{},"end":{}}],"line":27},"2":{"loc":{"start":{"line":41,"column":25},"end":{"line":41,"column":48}},"type":"binary-expr","locations":[{"start":{"line":41,"column":25},"end":{"line":41,"column":43}},{"start":{"line":41,"column":47},"end":{"line":41,"column":48}}],"line":41},"3":{"loc":{"start":{"line":44,"column":4},"end":{"line":46,"column":5}},"type":"if","locations":[{"start":{"line":44,"column":4},"end":{"line":46,"column":5}},{"start":{},"end":{}}],"line":44},"4":{"loc":{"start":{"line":59,"column":4},"end":{"line":63,"column":5}},"type":"if","locations":[{"start":{"line":59,"column":4},"end":{"line":63,"column":5}},{"start":{},"end":{}}],"line":59},"5":{"loc":{"start":{"line":66,"column":4},"end":{"line":85,"column":5}},"type":"if","locations":[{"start":{"line":66,"column":4},"end":{"line":85,"column":5}},{"start":{},"end":{}}],"line":66},"6":{"loc":{"start":{"line":66,"column":8},"end":{"line":66,"column":72}},"type":"binary-expr","locations":[{"start":{"line":66,"column":8},"end":{"line":66,"column":14}},{"start":{"line":66,"column":18},"end":{"line":66,"column":36}},{"start":{"line":66,"column":40},"end":{"line":66,"column":72}}],"line":66},"7":{"loc":{"start":{"line":70,"column":23},"end":{"line":72,"column":25}},"type":"cond-expr","locations":[{"start":{"line":71,"column":10},"end":{"line":71,"column":41}},{"start":{"line":72,"column":10},"end":{"line":72,"column":25}}],"line":70},"8":{"loc":{"start":{"line":79,"column":38},"end":{"line":79,"column":97}},"type":"cond-expr","locations":[{"start":{"line":79,"column":62},"end":{"line":79,"column":92}},{"start":{"line":79,"column":95},"end":{"line":79,"column":97}}],"line":79}},"s":{"0":0,"1":0,"2":0,"3":0,"4":0,"5":0,"6":0,"7":0,"8":0,"9":0,"10":0,"11":0,"12":0,"13":0,"14":0,"15":0,"16":0,"17":0,"18":0,"19":0,"20":0,"21":0,"22":0,"23":0,"24":0,"25":0,"26":0,"27":0,"28":0,"29":0,"30":0,"31":0,"32":0},"f":{"0":0,"1":0,"2":0,"3":0,"4":0,"5":0,"6":0,"7":0},"b":{"0":[0],"1":[0,0],"2":[0,0],"3":[0,0],"4":[0,0],"5":[0,0],"6":[0,0,0],"7":[0,0],"8":[0,0]}}
,"C:\\Users\\shrey\\Downloads\\GymPro-swagger-fixed\\gympro-frontend\\src\\api\\chatbotApi.js": {"path":"C:\\Users\\shrey\\Downloads\\GymPro-swagger-fixed\\gympro-frontend\\src\\api\\chatbotApi.js","statementMap":{"0":{"start":{"line":8,"column":20},"end":{"line":8,"column":45}},"1":{"start":{"line":10,"column":26},"end":{"line":65,"column":1}},"2":{"start":{"line":20,"column":27},"end":{"line":20,"column":75}},"3":{"start":{"line":22,"column":21},"end":{"line":26,"column":5}},"4":{"start":{"line":29,"column":4},"end":{"line":31,"column":5}},"5":{"start":{"line":30,"column":6},"end":{"line":30,"column":72}},"6":{"start":{"line":33,"column":4},"end":{"line":33,"column":25}},"7":{"start":{"line":41,"column":27},"end":{"line":41,"column":62}},"8":{"start":{"line":42,"column":4},"end":{"line":42,"column":43}},"9":{"start":{"line":44,"column":4},"end":{"line":50,"column":5}},"10":{"start":{"line":45,"column":6},"end":{"line":49,"column":7}},"11":{"start":{"line":46,"column":8},"end":{"line":46,"column":78}},"12":{"start":{"line":58,"column":4},"end":{"line":63,"column":5}},"13":{"start":{"line":59,"column":6},"end":{"line":59,"column":68}},"14":{"start":{"line":60,"column":6},"end":{"line":60,"column":18}},"15":{"start":{"line":62,"column":6},"end":{"line":62,"column":19}}},"fnMap":{"0":{"name":"(anonymous_0)","decl":{"start":{"line":19,"column":15},"end":{"line":19,"column":16}},"loc":{"start":{"line":19,"column":48},"end":{"line":34,"column":3}},"line":19},"1":{"name":"(anonymous_1)","decl":{"start":{"line":40,"column":21},"end":{"line":40,"column":22}},"loc":{"start":{"line":40,"column":33},"end":{"line":51,"column":3}},"line":40},"2":{"name":"(anonymous_2)","decl":{"start":{"line":57,"column":8},"end":{"line":57,"column":9}},"loc":{"start":{"line":57,"column":20},"end":{"line":64,"column":3}},"line":57}},"branchMap":{"0":{"loc":{"start":{"line":20,"column":27},"end":{"line":20,"column":75}},"type":"binary-expr","locations":[{"start":{"line":20,"column":27},"end":{"line":20,"column":62}},{"start":{"line":20,"column":66},"end":{"line":20,"column":75}}],"line":20},"1":{"loc":{"start":{"line":29,"column":4},"end":{"line":31,"column":5}},"type":"if","locations":[{"start":{"line":29,"column":4},"end":{"line":31,"column":5}},{"start":{},"end":{}}],"line":29},"2":{"loc":{"start":{"line":44,"column":4},"end":{"line":50,"column":5}},"type":"if","locations":[{"start":{"line":44,"column":4},"end":{"line":50,"column":5}},{"start":{},"end":{}}],"line":44}},"s":{"0":0,"1":0,"2":0,"3":0,"4":0,"5":0,"6":0,"7":0,"8":0,"9":0,"10":0,"11":0,"12":0,"13":0,"14":0,"15":0},"f":{"0":0,"1":0,"2":0},"b":{"0":[0,0],"1":[0,0],"2":[0,0]}}
,"C:\\Users\\shrey\\Downloads\\GymPro-swagger-fixed\\gympro-frontend\\src\\api\\memberProfile.js": {"path":"C:\\Users\\shrey\\Downloads\\GymPro-swagger-fixed\\gympro-frontend\\src\\api\\memberProfile.js","statementMap":{"0":{"start":{"line":13,"column":17},"end":{"line":13,"column":56}},"1":{"start":{"line":14,"column":2},"end":{"line":19,"column":3}},"2":{"start":{"line":15,"column":4},"end":{"line":18,"column":14}},"3":{"start":{"line":16,"column":21},"end":{"line":16,"column":39}},"4":{"start":{"line":17,"column":6},"end":{"line":17,"column":63}},"5":{"start":{"line":17,"column":49},"end":{"line":17,"column":63}},"6":{"start":{"line":22,"column":2},"end":{"line":32,"column":3}},"7":{"start":{"line":23,"column":16},"end":{"line":23,"column":49}},"8":{"start":{"line":24,"column":19},"end":{"line":24,"column":27}},"9":{"start":{"line":25,"column":4},"end":{"line":25,"column":68}},"10":{"start":{"line":26,"column":4},"end":{"line":26,"column":18}},"11":{"start":{"line":29,"column":4},"end":{"line":31,"column":5}},"12":{"start":{"line":30,"column":6},"end":{"line":30,"column":92}},"13":{"start":{"line":35,"column":21},"end":{"line":35,"column":51}},"14":{"start":{"line":36,"column":2},"end":{"line":55,"column":3}},"15":{"start":{"line":37,"column":16},"end":{"line":41,"column":6}},"16":{"start":{"line":42,"column":19},"end":{"line":42,"column":27}},"17":{"start":{"line":43,"column":4},"end":{"line":43,"column":68}},"18":{"start":{"line":44,"column":4},"end":{"line":44,"column":18}},"19":{"start":{"line":47,"column":4},"end":{"line":54,"column":5}},"20":{"start":{"line":48,"column":19},"end":{"line":48,"column":52}},"21":{"start":{"line":49,"column":21},"end":{"line":49,"column":30}},"22":{"start":{"line":50,"column":6},"end":{"line":50,"column":70}},"23":{"start":{"line":51,"column":6},"end":{"line":51,"column":20}},"24":{"start":{"line":53,"column":6},"end":{"line":53,"column":113}}},"fnMap":{"0":{"name":"resolveMemberProfile","decl":{"start":{"line":11,"column":22},"end":{"line":11,"column":42}},"loc":{"start":{"line":11,"column":50},"end":{"line":56,"column":1}},"line":11}},"branchMap":{"0":{"loc":{"start":{"line":14,"column":2},"end":{"line":19,"column":3}},"type":"if","locations":[{"start":{"line":14,"column":2},"end":{"line":19,"column":3}},{"start":{},"end":{}}],"line":14},"1":{"loc":{"start":{"line":17,"column":6},"end":{"line":17,"column":63}},"type":"if","locations":[{"start":{"line":17,"column":6},"end":{"line":17,"column":63}},{"start":{},"end":{}}],"line":17},"2":{"loc":{"start":{"line":17,"column":10},"end":{"line":17,"column":47}},"type":"binary-expr","locations":[{"start":{"line":17,"column":10},"end":{"line":17,"column":33}},{"start":{"line":17,"column":37},"end":{"line":17,"column":47}}],"line":17},"3":{"loc":{"start":{"line":29,"column":4},"end":{"line":31,"column":5}},"type":"if","locations":[{"start":{"line":29,"column":4},"end":{"line":31,"column":5}},{"start":{},"end":{}}],"line":29},"4":{"loc":{"start":{"line":30,"column":22},"end":{"line":30,"column":90}},"type":"binary-expr","locations":[{"start":{"line":30,"column":22},"end":{"line":30,"column":54}},{"start":{"line":30,"column":58},"end":{"line":30,"column":90}}],"line":30},"5":{"loc":{"start":{"line":38,"column":14},"end":{"line":38,"column":47}},"type":"binary-expr","locations":[{"start":{"line":38,"column":14},"end":{"line":38,"column":24}},{"start":{"line":38,"column":28},"end":{"line":38,"column":47}}],"line":38},"6":{"loc":{"start":{"line":53,"column":22},"end":{"line":53,"column":111}},"type":"binary-expr","locations":[{"start":{"line":53,"column":22},"end":{"line":53,"column":55}},{"start":{"line":53,"column":59},"end":{"line":53,"column":111}}],"line":53}},"s":{"0":0,"1":0,"2":0,"3":0,"4":0,"5":0,"6":0,"7":0,"8":0,"9":0,"10":0,"11":0,"12":0,"13":0,"14":0,"15":0,"16":0,"17":0,"18":0,"19":0,"20":0,"21":0,"22":0,"23":0,"24":0},"f":{"0":0},"b":{"0":[0,0],"1":[0,0],"2":[0,0],"3":[0,0],"4":[0,0],"5":[0,0],"6":[0,0]}}
,"C:\\Users\\shrey\\Downloads\\GymPro-swagger-fixed\\gympro-frontend\\src\\api\\notificationApi.js": {"path":"C:\\Users\\shrey\\Downloads\\GymPro-swagger-fixed\\gympro-frontend\\src\\api\\notificationApi.js","statementMap":{"0":{"start":{"line":8,"column":31},"end":{"line":44,"column":1}},"1":{"start":{"line":12,"column":4},"end":{"line":12,"column":64}},"2":{"start":{"line":16,"column":4},"end":{"line":16,"column":42}},"3":{"start":{"line":20,"column":4},"end":{"line":20,"column":51}},"4":{"start":{"line":24,"column":4},"end":{"line":24,"column":51}},"5":{"start":{"line":28,"column":4},"end":{"line":28,"column":47}},"6":{"start":{"line":32,"column":4},"end":{"line":32,"column":59}},"7":{"start":{"line":36,"column":4},"end":{"line":36,"column":47}},"8":{"start":{"line":41,"column":18},"end":{"line":41,"column":49}},"9":{"start":{"line":42,"column":4},"end":{"line":42,"column":81}}},"fnMap":{"0":{"name":"(anonymous_0)","decl":{"start":{"line":11,"column":11},"end":{"line":11,"column":12}},"loc":{"start":{"line":12,"column":4},"end":{"line":12,"column":64}},"line":12},"1":{"name":"(anonymous_1)","decl":{"start":{"line":15,"column":10},"end":{"line":15,"column":11}},"loc":{"start":{"line":16,"column":4},"end":{"line":16,"column":42}},"line":16},"2":{"name":"(anonymous_2)","decl":{"start":{"line":19,"column":18},"end":{"line":19,"column":19}},"loc":{"start":{"line":20,"column":4},"end":{"line":20,"column":51}},"line":20},"3":{"name":"(anonymous_3)","decl":{"start":{"line":23,"column":12},"end":{"line":23,"column":13}},"loc":{"start":{"line":24,"column":4},"end":{"line":24,"column":51}},"line":24},"4":{"name":"(anonymous_4)","decl":{"start":{"line":27,"column":15},"end":{"line":27,"column":16}},"loc":{"start":{"line":28,"column":4},"end":{"line":28,"column":47}},"line":28},"5":{"name":"(anonymous_5)","decl":{"start":{"line":31,"column":10},"end":{"line":31,"column":11}},"loc":{"start":{"line":32,"column":4},"end":{"line":32,"column":59}},"line":32},"6":{"name":"(anonymous_6)","decl":{"start":{"line":35,"column":12},"end":{"line":35,"column":13}},"loc":{"start":{"line":36,"column":4},"end":{"line":36,"column":47}},"line":36},"7":{"name":"(anonymous_7)","decl":{"start":{"line":40,"column":13},"end":{"line":40,"column":14}},"loc":{"start":{"line":40,"column":25},"end":{"line":43,"column":3}},"line":40}},"branchMap":{"0":{"loc":{"start":{"line":11,"column":20},"end":{"line":11,"column":28}},"type":"default-arg","locations":[{"start":{"line":11,"column":27},"end":{"line":11,"column":28}}],"line":11},"1":{"loc":{"start":{"line":11,"column":30},"end":{"line":11,"column":39}},"type":"default-arg","locations":[{"start":{"line":11,"column":37},"end":{"line":11,"column":39}}],"line":11},"2":{"loc":{"start":{"line":42,"column":48},"end":{"line":42,"column":78}},"type":"cond-expr","locations":[{"start":{"line":42,"column":56},"end":{"line":42,"column":73}},{"start":{"line":42,"column":76},"end":{"line":42,"column":78}}],"line":42}},"s":{"0":0,"1":0,"2":0,"3":0,"4":0,"5":0,"6":0,"7":0,"8":0,"9":0},"f":{"0":0,"1":0,"2":0,"3":0,"4":0,"5":0,"6":0,"7":0},"b":{"0":[0],"1":[0],"2":[0,0]}}
,"C:\\Users\\shrey\\Downloads\\GymPro-swagger-fixed\\gympro-frontend\\src\\api\\trainerProfile.js": {"path":"C:\\Users\\shrey\\Downloads\\GymPro-swagger-fixed\\gympro-frontend\\src\\api\\trainerProfile.js","statementMap":{"0":{"start":{"line":13,"column":17},"end":{"line":13,"column":57}},"1":{"start":{"line":14,"column":2},"end":{"line":19,"column":3}},"2":{"start":{"line":15,"column":4},"end":{"line":18,"column":14}},"3":{"start":{"line":16,"column":21},"end":{"line":16,"column":39}},"4":{"start":{"line":17,"column":6},"end":{"line":17,"column":63}},"5":{"start":{"line":17,"column":49},"end":{"line":17,"column":63}},"6":{"start":{"line":22,"column":2},"end":{"line":32,"column":3}},"7":{"start":{"line":23,"column":16},"end":{"line":23,"column":50}},"8":{"start":{"line":24,"column":20},"end":{"line":24,"column":28}},"9":{"start":{"line":25,"column":4},"end":{"line":25,"column":70}},"10":{"start":{"line":26,"column":4},"end":{"line":26,"column":19}},"11":{"start":{"line":29,"column":4},"end":{"line":31,"column":5}},"12":{"start":{"line":30,"column":6},"end":{"line":30,"column":93}},"13":{"start":{"line":35,"column":21},"end":{"line":35,"column":51}},"14":{"start":{"line":36,"column":2},"end":{"line":58,"column":3}},"15":{"start":{"line":37,"column":16},"end":{"line":44,"column":6}},"16":{"start":{"line":45,"column":20},"end":{"line":45,"column":28}},"17":{"start":{"line":46,"column":4},"end":{"line":46,"column":70}},"18":{"start":{"line":47,"column":4},"end":{"line":47,"column":19}},"19":{"start":{"line":50,"column":4},"end":{"line":57,"column":5}},"20":{"start":{"line":51,"column":19},"end":{"line":51,"column":53}},"21":{"start":{"line":52,"column":22},"end":{"line":52,"column":31}},"22":{"start":{"line":53,"column":6},"end":{"line":53,"column":72}},"23":{"start":{"line":54,"column":6},"end":{"line":54,"column":21}},"24":{"start":{"line":56,"column":6},"end":{"line":56,"column":114}}},"fnMap":{"0":{"name":"resolveTrainerProfile","decl":{"start":{"line":11,"column":22},"end":{"line":11,"column":43}},"loc":{"start":{"line":11,"column":51},"end":{"line":59,"column":1}},"line":11}},"branchMap":{"0":{"loc":{"start":{"line":14,"column":2},"end":{"line":19,"column":3}},"type":"if","locations":[{"start":{"line":14,"column":2},"end":{"line":19,"column":3}},{"start":{},"end":{}}],"line":14},"1":{"loc":{"start":{"line":17,"column":6},"end":{"line":17,"column":63}},"type":"if","locations":[{"start":{"line":17,"column":6},"end":{"line":17,"column":63}},{"start":{},"end":{}}],"line":17},"2":{"loc":{"start":{"line":17,"column":10},"end":{"line":17,"column":47}},"type":"binary-expr","locations":[{"start":{"line":17,"column":10},"end":{"line":17,"column":33}},{"start":{"line":17,"column":37},"end":{"line":17,"column":47}}],"line":17},"3":{"loc":{"start":{"line":29,"column":4},"end":{"line":31,"column":5}},"type":"if","locations":[{"start":{"line":29,"column":4},"end":{"line":31,"column":5}},{"start":{},"end":{}}],"line":29},"4":{"loc":{"start":{"line":30,"column":22},"end":{"line":30,"column":91}},"type":"binary-expr","locations":[{"start":{"line":30,"column":22},"end":{"line":30,"column":54}},{"start":{"line":30,"column":58},"end":{"line":30,"column":91}}],"line":30},"5":{"loc":{"start":{"line":38,"column":24},"end":{"line":38,"column":57}},"type":"binary-expr","locations":[{"start":{"line":38,"column":24},"end":{"line":38,"column":34}},{"start":{"line":38,"column":38},"end":{"line":38,"column":57}}],"line":38},"6":{"loc":{"start":{"line":56,"column":22},"end":{"line":56,"column":112}},"type":"binary-expr","locations":[{"start":{"line":56,"column":22},"end":{"line":56,"column":55}},{"start":{"line":56,"column":59},"end":{"line":56,"column":112}}],"line":56}},"s":{"0":0,"1":0,"2":0,"3":0,"4":0,"5":0,"6":0,"7":0,"8":0,"9":0,"10":0,"11":0,"12":0,"13":0,"14":0,"15":0,"16":0,"17":0,"18":0,"19":0,"20":0,"21":0,"22":0,"23":0,"24":0},"f":{"0":0},"b":{"0":[0,0],"1":[0,0],"2":[0,0],"3":[0,0],"4":[0,0],"5":[0,0],"6":[0,0]}}
,"C:\\Users\\shrey\\Downloads\\GymPro-swagger-fixed\\gympro-frontend\\src\\auth\\ForgotPassword.jsx": {"path":"C:\\Users\\shrey\\Downloads\\GymPro-swagger-fixed\\gympro-frontend\\src\\auth\\ForgotPassword.jsx","statementMap":{"0":{"start":{"line":13,"column":40},"end":{"line":13,"column":51}},"1":{"start":{"line":14,"column":40},"end":{"line":14,"column":52}},"2":{"start":{"line":15,"column":40},"end":{"line":15,"column":74}},"3":{"start":{"line":16,"column":40},"end":{"line":16,"column":52}},"4":{"start":{"line":17,"column":40},"end":{"line":17,"column":52}},"5":{"start":{"line":18,"column":40},"end":{"line":18,"column":55}},"6":{"start":{"line":19,"column":40},"end":{"line":19,"column":55}},"7":{"start":{"line":20,"column":40},"end":{"line":20,"column":52}},"8":{"start":{"line":21,"column":40},"end":{"line":21,"column":52}},"9":{"start":{"line":22,"column":40},"end":{"line":22,"column":51}},"10":{"start":{"line":24,"column":18},"end":{"line":24,"column":28}},"11":{"start":{"line":25,"column":19},"end":{"line":25,"column":32}},"12":{"start":{"line":28,"column":2},"end":{"line":32,"column":20}},"13":{"start":{"line":29,"column":4},"end":{"line":29,"column":33}},"14":{"start":{"line":29,"column":26},"end":{"line":29,"column":33}},"15":{"start":{"line":30,"column":14},"end":{"line":30,"column":64}},"16":{"start":{"line":30,"column":31},"end":{"line":30,"column":57}},"17":{"start":{"line":30,"column":51},"end":{"line":30,"column":56}},"18":{"start":{"line":31,"column":4},"end":{"line":31,"column":33}},"19":{"start":{"line":31,"column":17},"end":{"line":31,"column":32}},"20":{"start":{"line":35,"column":24},"end":{"line":51,"column":3}},"21":{"start":{"line":36,"column":4},"end":{"line":36,"column":23}},"22":{"start":{"line":37,"column":4},"end":{"line":37,"column":17}},"23":{"start":{"line":37,"column":18},"end":{"line":37,"column":35}},"24":{"start":{"line":38,"column":4},"end":{"line":50,"column":5}},"25":{"start":{"line":39,"column":18},"end":{"line":39,"column":57}},"26":{"start":{"line":40,"column":6},"end":{"line":45,"column":7}},"27":{"start":{"line":41,"column":8},"end":{"line":41,"column":19}},"28":{"start":{"line":42,"column":8},"end":{"line":42,"column":27}},"29":{"start":{"line":44,"column":8},"end":{"line":44,"column":35}},"30":{"start":{"line":47,"column":6},"end":{"line":47,"column":87}},"31":{"start":{"line":49,"column":6},"end":{"line":49,"column":24}},"32":{"start":{"line":54,"column":23},"end":{"line":67,"column":3}},"33":{"start":{"line":55,"column":4},"end":{"line":55,"column":32}},"34":{"start":{"line":55,"column":25},"end":{"line":55,"column":32}},"35":{"start":{"line":56,"column":4},"end":{"line":56,"column":17}},"36":{"start":{"line":56,"column":18},"end":{"line":56,"column":35}},"37":{"start":{"line":57,"column":4},"end":{"line":66,"column":5}},"38":{"start":{"line":58,"column":6},"end":{"line":58,"column":46}},"39":{"start":{"line":59,"column":6},"end":{"line":59,"column":39}},"40":{"start":{"line":60,"column":6},"end":{"line":60,"column":25}},"41":{"start":{"line":61,"column":6},"end":{"line":61,"column":34}},"42":{"start":{"line":63,"column":6},"end":{"line":63,"column":40}},"43":{"start":{"line":65,"column":6},"end":{"line":65,"column":24}},"44":{"start":{"line":70,"column":26},"end":{"line":78,"column":3}},"45":{"start":{"line":72,"column":4},"end":{"line":72,"column":45}},"46":{"start":{"line":72,"column":38},"end":{"line":72,"column":45}},"47":{"start":{"line":73,"column":20},"end":{"line":73,"column":28}},"48":{"start":{"line":74,"column":4},"end":{"line":74,"column":27}},"49":{"start":{"line":75,"column":4},"end":{"line":75,"column":20}},"50":{"start":{"line":77,"column":4},"end":{"line":77,"column":64}},"51":{"start":{"line":77,"column":28},"end":{"line":77,"column":64}},"52":{"start":{"line":80,"column":27},"end":{"line":86,"column":3}},"53":{"start":{"line":81,"column":4},"end":{"line":83,"column":5}},"54":{"start":{"line":82,"column":6},"end":{"line":82,"column":42}},"55":{"start":{"line":84,"column":4},"end":{"line":84,"column":80}},"56":{"start":{"line":84,"column":44},"end":{"line":84,"column":80}},"57":{"start":{"line":85,"column":4},"end":{"line":85,"column":81}},"58":{"start":{"line":85,"column":45},"end":{"line":85,"column":81}},"59":{"start":{"line":88,"column":25},"end":{"line":96,"column":3}},"60":{"start":{"line":89,"column":4},"end":{"line":89,"column":23}},"61":{"start":{"line":90,"column":19},"end":{"line":90,"column":81}},"62":{"start":{"line":91,"column":4},"end":{"line":91,"column":24}},"63":{"start":{"line":91,"column":17},"end":{"line":91,"column":24}},"64":{"start":{"line":92,"column":20},"end":{"line":92,"column":28}},"65":{"start":{"line":93,"column":4},"end":{"line":93,"column":62}},"66":{"start":{"line":93,"column":42},"end":{"line":93,"column":58}},"67":{"start":{"line":94,"column":4},"end":{"line":94,"column":20}},"68":{"start":{"line":95,"column":4},"end":{"line":95,"column":57}},"69":{"start":{"line":99,"column":26},"end":{"line":120,"column":3}},"70":{"start":{"line":100,"column":4},"end":{"line":100,"column":23}},"71":{"start":{"line":101,"column":19},"end":{"line":101,"column":31}},"72":{"start":{"line":102,"column":4},"end":{"line":102,"column":78}},"73":{"start":{"line":102,"column":29},"end":{"line":102,"column":68}},"74":{"start":{"line":102,"column":69},"end":{"line":102,"column":76}},"75":{"start":{"line":103,"column":4},"end":{"line":103,"column":17}},"76":{"start":{"line":103,"column":18},"end":{"line":103,"column":35}},"77":{"start":{"line":104,"column":4},"end":{"line":119,"column":5}},"78":{"start":{"line":105,"column":18},"end":{"line":105,"column":65}},"79":{"start":{"line":106,"column":6},"end":{"line":112,"column":7}},"80":{"start":{"line":107,"column":8},"end":{"line":107,"column":19}},"81":{"start":{"line":109,"column":8},"end":{"line":109,"column":71}},"82":{"start":{"line":110,"column":8},"end":{"line":110,"column":41}},"83":{"start":{"line":111,"column":8},"end":{"line":111,"column":36}},"84":{"start":{"line":114,"column":6},"end":{"line":114,"column":74}},"85":{"start":{"line":115,"column":6},"end":{"line":115,"column":39}},"86":{"start":{"line":116,"column":6},"end":{"line":116,"column":34}},"87":{"start":{"line":118,"column":6},"end":{"line":118,"column":24}},"88":{"start":{"line":123,"column":30},"end":{"line":145,"column":3}},"89":{"start":{"line":124,"column":4},"end":{"line":124,"column":23}},"90":{"start":{"line":125,"column":4},"end":{"line":125,"column":96}},"91":{"start":{"line":125,"column":34},"end":{"line":125,"column":86}},"92":{"start":{"line":125,"column":87},"end":{"line":125,"column":94}},"93":{"start":{"line":126,"column":4},"end":{"line":126,"column":85}},"94":{"start":{"line":126,"column":39},"end":{"line":126,"column":75}},"95":{"start":{"line":126,"column":76},"end":{"line":126,"column":83}},"96":{"start":{"line":127,"column":4},"end":{"line":127,"column":17}},"97":{"start":{"line":127,"column":18},"end":{"line":127,"column":35}},"98":{"start":{"line":128,"column":4},"end":{"line":144,"column":5}},"99":{"start":{"line":129,"column":18},"end":{"line":131,"column":8}},"100":{"start":{"line":132,"column":6},"end":{"line":139,"column":7}},"101":{"start":{"line":133,"column":8},"end":{"line":133,"column":73}},"102":{"start":{"line":134,"column":8},"end":{"line":136,"column":18}},"103":{"start":{"line":134,"column":25},"end":{"line":136,"column":10}},"104":{"start":{"line":138,"column":8},"end":{"line":138,"column":72}},"105":{"start":{"line":141,"column":6},"end":{"line":141,"column":72}},"106":{"start":{"line":143,"column":6},"end":{"line":143,"column":24}},"107":{"start":{"line":148,"column":16},"end":{"line":148,"column":61}},"108":{"start":{"line":150,"column":2},"end":{"line":345,"column":4}},"109":{"start":{"line":163,"column":28},"end":{"line":163,"column":33}},"110":{"start":{"line":164,"column":28},"end":{"line":164,"column":40}},"111":{"start":{"line":165,"column":28},"end":{"line":165,"column":38}},"112":{"start":{"line":166,"column":12},"end":{"line":182,"column":14}},"113":{"start":{"line":202,"column":31},"end":{"line":202,"column":55}},"114":{"start":{"line":230,"column":16},"end":{"line":249,"column":18}},"115":{"start":{"line":232,"column":29},"end":{"line":232,"column":52}},"116":{"start":{"line":237,"column":33},"end":{"line":237,"column":67}},"117":{"start":{"line":238,"column":34},"end":{"line":238,"column":56}},"118":{"start":{"line":278,"column":31},"end":{"line":278,"column":42}},"119":{"start":{"line":278,"column":43},"end":{"line":278,"column":76}},"120":{"start":{"line":278,"column":77},"end":{"line":278,"column":90}},"121":{"start":{"line":298,"column":33},"end":{"line":298,"column":63}},"122":{"start":{"line":305,"column":33},"end":{"line":305,"column":53}},"123":{"start":{"line":305,"column":50},"end":{"line":305,"column":52}},"124":{"start":{"line":324,"column":31},"end":{"line":324,"column":61}},"125":{"start":{"line":350,"column":17},"end":{"line":356,"column":3}},"126":{"start":{"line":357,"column":17},"end":{"line":357,"column":46}},"127":{"start":{"line":358,"column":17},"end":{"line":358,"column":79}},"128":{"start":{"line":359,"column":17},"end":{"line":359,"column":109}},"129":{"start":{"line":361,"column":2},"end":{"line":374,"column":4}},"130":{"start":{"line":365,"column":10},"end":{"line":369,"column":15}}},"fnMap":{"0":{"name":"ForgotPassword","decl":{"start":{"line":12,"column":24},"end":{"line":12,"column":38}},"loc":{"start":{"line":12,"column":41},"end":{"line":346,"column":1}},"line":12},"1":{"name":"(anonymous_1)","decl":{"start":{"line":28,"column":12},"end":{"line":28,"column":13}},"loc":{"start":{"line":28,"column":18},"end":{"line":32,"column":3}},"line":28},"2":{"name":"(anonymous_2)","decl":{"start":{"line":30,"column":25},"end":{"line":30,"column":26}},"loc":{"start":{"line":30,"column":31},"end":{"line":30,"column":57}},"line":30},"3":{"name":"(anonymous_3)","decl":{"start":{"line":30,"column":46},"end":{"line":30,"column":47}},"loc":{"start":{"line":30,"column":51},"end":{"line":30,"column":56}},"line":30},"4":{"name":"(anonymous_4)","decl":{"start":{"line":31,"column":11},"end":{"line":31,"column":12}},"loc":{"start":{"line":31,"column":17},"end":{"line":31,"column":32}},"line":31},"5":{"name":"(anonymous_5)","decl":{"start":{"line":35,"column":24},"end":{"line":35,"column":25}},"loc":{"start":{"line":35,"column":37},"end":{"line":51,"column":3}},"line":35},"6":{"name":"(anonymous_6)","decl":{"start":{"line":54,"column":23},"end":{"line":54,"column":24}},"loc":{"start":{"line":54,"column":35},"end":{"line":67,"column":3}},"line":54},"7":{"name":"(anonymous_7)","decl":{"start":{"line":70,"column":26},"end":{"line":70,"column":27}},"loc":{"start":{"line":70,"column":44},"end":{"line":78,"column":3}},"line":70},"8":{"name":"(anonymous_8)","decl":{"start":{"line":80,"column":27},"end":{"line":80,"column":28}},"loc":{"start":{"line":80,"column":41},"end":{"line":86,"column":3}},"line":80},"9":{"name":"(anonymous_9)","decl":{"start":{"line":88,"column":25},"end":{"line":88,"column":26}},"loc":{"start":{"line":88,"column":32},"end":{"line":96,"column":3}},"line":88},"10":{"name":"(anonymous_10)","decl":{"start":{"line":93,"column":29},"end":{"line":93,"column":30}},"loc":{"start":{"line":93,"column":40},"end":{"line":93,"column":60}},"line":93},"11":{"name":"(anonymous_11)","decl":{"start":{"line":99,"column":26},"end":{"line":99,"column":27}},"loc":{"start":{"line":99,"column":39},"end":{"line":120,"column":3}},"line":99},"12":{"name":"(anonymous_12)","decl":{"start":{"line":123,"column":30},"end":{"line":123,"column":31}},"loc":{"start":{"line":123,"column":43},"end":{"line":145,"column":3}},"line":123},"13":{"name":"(anonymous_13)","decl":{"start":{"line":134,"column":19},"end":{"line":134,"column":20}},"loc":{"start":{"line":134,"column":25},"end":{"line":136,"column":10}},"line":134},"14":{"name":"(anonymous_14)","decl":{"start":{"line":162,"column":21},"end":{"line":162,"column":22}},"loc":{"start":{"line":162,"column":35},"end":{"line":183,"column":11}},"line":162},"15":{"name":"(anonymous_15)","decl":{"start":{"line":202,"column":26},"end":{"line":202,"column":27}},"loc":{"start":{"line":202,"column":31},"end":{"line":202,"column":55}},"line":202},"16":{"name":"(anonymous_16)","decl":{"start":{"line":229,"column":23},"end":{"line":229,"column":24}},"loc":{"start":{"line":230,"column":16},"end":{"line":249,"column":18}},"line":230},"17":{"name":"(anonymous_17)","decl":{"start":{"line":232,"column":23},"end":{"line":232,"column":24}},"loc":{"start":{"line":232,"column":29},"end":{"line":232,"column":52}},"line":232},"18":{"name":"(anonymous_18)","decl":{"start":{"line":237,"column":28},"end":{"line":237,"column":29}},"loc":{"start":{"line":237,"column":33},"end":{"line":237,"column":67}},"line":237},"19":{"name":"(anonymous_19)","decl":{"start":{"line":238,"column":29},"end":{"line":238,"column":30}},"loc":{"start":{"line":238,"column":34},"end":{"line":238,"column":56}},"line":238},"20":{"name":"(anonymous_20)","decl":{"start":{"line":278,"column":23},"end":{"line":278,"column":24}},"loc":{"start":{"line":278,"column":29},"end":{"line":278,"column":92}},"line":278},"21":{"name":"(anonymous_21)","decl":{"start":{"line":298,"column":28},"end":{"line":298,"column":29}},"loc":{"start":{"line":298,"column":33},"end":{"line":298,"column":63}},"line":298},"22":{"name":"(anonymous_22)","decl":{"start":{"line":305,"column":27},"end":{"line":305,"column":28}},"loc":{"start":{"line":305,"column":33},"end":{"line":305,"column":53}},"line":305},"23":{"name":"(anonymous_23)","decl":{"start":{"line":305,"column":45},"end":{"line":305,"column":46}},"loc":{"start":{"line":305,"column":50},"end":{"line":305,"column":52}},"line":305},"24":{"name":"(anonymous_24)","decl":{"start":{"line":324,"column":26},"end":{"line":324,"column":27}},"loc":{"start":{"line":324,"column":31},"end":{"line":324,"column":61}},"line":324},"25":{"name":"PasswordStrength","decl":{"start":{"line":349,"column":9},"end":{"line":349,"column":25}},"loc":{"start":{"line":349,"column":40},"end":{"line":375,"column":1}},"line":349},"26":{"name":"(anonymous_26)","decl":{"start":{"line":364,"column":29},"end":{"line":364,"column":30}},"loc":{"start":{"line":365,"column":10},"end":{"line":369,"column":15}},"line":365}},"branchMap":{"0":{"loc":{"start":{"line":29,"column":4},"end":{"line":29,"column":33}},"type":"if","locations":[{"start":{"line":29,"column":4},"end":{"line":29,"column":33}},{"start":{},"end":{}}],"line":29},"1":{"loc":{"start":{"line":40,"column":6},"end":{"line":45,"column":7}},"type":"if","locations":[{"start":{"line":40,"column":6},"end":{"line":45,"column":7}},{"start":{"line":43,"column":13},"end":{"line":45,"column":7}}],"line":40},"2":{"loc":{"start":{"line":47,"column":15},"end":{"line":47,"column":85}},"type":"binary-expr","locations":[{"start":{"line":47,"column":15},"end":{"line":47,"column":42}},{"start":{"line":47,"column":46},"end":{"line":47,"column":85}}],"line":47},"3":{"loc":{"start":{"line":55,"column":4},"end":{"line":55,"column":32}},"type":"if","locations":[{"start":{"line":55,"column":4},"end":{"line":55,"column":32}},{"start":{},"end":{}}],"line":55},"4":{"loc":{"start":{"line":72,"column":4},"end":{"line":72,"column":45}},"type":"if","locations":[{"start":{"line":72,"column":4},"end":{"line":72,"column":45}},{"start":{},"end":{}}],"line":72},"5":{"loc":{"start":{"line":72,"column":8},"end":{"line":72,"column":36}},"type":"binary-expr","locations":[{"start":{"line":72,"column":8},"end":{"line":72,"column":13}},{"start":{"line":72,"column":17},"end":{"line":72,"column":36}}],"line":72},"6":{"loc":{"start":{"line":77,"column":4},"end":{"line":77,"column":64}},"type":"if","locations":[{"start":{"line":77,"column":4},"end":{"line":77,"column":64}},{"start":{},"end":{}}],"line":77},"7":{"loc":{"start":{"line":77,"column":8},"end":{"line":77,"column":26}},"type":"binary-expr","locations":[{"start":{"line":77,"column":8},"end":{"line":77,"column":13}},{"start":{"line":77,"column":17},"end":{"line":77,"column":26}}],"line":77},"8":{"loc":{"start":{"line":81,"column":4},"end":{"line":83,"column":5}},"type":"if","locations":[{"start":{"line":81,"column":4},"end":{"line":83,"column":5}},{"start":{},"end":{}}],"line":81},"9":{"loc":{"start":{"line":81,"column":8},"end":{"line":81,"column":57}},"type":"binary-expr","locations":[{"start":{"line":81,"column":8},"end":{"line":81,"column":29}},{"start":{"line":81,"column":33},"end":{"line":81,"column":44}},{"start":{"line":81,"column":48},"end":{"line":81,"column":57}}],"line":81},"10":{"loc":{"start":{"line":84,"column":4},"end":{"line":84,"column":80}},"type":"if","locations":[{"start":{"line":84,"column":4},"end":{"line":84,"column":80}},{"start":{},"end":{}}],"line":84},"11":{"loc":{"start":{"line":84,"column":8},"end":{"line":84,"column":42}},"type":"binary-expr","locations":[{"start":{"line":84,"column":8},"end":{"line":84,"column":29}},{"start":{"line":84,"column":33},"end":{"line":84,"column":42}}],"line":84},"12":{"loc":{"start":{"line":85,"column":4},"end":{"line":85,"column":81}},"type":"if","locations":[{"start":{"line":85,"column":4},"end":{"line":85,"column":81}},{"start":{},"end":{}}],"line":85},"13":{"loc":{"start":{"line":85,"column":8},"end":{"line":85,"column":43}},"type":"binary-expr","locations":[{"start":{"line":85,"column":8},"end":{"line":85,"column":30}},{"start":{"line":85,"column":34},"end":{"line":85,"column":43}}],"line":85},"14":{"loc":{"start":{"line":91,"column":4},"end":{"line":91,"column":24}},"type":"if","locations":[{"start":{"line":91,"column":4},"end":{"line":91,"column":24}},{"start":{},"end":{}}],"line":91},"15":{"loc":{"start":{"line":102,"column":4},"end":{"line":102,"column":78}},"type":"if","locations":[{"start":{"line":102,"column":4},"end":{"line":102,"column":78}},{"start":{},"end":{}}],"line":102},"16":{"loc":{"start":{"line":106,"column":6},"end":{"line":112,"column":7}},"type":"if","locations":[{"start":{"line":106,"column":6},"end":{"line":112,"column":7}},{"start":{"line":108,"column":13},"end":{"line":112,"column":7}}],"line":106},"17":{"loc":{"start":{"line":109,"column":17},"end":{"line":109,"column":69}},"type":"binary-expr","locations":[{"start":{"line":109,"column":17},"end":{"line":109,"column":33}},{"start":{"line":109,"column":37},"end":{"line":109,"column":69}}],"line":109},"18":{"loc":{"start":{"line":114,"column":15},"end":{"line":114,"column":72}},"type":"binary-expr","locations":[{"start":{"line":114,"column":15},"end":{"line":114,"column":42}},{"start":{"line":114,"column":46},"end":{"line":114,"column":72}}],"line":114},"19":{"loc":{"start":{"line":125,"column":4},"end":{"line":125,"column":96}},"type":"if","locations":[{"start":{"line":125,"column":4},"end":{"line":125,"column":96}},{"start":{},"end":{}}],"line":125},"20":{"loc":{"start":{"line":126,"column":4},"end":{"line":126,"column":85}},"type":"if","locations":[{"start":{"line":126,"column":4},"end":{"line":126,"column":85}},{"start":{},"end":{}}],"line":126},"21":{"loc":{"start":{"line":132,"column":6},"end":{"line":139,"column":7}},"type":"if","locations":[{"start":{"line":132,"column":6},"end":{"line":139,"column":7}},{"start":{"line":137,"column":13},"end":{"line":139,"column":7}}],"line":132},"22":{"loc":{"start":{"line":138,"column":17},"end":{"line":138,"column":70}},"type":"binary-expr","locations":[{"start":{"line":138,"column":17},"end":{"line":138,"column":33}},{"start":{"line":138,"column":37},"end":{"line":138,"column":70}}],"line":138},"23":{"loc":{"start":{"line":141,"column":15},"end":{"line":141,"column":70}},"type":"binary-expr","locations":[{"start":{"line":141,"column":15},"end":{"line":141,"column":42}},{"start":{"line":141,"column":46},"end":{"line":141,"column":70}}],"line":141},"24":{"loc":{"start":{"line":172,"column":30},"end":{"line":172,"column":93}},"type":"cond-expr","locations":[{"start":{"line":172,"column":37},"end":{"line":172,"column":51}},{"start":{"line":172,"column":54},"end":{"line":172,"column":93}}],"line":172},"25":{"loc":{"start":{"line":172,"column":54},"end":{"line":172,"column":93}},"type":"cond-expr","locations":[{"start":{"line":172,"column":63},"end":{"line":172,"column":78}},{"start":{"line":172,"column":81},"end":{"line":172,"column":93}}],"line":172},"26":{"loc":{"start":{"line":173,"column":25},"end":{"line":173,"column":65}},"type":"cond-expr","locations":[{"start":{"line":173,"column":42},"end":{"line":173,"column":48}},{"start":{"line":173,"column":51},"end":{"line":173,"column":65}}],"line":173},"27":{"loc":{"start":{"line":173,"column":25},"end":{"line":173,"column":39}},"type":"binary-expr","locations":[{"start":{"line":173,"column":25},"end":{"line":173,"column":29}},{"start":{"line":173,"column":33},"end":{"line":173,"column":39}}],"line":173},"28":{"loc":{"start":{"line":176,"column":19},"end":{"line":176,"column":35}},"type":"cond-expr","locations":[{"start":{"line":176,"column":26},"end":{"line":176,"column":29}},{"start":{"line":176,"column":32},"end":{"line":176,"column":35}}],"line":176},"29":{"loc":{"start":{"line":178,"column":51},"end":{"line":178,"column":116}},"type":"cond-expr","locations":[{"start":{"line":178,"column":60},"end":{"line":178,"column":75}},{"start":{"line":178,"column":78},"end":{"line":178,"column":116}}],"line":178},"30":{"loc":{"start":{"line":178,"column":78},"end":{"line":178,"column":116}},"type":"cond-expr","locations":[{"start":{"line":178,"column":85},"end":{"line":178,"column":99}},{"start":{"line":178,"column":102},"end":{"line":178,"column":116}}],"line":178},"31":{"loc":{"start":{"line":187,"column":9},"end":{"line":187,"column":99}},"type":"binary-expr","locations":[{"start":{"line":187,"column":9},"end":{"line":187,"column":14}},{"start":{"line":187,"column":20},"end":{"line":187,"column":99}}],"line":187},"32":{"loc":{"start":{"line":188,"column":9},"end":{"line":188,"column":103}},"type":"binary-expr","locations":[{"start":{"line":188,"column":9},"end":{"line":188,"column":16}},{"start":{"line":188,"column":20},"end":{"line":188,"column":103}}],"line":188},"33":{"loc":{"start":{"line":191,"column":9},"end":{"line":212,"column":9}},"type":"binary-expr","locations":[{"start":{"line":191,"column":9},"end":{"line":191,"column":19}},{"start":{"line":192,"column":10},"end":{"line":211,"column":17}}],"line":191},"34":{"loc":{"start":{"line":207,"column":15},"end":{"line":209,"column":28}},"type":"cond-expr","locations":[{"start":{"line":208,"column":18},"end":{"line":208,"column":148}},{"start":{"line":209,"column":18},"end":{"line":209,"column":28}}],"line":207},"35":{"loc":{"start":{"line":215,"column":9},"end":{"line":284,"column":9}},"type":"binary-expr","locations":[{"start":{"line":215,"column":9},"end":{"line":215,"column":19}},{"start":{"line":216,"column":10},"end":{"line":283,"column":17}}],"line":215},"36":{"loc":{"start":{"line":239,"column":27},"end":{"line":239,"column":63}},"type":"cond-expr","locations":[{"start":{"line":239,"column":37},"end":{"line":239,"column":51}},{"start":{"line":239,"column":54},"end":{"line":239,"column":63}}],"line":239},"37":{"loc":{"start":{"line":243,"column":32},"end":{"line":243,"column":76}},"type":"cond-expr","locations":[{"start":{"line":243,"column":40},"end":{"line":243,"column":61}},{"start":{"line":243,"column":64},"end":{"line":243,"column":76}}],"line":243},"38":{"loc":{"start":{"line":244,"column":41},"end":{"line":244,"column":83}},"type":"cond-expr","locations":[{"start":{"line":244,"column":49},"end":{"line":244,"column":64}},{"start":{"line":244,"column":67},"end":{"line":244,"column":83}}],"line":244},"39":{"loc":{"start":{"line":254,"column":15},"end":{"line":256,"column":30}},"type":"cond-expr","locations":[{"start":{"line":255,"column":18},"end":{"line":255,"column":146}},{"start":{"line":256,"column":18},"end":{"line":256,"column":30}}],"line":254},"40":{"loc":{"start":{"line":262,"column":15},"end":{"line":273,"column":15}},"type":"cond-expr","locations":[{"start":{"line":263,"column":16},"end":{"line":263,"column":118}},{"start":{"line":265,"column":16},"end":{"line":272,"column":25}}],"line":262},"41":{"loc":{"start":{"line":271,"column":19},"end":{"line":271,"column":54}},"type":"cond-expr","locations":[{"start":{"line":271,"column":29},"end":{"line":271,"column":39}},{"start":{"line":271,"column":42},"end":{"line":271,"column":54}}],"line":271},"42":{"loc":{"start":{"line":287,"column":9},"end":{"line":338,"column":9}},"type":"binary-expr","locations":[{"start":{"line":287,"column":9},"end":{"line":287,"column":19}},{"start":{"line":288,"column":10},"end":{"line":337,"column":17}}],"line":287},"43":{"loc":{"start":{"line":296,"column":24},"end":{"line":296,"column":54}},"type":"cond-expr","locations":[{"start":{"line":296,"column":35},"end":{"line":296,"column":41}},{"start":{"line":296,"column":44},"end":{"line":296,"column":54}}],"line":296},"44":{"loc":{"start":{"line":312,"column":19},"end":{"line":312,"column":41}},"type":"cond-expr","locations":[{"start":{"line":312,"column":30},"end":{"line":312,"column":34}},{"start":{"line":312,"column":37},"end":{"line":312,"column":41}}],"line":312},"45":{"loc":{"start":{"line":315,"column":15},"end":{"line":317,"column":15}},"type":"binary-expr","locations":[{"start":{"line":315,"column":15},"end":{"line":315,"column":26}},{"start":{"line":316,"column":16},"end":{"line":316,"column":59}}],"line":315},"46":{"loc":{"start":{"line":322,"column":22},"end":{"line":322,"column":52}},"type":"cond-expr","locations":[{"start":{"line":322,"column":33},"end":{"line":322,"column":39}},{"start":{"line":322,"column":42},"end":{"line":322,"column":52}}],"line":322},"47":{"loc":{"start":{"line":328,"column":15},"end":{"line":330,"column":15}},"type":"binary-expr","locations":[{"start":{"line":328,"column":15},"end":{"line":328,"column":26}},{"start":{"line":328,"column":30},"end":{"line":328,"column":57}},{"start":{"line":329,"column":16},"end":{"line":329,"column":109}}],"line":328},"48":{"loc":{"start":{"line":332,"column":68},"end":{"line":332,"column":156}},"type":"binary-expr","locations":[{"start":{"line":332,"column":68},"end":{"line":332,"column":75}},{"start":{"line":332,"column":79},"end":{"line":332,"column":97}},{"start":{"line":332,"column":102},"end":{"line":332,"column":129}},{"start":{"line":332,"column":133},"end":{"line":332,"column":155}}],"line":332},"49":{"loc":{"start":{"line":333,"column":15},"end":{"line":335,"column":34}},"type":"cond-expr","locations":[{"start":{"line":334,"column":18},"end":{"line":334,"column":146}},{"start":{"line":335,"column":18},"end":{"line":335,"column":34}}],"line":333},"50":{"loc":{"start":{"line":367,"column":24},"end":{"line":367,"column":69}},"type":"cond-expr","locations":[{"start":{"line":367,"column":37},"end":{"line":367,"column":50}},{"start":{"line":367,"column":53},"end":{"line":367,"column":69}}],"line":367}},"s":{"0":484,"1":483,"2":483,"3":483,"4":483,"5":483,"6":483,"7":483,"8":483,"9":483,"10":483,"11":483,"12":483,"13":43,"14":25,"15":18,"16":1,"17":0,"18":18,"19":18,"20":483,"21":21,"22":21,"23":21,"24":21,"25":21,"26":19,"27":18,"28":18,"29":1,"30":2,"31":21,"32":483,"33":0,"34":0,"35":0,"36":0,"37":0,"38":0,"39":0,"40":0,"41":0,"42":0,"43":0,"44":483,"45":63,"46":0,"47":63,"48":63,"49":63,"50":63,"51":53,"52":483,"53":63,"54":0,"55":63,"56":0,"57":63,"58":0,"59":483,"60":0,"61":0,"62":0,"63":0,"64":0,"65":0,"66":0,"67":0,"68":0,"69":483,"70":11,"71":11,"72":11,"73":1,"74":1,"75":10,"76":10,"77":10,"78":10,"79":9,"80":9,"81":0,"82":0,"83":0,"84":1,"85":1,"86":1,"87":10,"88":483,"89":4,"90":4,"91":1,"92":1,"93":3,"94":1,"95":1,"96":2,"97":2,"98":2,"99":2,"100":1,"101":1,"102":1,"103":1,"104":0,"105":1,"106":2,"107":483,"108":483,"109":1449,"110":1449,"111":1449,"112":1449,"113":253,"114":558,"115":1116,"116":63,"117":63,"118":1,"119":1,"120":1,"121":38,"122":0,"123":0,"124":34,"125":78,"126":78,"127":78,"128":78,"129":78,"130":390},"f":{"0":484,"1":43,"2":1,"3":0,"4":18,"5":21,"6":0,"7":63,"8":63,"9":0,"10":0,"11":11,"12":4,"13":1,"14":1449,"15":253,"16":558,"17":1116,"18":63,"19":63,"20":1,"21":38,"22":0,"23":0,"24":34,"25":78,"26":390},"b":{"0":[25,18],"1":[18,1],"2":[2,1],"3":[0,0],"4":[0,63],"5":[63,63],"6":[53,10],"7":[63,63],"8":[0,63],"9":[63,0,0],"10":[0,63],"11":[63,0],"12":[0,63],"13":[63,0],"14":[0,0],"15":[1,10],"16":[9,0],"17":[0,0],"18":[1,0],"19":[1,3],"20":[1,2],"21":[1,0],"22":[0,0],"23":[1,0],"24":[267,1182],"25":[483,699],"26":[750,699],"27":[1449,1182],"28":[267,1182],"29":[483,966],"30":[267,699],"31":[483,8],"32":[483,1],"33":[483,303],"34":[21,282],"35":[483,93],"36":[93,465],"37":[279,279],"38":[279,279],"39":[10,83],"40":[93,0],"41":[0,0],"42":[483,87],"43":[0,87],"44":[0,87],"45":[87,78],"46":[0,87],"47":[87,40,32],"48":[87,85,1,1],"49":[2,85],"50":[126,264]},"_coverageSchema":"1a1c01bbd47fc00a2c39e90264f33305004495a9","hash":"154ca9fe57ae2f7cd26ec6c39fe106327bfd9ebb"}
,"C:\\Users\\shrey\\Downloads\\GymPro-swagger-fixed\\gympro-frontend\\src\\auth\\Login.jsx": {"path":"C:\\Users\\shrey\\Downloads\\GymPro-swagger-fixed\\gympro-frontend\\src\\auth\\Login.jsx","statementMap":{"0":{"start":{"line":10,"column":19},"end":{"line":10,"column":32}},"1":{"start":{"line":11,"column":22},"end":{"line":11,"column":59}},"2":{"start":{"line":12,"column":22},"end":{"line":12,"column":54}},"3":{"start":{"line":14,"column":34},"end":{"line":14,"column":53}},"4":{"start":{"line":15,"column":34},"end":{"line":15,"column":46}},"5":{"start":{"line":16,"column":34},"end":{"line":16,"column":46}},"6":{"start":{"line":17,"column":34},"end":{"line":17,"column":49}},"7":{"start":{"line":19,"column":20},"end":{"line":19,"column":29}},"8":{"start":{"line":20,"column":20},"end":{"line":20,"column":33}},"9":{"start":{"line":22,"column":22},"end":{"line":38,"column":3}},"10":{"start":{"line":23,"column":4},"end":{"line":23,"column":23}},"11":{"start":{"line":24,"column":4},"end":{"line":24,"column":17}},"12":{"start":{"line":24,"column":18},"end":{"line":24,"column":35}},"13":{"start":{"line":25,"column":4},"end":{"line":37,"column":5}},"14":{"start":{"line":26,"column":18},"end":{"line":26,"column":58}},"15":{"start":{"line":28,"column":71},"end":{"line":28,"column":79}},"16":{"start":{"line":29,"column":6},"end":{"line":29,"column":63}},"17":{"start":{"line":30,"column":6},"end":{"line":32,"column":55}},"18":{"start":{"line":30,"column":35},"end":{"line":30,"column":54}},"19":{"start":{"line":31,"column":11},"end":{"line":32,"column":55}},"20":{"start":{"line":31,"column":35},"end":{"line":31,"column":56}},"21":{"start":{"line":32,"column":35},"end":{"line":32,"column":55}},"22":{"start":{"line":34,"column":6},"end":{"line":34,"column":75}},"23":{"start":{"line":36,"column":6},"end":{"line":36,"column":24}},"24":{"start":{"line":40,"column":2},"end":{"line":92,"column":4}},"25":{"start":{"line":59,"column":31},"end":{"line":59,"column":55}},"26":{"start":{"line":68,"column":31},"end":{"line":68,"column":58}}},"fnMap":{"0":{"name":"Login","decl":{"start":{"line":9,"column":24},"end":{"line":9,"column":29}},"loc":{"start":{"line":9,"column":32},"end":{"line":93,"column":1}},"line":9},"1":{"name":"(anonymous_1)","decl":{"start":{"line":22,"column":22},"end":{"line":22,"column":23}},"loc":{"start":{"line":22,"column":35},"end":{"line":38,"column":3}},"line":22},"2":{"name":"(anonymous_2)","decl":{"start":{"line":59,"column":24},"end":{"line":59,"column":25}},"loc":{"start":{"line":59,"column":31},"end":{"line":59,"column":55}},"line":59},"3":{"name":"(anonymous_3)","decl":{"start":{"line":68,"column":24},"end":{"line":68,"column":25}},"loc":{"start":{"line":68,"column":31},"end":{"line":68,"column":58}},"line":68}},"branchMap":{"0":{"loc":{"start":{"line":11,"column":22},"end":{"line":11,"column":59}},"type":"binary-expr","locations":[{"start":{"line":11,"column":22},"end":{"line":11,"column":53}},{"start":{"line":11,"column":57},"end":{"line":11,"column":59}}],"line":11},"1":{"loc":{"start":{"line":12,"column":22},"end":{"line":12,"column":54}},"type":"binary-expr","locations":[{"start":{"line":12,"column":22},"end":{"line":12,"column":48}},{"start":{"line":12,"column":52},"end":{"line":12,"column":54}}],"line":12},"2":{"loc":{"start":{"line":29,"column":25},"end":{"line":29,"column":43}},"type":"binary-expr","locations":[{"start":{"line":29,"column":25},"end":{"line":29,"column":34}},{"start":{"line":29,"column":38},"end":{"line":29,"column":43}}],"line":29},"3":{"loc":{"start":{"line":30,"column":6},"end":{"line":32,"column":55}},"type":"if","locations":[{"start":{"line":30,"column":6},"end":{"line":32,"column":55}},{"start":{"line":31,"column":11},"end":{"line":32,"column":55}}],"line":30},"4":{"loc":{"start":{"line":31,"column":11},"end":{"line":32,"column":55}},"type":"if","locations":[{"start":{"line":31,"column":11},"end":{"line":32,"column":55}},{"start":{"line":32,"column":35},"end":{"line":32,"column":55}}],"line":31},"5":{"loc":{"start":{"line":34,"column":15},"end":{"line":34,"column":73}},"type":"binary-expr","locations":[{"start":{"line":34,"column":15},"end":{"line":34,"column":42}},{"start":{"line":34,"column":46},"end":{"line":34,"column":73}}],"line":34},"6":{"loc":{"start":{"line":50,"column":11},"end":{"line":52,"column":11}},"type":"binary-expr","locations":[{"start":{"line":50,"column":11},"end":{"line":50,"column":22}},{"start":{"line":50,"column":26},"end":{"line":50,"column":32}},{"start":{"line":51,"column":12},"end":{"line":51,"column":70}}],"line":50},"7":{"loc":{"start":{"line":53,"column":11},"end":{"line":53,"column":68}},"type":"binary-expr","locations":[{"start":{"line":53,"column":11},"end":{"line":53,"column":16}},{"start":{"line":53,"column":20},"end":{"line":53,"column":68}}],"line":53},"8":{"loc":{"start":{"line":74,"column":13},"end":{"line":78,"column":25}},"type":"cond-expr","locations":[{"start":{"line":75,"column":16},"end":{"line":77,"column":23}},{"start":{"line":78,"column":16},"end":{"line":78,"column":25}}],"line":74}},"s":{"0":101,"1":101,"2":101,"3":101,"4":101,"5":101,"6":101,"7":101,"8":101,"9":101,"10":4,"11":4,"12":4,"13":4,"14":4,"15":3,"16":3,"17":3,"18":1,"19":2,"20":1,"21":1,"22":1,"23":4,"24":101,"25":55,"26":32},"f":{"0":101,"1":4,"2":55,"3":32},"b":{"0":[101,101],"1":[101,101],"2":[3,0],"3":[1,2],"4":[1,1],"5":[1,0],"6":[101,0,0],"7":[101,1],"8":[4,97]},"_coverageSchema":"1a1c01bbd47fc00a2c39e90264f33305004495a9","hash":"8d076becdc8895e22f6279586300c167d41999ab"}
,"C:\\Users\\shrey\\Downloads\\GymPro-swagger-fixed\\gympro-frontend\\src\\auth\\Register.jsx": {"path":"C:\\Users\\shrey\\Downloads\\GymPro-swagger-fixed\\gympro-frontend\\src\\auth\\Register.jsx","statementMap":{"0":{"start":{"line":11,"column":32},"end":{"line":11,"column":95}},"1":{"start":{"line":12,"column":32},"end":{"line":12,"column":44}},"2":{"start":{"line":13,"column":32},"end":{"line":13,"column":44}},"3":{"start":{"line":14,"column":32},"end":{"line":14,"column":47}},"4":{"start":{"line":16,"column":19},"end":{"line":16,"column":32}},"5":{"start":{"line":17,"column":14},"end":{"line":17,"column":69}},"6":{"start":{"line":17,"column":21},"end":{"line":17,"column":69}},"7":{"start":{"line":17,"column":28},"end":{"line":17,"column":69}},"8":{"start":{"line":19,"column":25},"end":{"line":40,"column":3}},"9":{"start":{"line":20,"column":4},"end":{"line":20,"column":23}},"10":{"start":{"line":21,"column":4},"end":{"line":21,"column":17}},"11":{"start":{"line":21,"column":18},"end":{"line":21,"column":33}},"12":{"start":{"line":21,"column":34},"end":{"line":21,"column":51}},"13":{"start":{"line":22,"column":4},"end":{"line":39,"column":5}},"14":{"start":{"line":23,"column":18},"end":{"line":23,"column":46}},"15":{"start":{"line":26,"column":18},"end":{"line":26,"column":81}},"16":{"start":{"line":27,"column":6},"end":{"line":27,"column":22}},"17":{"start":{"line":31,"column":6},"end":{"line":33,"column":15}},"18":{"start":{"line":32,"column":8},"end":{"line":32,"column":88}},"19":{"start":{"line":36,"column":6},"end":{"line":36,"column":81}},"20":{"start":{"line":38,"column":6},"end":{"line":38,"column":24}},"21":{"start":{"line":42,"column":2},"end":{"line":112,"column":4}}},"fnMap":{"0":{"name":"Register","decl":{"start":{"line":10,"column":24},"end":{"line":10,"column":32}},"loc":{"start":{"line":10,"column":35},"end":{"line":113,"column":1}},"line":10},"1":{"name":"(anonymous_1)","decl":{"start":{"line":17,"column":14},"end":{"line":17,"column":15}},"loc":{"start":{"line":17,"column":21},"end":{"line":17,"column":69}},"line":17},"2":{"name":"(anonymous_2)","decl":{"start":{"line":17,"column":21},"end":{"line":17,"column":22}},"loc":{"start":{"line":17,"column":28},"end":{"line":17,"column":69}},"line":17},"3":{"name":"(anonymous_3)","decl":{"start":{"line":19,"column":25},"end":{"line":19,"column":26}},"loc":{"start":{"line":19,"column":38},"end":{"line":40,"column":3}},"line":19},"4":{"name":"(anonymous_4)","decl":{"start":{"line":31,"column":17},"end":{"line":31,"column":18}},"loc":{"start":{"line":31,"column":23},"end":{"line":33,"column":7}},"line":31}},"branchMap":{"0":{"loc":{"start":{"line":26,"column":18},"end":{"line":26,"column":81}},"type":"binary-expr","locations":[{"start":{"line":26,"column":18},"end":{"line":26,"column":35}},{"start":{"line":26,"column":39},"end":{"line":26,"column":81}}],"line":26},"1":{"loc":{"start":{"line":36,"column":15},"end":{"line":36,"column":79}},"type":"binary-expr","locations":[{"start":{"line":36,"column":15},"end":{"line":36,"column":42}},{"start":{"line":36,"column":46},"end":{"line":36,"column":79}}],"line":36},"2":{"loc":{"start":{"line":52,"column":11},"end":{"line":52,"column":70}},"type":"binary-expr","locations":[{"start":{"line":52,"column":11},"end":{"line":52,"column":16}},{"start":{"line":52,"column":22},"end":{"line":52,"column":70}}],"line":52},"3":{"loc":{"start":{"line":53,"column":11},"end":{"line":58,"column":11}},"type":"binary-expr","locations":[{"start":{"line":53,"column":11},"end":{"line":53,"column":18}},{"start":{"line":54,"column":12},"end":{"line":57,"column":18}}],"line":53},"4":{"loc":{"start":{"line":93,"column":66},"end":{"line":93,"column":86}},"type":"binary-expr","locations":[{"start":{"line":93,"column":66},"end":{"line":93,"column":73}},{"start":{"line":93,"column":77},"end":{"line":93,"column":86}}],"line":93},"5":{"loc":{"start":{"line":94,"column":13},"end":{"line":102,"column":32}},"type":"cond-expr","locations":[{"start":{"line":95,"column":16},"end":{"line":97,"column":23}},{"start":{"line":98,"column":16},"end":{"line":102,"column":32}}],"line":94},"6":{"loc":{"start":{"line":98,"column":16},"end":{"line":102,"column":32}},"type":"cond-expr","locations":[{"start":{"line":99,"column":16},"end":{"line":101,"column":23}},{"start":{"line":102,"column":16},"end":{"line":102,"column":32}}],"line":98}},"s":{"0":57,"1":57,"2":57,"3":57,"4":57,"5":57,"6":228,"7":47,"8":57,"9":2,"10":2,"11":2,"12":2,"13":2,"14":2,"15":1,"16":1,"17":1,"18":0,"19":1,"20":2,"21":57},"f":{"0":57,"1":228,"2":47,"3":2,"4":0},"b":{"0":[1,0],"1":[1,0],"2":[57,1],"3":[57,1],"4":[57,55],"5":[2,55],"6":[1,54]},"_coverageSchema":"1a1c01bbd47fc00a2c39e90264f33305004495a9","hash":"5e71da9354273ab4a39e4ee37845b1af1fb1708b"}
,"C:\\Users\\shrey\\Downloads\\GymPro-swagger-fixed\\gympro-frontend\\src\\components\\ChatbotWidget.jsx": {"path":"C:\\Users\\shrey\\Downloads\\GymPro-swagger-fixed\\gympro-frontend\\src\\components\\ChatbotWidget.jsx","statementMap":{"0":{"start":{"line":11,"column":20},"end":{"line":15,"column":1}},"1":{"start":{"line":17,"column":20},"end":{"line":17,"column":22}},"2":{"start":{"line":21,"column":2},"end":{"line":21,"column":87}},"3":{"start":{"line":26,"column":26},"end":{"line":26,"column":35}},"4":{"start":{"line":29,"column":36},"end":{"line":29,"column":51}},"5":{"start":{"line":30,"column":36},"end":{"line":30,"column":59}},"6":{"start":{"line":31,"column":36},"end":{"line":31,"column":48}},"7":{"start":{"line":32,"column":36},"end":{"line":32,"column":51}},"8":{"start":{"line":33,"column":36},"end":{"line":33,"column":50}},"9":{"start":{"line":34,"column":36},"end":{"line":34,"column":50}},"10":{"start":{"line":35,"column":36},"end":{"line":35,"column":50}},"11":{"start":{"line":37,"column":26},"end":{"line":37,"column":38}},"12":{"start":{"line":38,"column":26},"end":{"line":38,"column":38}},"13":{"start":{"line":39,"column":26},"end":{"line":39,"column":39}},"14":{"start":{"line":40,"column":26},"end":{"line":40,"column":38}},"15":{"start":{"line":43,"column":2},"end":{"line":45,"column":26}},"16":{"start":{"line":44,"column":4},"end":{"line":44,"column":67}},"17":{"start":{"line":48,"column":2},"end":{"line":53,"column":13}},"18":{"start":{"line":49,"column":4},"end":{"line":52,"column":5}},"19":{"start":{"line":50,"column":17},"end":{"line":50,"column":64}},"20":{"start":{"line":50,"column":34},"end":{"line":50,"column":59}},"21":{"start":{"line":51,"column":6},"end":{"line":51,"column":36}},"22":{"start":{"line":51,"column":19},"end":{"line":51,"column":35}},"23":{"start":{"line":56,"column":2},"end":{"line":58,"column":9}},"24":{"start":{"line":57,"column":4},"end":{"line":57,"column":43}},"25":{"start":{"line":57,"column":17},"end":{"line":57,"column":42}},"26":{"start":{"line":61,"column":22},"end":{"line":64,"column":3}},"27":{"start":{"line":62,"column":4},"end":{"line":62,"column":19}},"28":{"start":{"line":63,"column":4},"end":{"line":63,"column":19}},"29":{"start":{"line":66,"column":21},"end":{"line":66,"column":45}},"30":{"start":{"line":66,"column":27},"end":{"line":66,"column":45}},"31":{"start":{"line":66,"column":42},"end":{"line":66,"column":44}},"32":{"start":{"line":68,"column":17},"end":{"line":148,"column":3}},"33":{"start":{"line":70,"column":22},"end":{"line":70,"column":34}},"34":{"start":{"line":71,"column":6},"end":{"line":71,"column":27}},"35":{"start":{"line":71,"column":20},"end":{"line":71,"column":27}},"36":{"start":{"line":74,"column":6},"end":{"line":74,"column":37}},"37":{"start":{"line":74,"column":30},"end":{"line":74,"column":37}},"38":{"start":{"line":75,"column":6},"end":{"line":75,"column":32}},"39":{"start":{"line":77,"column":6},"end":{"line":77,"column":21}},"40":{"start":{"line":78,"column":6},"end":{"line":78,"column":25}},"41":{"start":{"line":80,"column":22},"end":{"line":80,"column":76}},"42":{"start":{"line":81,"column":6},"end":{"line":85,"column":9}},"43":{"start":{"line":82,"column":21},"end":{"line":82,"column":39}},"44":{"start":{"line":84,"column":8},"end":{"line":84,"column":88}},"45":{"start":{"line":86,"column":6},"end":{"line":86,"column":19}},"46":{"start":{"line":87,"column":6},"end":{"line":87,"column":23}},"47":{"start":{"line":90,"column":25},"end":{"line":90,"column":46}},"48":{"start":{"line":91,"column":6},"end":{"line":91,"column":36}},"49":{"start":{"line":92,"column":24},"end":{"line":92,"column":68}},"50":{"start":{"line":92,"column":41},"end"
[...]
olumn":74}},"line":225},"29":{"name":"(anonymous_29)","decl":{"start":{"line":226,"column":36},"end":{"line":226,"column":37}},"loc":{"start":{"line":226,"column":47},"end":{"line":226,"column":74}},"line":226},"30":{"name":"(anonymous_30)","decl":{"start":{"line":227,"column":36},"end":{"line":227,"column":37}},"loc":{"start":{"line":227,"column":47},"end":{"line":227,"column":78}},"line":227},"31":{"name":"(anonymous_31)","decl":{"start":{"line":228,"column":36},"end":{"line":228,"column":37}},"loc":{"start":{"line":228,"column":47},"end":{"line":228,"column":79}},"line":228}},"branchMap":{"0":{"loc":{"start":{"line":16,"column":19},"end":{"line":16,"column":27}},"type":"default-arg","locations":[{"start":{"line":16,"column":26},"end":{"line":16,"column":27}}],"line":16},"1":{"loc":{"start":{"line":16,"column":29},"end":{"line":16,"column":38}},"type":"default-arg","locations":[{"start":{"line":16,"column":36},"end":{"line":16,"column":38}}],"line":16},"2":{"loc":{"start":{"line":21,"column":29},"end":{"line":21,"column":62}},"type":"binary-expr","locations":[{"start":{"line":21,"column":29},"end":{"line":21,"column":47}},{"start":{"line":21,"column":51},"end":{"line":21,"column":62}}],"line":21},"3":{"loc":{"start":{"line":35,"column":13},"end":{"line":35,"column":32}},"type":"binary-expr","locations":[{"start":{"line":35,"column":13},"end":{"line":35,"column":27}},{"start":{"line":35,"column":31},"end":{"line":35,"column":32}}],"line":35},"4":{"loc":{"start":{"line":127,"column":6},"end":{"line":131,"column":7}},"type":"if","locations":[{"start":{"line":127,"column":6},"end":{"line":131,"column":7}},{"start":{},"end":{}}],"line":127},"5":{"loc":{"start":{"line":130,"column":8},"end":{"line":130,"column":53}},"type":"if","locations":[{"start":{"line":130,"column":8},"end":{"line":130,"column":53}},{"start":{},"end":{}}],"line":130},"6":{"loc":{"start":{"line":155,"column":8},"end":{"line":163,"column":9}},"type":"if","locations":[{"start":{"line":155,"column":8},"end":{"line":163,"column":9}},{"start":{"line":158,"column":15},"end":{"line":163,"column":9}}],"line":155},"7":{"loc":{"start":{"line":157,"column":24},"end":{"line":157,"column":48}},"type":"binary-expr","locations":[{"start":{"line":157,"column":24},"end":{"line":157,"column":42}},{"start":{"line":157,"column":46},"end":{"line":157,"column":48}}],"line":157},"8":{"loc":{"start":{"line":161,"column":28},"end":{"line":161,"column":52}},"type":"binary-expr","locations":[{"start":{"line":161,"column":28},"end":{"line":161,"column":46}},{"start":{"line":161,"column":50},"end":{"line":161,"column":52}}],"line":161},"9":{"loc":{"start":{"line":164,"column":31},"end":{"line":164,"column":73}},"type":"binary-expr","locations":[{"start":{"line":164,"column":31},"end":{"line":164,"column":49}},{"start":{"line":164,"column":54},"end":{"line":164,"column":73}}],"line":164},"10":{"loc":{"start":{"line":165,"column":31},"end":{"line":165,"column":70}},"type":"binary-expr","locations":[{"start":{"line":165,"column":31},"end":{"line":165,"column":46}},{"start":{"line":165,"column":54},"end":{"line":165,"column":70}}],"line":165},"11":{"loc":{"start":{"line":166,"column":31},"end":{"line":166,"column":55}},"type":"binary-expr","locations":[{"start":{"line":166,"column":31},"end":{"line":166,"column":47}},{"start":{"line":166,"column":54},"end":{"line":166,"column":55}}],"line":166},"12":{"loc":{"start":{"line":167,"column":31},"end":{"line":167,"column":59}},"type":"binary-expr","locations":[{"start":{"line":167,"column":31},"end":{"line":167,"column":43}},{"start":{"line":167,"column":54},"end":{"line":167,"column":59}}],"line":167},"13":{"loc":{"start":{"line":168,"column":31},"end":{"line":168,"column":71}},"type":"binary-expr","locations":[{"start":{"line":168,"column":31},"end":{"line":168,"column":47}},{"start":{"line":168,"column":54},"end":{"line":168,"column":71}}],"line":168},"14":{"loc":{"start":{"line":185,"column":6},"end":{"line":188,"column":7}},"type":"if","locations":[{"start":{"line":185,"column":6},"end":{"line":188,"column":7}},{"start":{},"end":{}}],"line":185},"15":{"loc":{"start":{"line":185,"column":10},"end":{"line":185,"column":30}},"type":"binary-expr","locations":[{"start":{"line":185,"column":10},"end":{"line":185,"column":14}},{"start":{"line":185,"column":18},"end":{"line":185,"column":30}}],"line":185},"16":{"loc":{"start":{"line":201,"column":6},"end":{"line":201,"column":87}},"type":"if","locations":[{"start":{"line":201,"column":6},"end":{"line":201,"column":87}},{"start":{},"end":{}}],"line":201},"17":{"loc":{"start":{"line":201,"column":10},"end":{"line":201,"column":30}},"type":"binary-expr","locations":[{"start":{"line":201,"column":10},"end":{"line":201,"column":14}},{"start":{"line":201,"column":18},"end":{"line":201,"column":30}}],"line":201}},"s":{"0":0,"1":0,"2":0,"3":0,"4":0,"5":0,"6":0,"7":0,"8":0,"9":0,"10":0,"11":0,"12":0,"13":0,"14":0,"15":0,"16":0,"17":0,"18":0,"19":0,"20":0,"21":0,"22":0,"23":0,"24":0,"25":0,"26":0,"27":0,"28":0,"29":0,"30":0,"31":0,"32":0,"33":0,"34":0,"35":0,"36":0,"37":0,"38":0,"39":0,"40":0,"41":0,"42":0,"43":0,"44":0,"45":0,"46":0,"47":0,"48":0,"49":0,"50":0,"51":0,"52":0,"53":0,"54":0,"55":0,"56":0,"57":0,"58":0,"59":0,"60":0,"61":0,"62":0,"63":0,"64":0,"65":0,"66":0,"67":0,"68":0,"69":0,"70":0,"71":0,"72":0,"73":0,"74":0,"75":0,"76":0,"77":0,"78":0,"79":0,"80":0,"81":0,"82":0,"83":0,"84":0,"85":0,"86":0,"87":0,"88":0,"89":0,"90":0,"91":0,"92":0,"93":0,"94":0,"95":0,"96":0,"97":0,"98":0,"99":0},"f":{"0":0,"1":0,"2":0,"3":0,"4":0,"5":0,"6":0,"7":0,"8":0,"9":0,"10":0,"11":0,"12":0,"13":0,"14":0,"15":0,"16":0,"17":0,"18":0,"19":0,"20":0,"21":0,"22":0,"23":0,"24":0,"25":0,"26":0,"27":0,"28":0,"29":0,"30":0,"31":0},"b":{"0":[0],"1":[0],"2":[0,0],"3":[0,0],"4":[0,0],"5":[0,0],"6":[0,0],"7":[0,0],"8":[0,0],"9":[0,0],"10":[0,0],"11":[0,0],"12":[0,0],"13":[0,0],"14":[0,0],"15":[0,0],"16":[0,0],"17":[0,0]}}
,"C:\\Users\\shrey\\Downloads\\GymPro-swagger-fixed\\gympro-frontend\\src\\store\\slices\\paymentSlice.js": {"path":"C:\\Users\\shrey\\Downloads\\GymPro-swagger-fixed\\gympro-frontend\\src\\store\\slices\\paymentSlice.js","statementMap":{"0":{"start":{"line":7,"column":31},"end":{"line":17,"column":1}},"1":{"start":{"line":10,"column":4},"end":{"line":15,"column":5}},"2":{"start":{"line":11,"column":18},"end":{"line":11,"column":58}},"3":{"start":{"line":12,"column":6},"end":{"line":12,"column":55}},"4":{"start":{"line":12,"column":42},"end":{"line":12,"column":53}},"5":{"start":{"line":14,"column":6},"end":{"line":14,"column":94}},"6":{"start":{"line":19,"column":30},"end":{"line":29,"column":1}},"7":{"start":{"line":22,"column":4},"end":{"line":27,"column":5}},"8":{"start":{"line":23,"column":18},"end":{"line":23,"column":44}},"9":{"start":{"line":24,"column":6},"end":{"line":24,"column":22}},"10":{"start":{"line":26,"column":6},"end":{"line":26,"column":78}},"11":{"start":{"line":33,"column":21},"end":{"line":76,"column":2}},"12":{"start":{"line":42,"column":6},"end":{"line":42,"column":25}},"13":{"start":{"line":47,"column":4},"end":{"line":59,"column":9}},"14":{"start":{"line":49,"column":8},"end":{"line":49,"column":29}},"15":{"start":{"line":50,"column":8},"end":{"line":50,"column":29}},"16":{"start":{"line":53,"column":8},"end":{"line":53,"column":31}},"17":{"start":{"line":54,"column":8},"end":{"line":54,"column":40}},"18":{"start":{"line":57,"column":8},"end":{"line":57,"column":30}},"19":{"start":{"line":58,"column":8},"end":{"line":58,"column":39}},"20":{"start":{"line":62,"column":4},"end":{"line":74,"column":9}},"21":{"start":{"line":64,"column":8},"end":{"line":64,"column":29}},"22":{"start":{"line":65,"column":8},"end":{"line":65,"column":29}},"23":{"start":{"line":68,"column":8},"end":{"line":68,"column":31}},"24":{"start":{"line":69,"column":8},"end":{"line":69,"column":61}},"25":{"start":{"line":72,"column":8},"end":{"line":72,"column":30}},"26":{"start":{"line":73,"column":8},"end":{"line":73,"column":39}},"27":{"start":{"line":78,"column":37},"end":{"line":78,"column":57}}},"fnMap":{"0":{"name":"(anonymous_0)","decl":{"start":{"line":9,"column":2},"end":{"line":9,"column":3}},"loc":{"start":{"line":9,"column":43},"end":{"line":16,"column":3}},"line":9},"1":{"name":"(anonymous_1)","decl":{"start":{"line":12,"column":32},"end":{"line":12,"column":33}},"loc":{"start":{"line":12,"column":42},"end":{"line":12,"column":53}},"line":12},"2":{"name":"(anonymous_2)","decl":{"start":{"line":21,"column":2},"end":{"line":21,"column":3}},"loc":{"start":{"line":21,"column":39},"end":{"line":28,"column":3}},"line":21},"3":{"name":"(anonymous_3)","decl":{"start":{"line":41,"column":4},"end":{"line":41,"column":5}},"loc":{"start":{"line":41,"column":29},"end":{"line":43,"column":5}},"line":41},"4":{"name":"(anonymous_4)","decl":{"start":{"line":45,"column":17},"end":{"line":45,"column":18}},"loc":{"start":{"line":45,"column":30},"end":{"line":75,"column":3}},"line":45},"5":{"name":"(anonymous_5)","decl":{"start":{"line":48,"column":40},"end":{"line":48,"column":41}},"loc":{"start":{"line":48,"column":51},"end":{"line":51,"column":7}},"line":48},"6":{"name":"(anonymous_6)","decl":{"start":{"line":52,"column":42},"end":{"line":52,"column":43}},"loc":{"start":{"line":52,"column":61},"end":{"line":55,"column":7}},"line":52},"7":{"name":"(anonymous_7)","decl":{"start":{"line":56,"column":41},"end":{"line":56,"column":42}},"loc":{"start":{"line":56,"column":60},"end":{"line":59,"column":7}},"line":56},"8":{"name":"(anonymous_8)","decl":{"start":{"line":63,"column":39},"end":{"line":63,"column":40}},"loc":{"start":{"line":63,"column":50},"end":{"line":66,"column":7}},"line":63},"9":{"name":"(anonymous_9)","decl":{"start":{"line":67,"column":41},"end":{"line":67,"column":42}},"loc":{"start":{"line":67,"column":60},"end":{"line":70,"column":7}},"line":67},"10":{"name":"(anonymous_10)","decl":{"start":{"line":71,"column":40},"end":{"line":71,"column":41}},"loc":{"start":{"line":71,"column":59},"end":{"line":74,"column":7}},"line":71}},"branchMap":{"0":{"loc":{"start":{"line":14,"column":29},"end":{"line":14,"column":92}},"type":"binary-expr","locations":[{"start":{"line":14,"column":29},"end":{"line":14,"column":56}},{"start":{"line":14,"column":60},"end":{"line":14,"column":92}}],"line":14},"1":{"loc":{"start":{"line":26,"column":29},"end":{"line":26,"column":76}},"type":"binary-expr","locations":[{"start":{"line":26,"column":29},"end":{"line":26,"column":56}},{"start":{"line":26,"column":60},"end":{"line":26,"column":76}}],"line":26}},"s":{"0":1,"1":5,"2":5,"3":4,"4":3,"5":1,"6":1,"7":0,"8":0,"9":0,"10":0,"11":1,"12":5,"13":1,"14":5,"15":5,"16":4,"17":4,"18":1,"19":1,"20":1,"21":0,"22":0,"23":0,"24":0,"25":0,"26":0,"27":1},"f":{"0":5,"1":3,"2":0,"3":5,"4":1,"5":5,"6":4,"7":1,"8":0,"9":0,"10":0},"b":{"0":[1,1],"1":[0,0]},"_coverageSchema":"1a1c01bbd47fc00a2c39e90264f33305004495a9","hash":"035c6a6d5eaf000fbd86bfeb40d4a087b570e7d7"}
,"C:\\Users\\shrey\\Downloads\\GymPro-swagger-fixed\\gympro-frontend\\src\\store\\slices\\planSlice.js": {"path":"C:\\Users\\shrey\\Downloads\\GymPro-swagger-fixed\\gympro-frontend\\src\\store\\slices\\planSlice.js","statementMap":{"0":{"start":{"line":7,"column":26},"end":{"line":17,"column":1}},"1":{"start":{"line":10,"column":4},"end":{"line":15,"column":5}},"2":{"start":{"line":11,"column":18},"end":{"line":11,"column":40}},"3":{"start":{"line":12,"column":6},"end":{"line":12,"column":22}},"4":{"start":{"line":14,"column":6},"end":{"line":14,"column":84}},"5":{"start":{"line":19,"column":36},"end":{"line":29,"column":1}},"6":{"start":{"line":22,"column":4},"end":{"line":27,"column":5}},"7":{"start":{"line":23,"column":18},"end":{"line":23,"column":88}},"8":{"start":{"line":23,"column":74},"end":{"line":23,"column":86}},"9":{"start":{"line":24,"column":6},"end":{"line":24,"column":22}},"10":{"start":{"line":26,"column":6},"end":{"line":26,"column":92}},"11":{"start":{"line":31,"column":31},"end":{"line":41,"column":1}},"12":{"start":{"line":34,"column":4},"end":{"line":39,"column":5}},"13":{"start":{"line":35,"column":18},"end":{"line":35,"column":72}},"14":{"start":{"line":36,"column":6},"end":{"line":36,"column":22}},"15":{"start":{"line":38,"column":6},"end":{"line":38,"column":83}},"16":{"start":{"line":43,"column":34},"end":{"line":53,"column":1}},"17":{"start":{"line":46,"column":4},"end":{"line":51,"column":5}},"18":{"start":{"line":47,"column":6},"end":{"line":47,"column":46}},"19":{"start":{"line":48,"column":6},"end":{"line":48,"column":19}},"20":{"start":{"line":50,"column":6},"end":{"line":50,"column":93}},"21":{"start":{"line":57,"column":18},"end":{"line":126,"column":2}},"22":{"start":{"line":67,"column":6},"end":{"line":67,"column":25}},"23":{"start":{"line":72,"column":4},"end":{"line":84,"column":9}},"24":{"start":{"line":74,"column":8},"end":{"line":74,"column":29}},"25":{"start":{"line":75,"column":8},"end":{"line":75,"column":29}},"26":{"start":{"line":78,"column":8},"end":{"line":78,"column":30}},"27":{"start":{"line":79,"column":8},"end":{"line":79,"column":39}},"28":{"start":{"line":82,"column":8},"end":{"line":82,"column":30}},"29":{"start":{"line":83,"column":8},"end":{"line":83,"column":39}},"30":{"start":{"line":87,"column":4},"end":{"line":99,"column":9}},"31":{"start":{"line":89,"column":8},"end":{"line":89,"column":29}},"32":{"start":{"line":90,"column":8},"end":{"line":90,"column":29}},"33":{"start":{"line":93,"column":8},"end":{"line":93,"column":38}},"34":{"start":{"line":94,"column":8},"end":{"line":94,"column":47}},"35":{"start":{"line":97,"column":8},"end":{"line":97,"column":30}},"36":{"start":{"line":98,"column":8},"end":{"line":98,"column":39}},"37":{"start":{"line":102,"column":4},"end":{"line":114,"column":9}},"38":{"start":{"line":104,"column":8},"end":{"line":104,"column":29}},"39":{"start":{"line":105,"column":8},"end":{"line":105,"column":29}},"40":{"start":{"line":108,"column":8},"end":{"line":108,"column":30}},"41":{"start":{"line":109,"column":8},"end":{"line":109,"column":75}},"42":{"start":{"line":112,"column":8},"end":{"line":112,"column":30}},"43":{"start":{"line":113,"column":8},"end":{"line":113,"column":39}},"44":{"start":{"line":117,"column":4},"end":{"line":124,"column":9}},"45":{"start":{"line":119,"column":20},"end":{"line":119,"column":76}},"46":{"start":{"line":119,"column":52},"end":{"line":119,"column":75}},"47":{"start":{"line":120,"column":8},"end":{"line":120,"column":42}},"48":{"start":{"line":120,"column":17},"end":{"line":120,"column":42}},"49":{"start":{"line":123,"column":8},"end":{"line":123,"column":37}},"50":{"start":{"line":128,"column":34},"end":{"line":128,"column":51}}},"fnMap":{"0":{"name":"(anonymous_0)","decl":{"start":{"line":9,"column":2},"end":{"line":9,"column":3}},"loc":{"start":{"line":9,"column":36},"end":{"line":16,"column":3}},"line":9},"1":{"name":"(anonymous_1)","decl":{"start":{"line":21,"column":2},"end":{"line":21,"column":3}},"loc":{"start":{"line":21,"column":43},"end":{"line":28,"column":3}},"line":21},"2":{"name":"(anonymous_2)","decl":{"start":{"line":23,"column":67},"end":{"line":23,"column":68}},"loc":{"start":{"line":23,"column":74},"end":{"line":23,"column":86}},"line":23},"3":{"name":"(anonymous_3)","decl":{"start":{"line":33,"column":2},"end":{"line":33,"column":3}},"loc":{"start":{"line":33,"column":68},"end":{"line":40,"column":3}},"line":33},"4":{"name":"(anonymous_4)","decl":{"start":{"line":45,"column":2},"end":{"line":45,"column":3}},"loc":{"start":{"line":45,"column":40},"end":{"line":52,"column":3}},"line":45},"5":{"name":"(anonymous_5)","decl":{"start":{"line":66,"column":4},"end":{"line":66,"column":5}},"loc":{"start":{"line":66,"column":26},"end":{"line":68,"column":5}},"line":66},"6":{"name":"(anonymous_6)","decl":{"start":{"line":70,"column":17},"end":{"line":70,"column":18}},"loc":{"start":{"line":70,"column":30},"end":{"line":125,"column":3}},"line":70},"7":{"name":"(anonymous_7)","decl":{"start":{"line":73,"column":35},"end":{"line":73,"column":36}},"loc":{"start":{"line":73,"column":46},"end":{"line":76,"column":7}},"line":73},"8":{"name":"(anonymous_8)","decl":{"start":{"line":77,"column":37},"end":{"line":77,"column":38}},"loc":{"start":{"line":77,"column":56},"end":{"line":80,"column":7}},"line":77},"9":{"name":"(anonymous_9)","decl":{"start":{"line":81,"column":36},"end":{"line":81,"column":37}},"loc":{"start":{"line":81,"column":55},"end":{"line":84,"column":7}},"line":81},"10":{"name":"(anonymous_10)","decl":{"start":{"line":88,"column":45},"end":{"line":88,"column":46}},"loc":{"start":{"line":88,"column":56},"end":{"line":91,"column":7}},"line":88},"11":{"name":"(anonymous_11)","decl":{"start":{"line":92,"column":47},"end":{"line":92,"column":48}},"loc":{"start":{"line":92,"column":66},"end":{"line":95,"column":7}},"line":92},"12":{"name":"(anonymous_12)","decl":{"start":{"line":96,"column":46},"end":{"line":96,"column":47}},"loc":{"start":{"line":96,"column":65},"end":{"line":99,"column":7}},"line":96},"13":{"name":"(anonymous_13)","decl":{"start":{"line":103,"column":40},"end":{"line":103,"column":41}},"loc":{"start":{"line":103,"column":51},"end":{"line":106,"column":7}},"line":103},"14":{"name":"(anonymous_14)","decl":{"start":{"line":107,"column":42},"end":{"line":107,"column":43}},"loc":{"start":{"line":107,"column":61},"end":{"line":110,"column":7}},"line":107},"15":{"name":"(anonymous_15)","decl":{"start":{"line":111,"column":41},"end":{"line":111,"column":42}},"loc":{"start":{"line":111,"column":60},"end":{"line":114,"column":7}},"line":111},"16":{"name":"(anonymous_16)","decl":{"start":{"line":118,"column":45},"end":{"line":118,"column":46}},"loc":{"start":{"line":118,"column":64},"end":{"line":121,"column":7}},"line":118},"17":{"name":"(anonymous_17)","decl":{"start":{"line":119,"column":47},"end":{"line":119,"column":48}},"loc":{"start":{"line":119,"column":52},"end":{"line":119,"column":75}},"line":119},"18":{"name":"(anonymous_18)","decl":{"start":{"line":122,"column":44},"end":{"line":122,"column":45}},"loc":{"start":{"line":122,"column":63},"end":{"line":124,"column":7}},"line":122}},"branchMap":{"0":{"loc":{"start":{"line":14,"column":29},"end":{"line":14,"column":82}},"type":"binary-expr","locations":[{"start":{"line":14,"column":29},"end":{"line":14,"column":56}},{"start":{"line":14,"column":60},"end":{"line":14,"column":82}}],"line":14},"1":{"loc":{"start":{"line":26,"column":29},"end":{"line":26,"column":90}},"type":"binary-expr","locations":[{"start":{"line":26,"column":29},"end":{"line":26,"column":56}},{"start":{"line":26,"column":60},"end":{"line":26,"column":90}}],"line":26},"2":{"loc":{"start":{"line":38,"column":29},"end":{"line":38,"column":81}},"type":"binary-expr","locations":[{"start":{"line":38,"column":29},"end":{"line":38,"column":56}},{"start":{"line":38,"column":60},"end":{"line":38,"column":81}}],"line":38},"3":{"loc":{"start":{"line":50,"column":29},"end":{"line":50,"column":91}},"type":"binary-expr","locations":[{"start":{"line":50,"column":29},"end":{"line":50,"column":56}},{"start":{"line":50,"column":60},"end":{"line":50,"column":91}}],"line":50},"4":{"loc":{"start":{"line":120,"column":8},"end":{"line":120,"column":42}},"type":"if","locations":[{"start":{"line":120,"column":8},"end":{"line":120,"column":42}},{"start":{},"end":{}}],"line":120}},"s":{"0":1,"1":15,"2":15,"3":15,"4":0,"5":1,"6":15,"7":15,"8":0,"9":15,"10":0,"11":1,"12":0,"13":0,"14":0,"15":0,"16":1,"17":0,"18":0,"19":0,"20":0,"21":1,"22":14,"23":1,"24":15,"25":15,"26":15,"27":15,"28":0,"29":0,"30":1,"31":15,"32":15,"33":15,"34":15,"35":0,"36":0,"37":1,"38":0,"39":0,"40":0,"41":0,"42":0,"43":0,"44":1,"45":0,"46":0,"47":0,"48":0,"49":0,"50":1},"f":{"0":15,"1":15,"2":0,"3":0,"4":0,"5":14,"6":1,"7":15,"8":15,"9":0,"10":15,"11":15,"12":0,"13":0,"14":0,"15":0,"16":0,"17":0,"18":0},"b":{"0":[0,0],"1":[0,0],"2":[0,0],"3":[0,0],"4":[0,0]},"_coverageSchema":"1a1c01bbd47fc00a2c39e90264f33305004495a9","hash":"c4e009e769d56ab1ae32225adb672c3c0be3d991"}
}
