TN:
SF:src\App.jsx
FN:23,AppRoutes
FN:66,App
FNF:2
FNH:0
FNDA:0,AppRoutes
FNDA:0,App
DA:24,0
DA:67,0
LF:2
LH:0
BRF:0
BRH:0
end_of_record
TN:
SF:src\api\api.js
FN:11,(anonymous_0)
FN:17,(anonymous_1)
FN:20,(anonymous_2)
FN:21,(anonymous_3)
FN:32,(anonymous_4)
FN:33,(anonymous_5)
FN:34,(anonymous_6)
FN:35,(anonymous_7)
FN:36,(anonymous_8)
FN:41,(anonymous_9)
FN:42,(anonymous_10)
FN:43,(anonymous_11)
FN:44,(anonymous_12)
FN:45,(anonymous_13)
FN:46,(anonymous_14)
FN:51,(anonymous_15)
FN:52,(anonymous_16)
FN:53,(anonymous_17)
FN:54,(anonymous_18)
FN:55,(anonymous_19)
FN:56,(anonymous_20)
FN:57,(anonymous_21)
FN:58,(anonymous_22)
FN:59,(anonymous_23)
FN:60,(anonymous_24)
FN:61,(anonymous_25)
FN:62,(anonymous_26)
FN:67,(anonymous_27)
FN:68,(anonymous_28)
FN:69,(anonymous_29)
FN:70,(anonymous_30)
FN:71,(anonymous_31)
FN:72,(anonymous_32)
FN:77,(anonymous_33)
FN:78,(anonymous_34)
FN:79,(anonymous_35)
FN:80,(anonymous_36)
FN:81,(anonymous_37)
FN:82,(anonymous_38)
FN:83,(anonymous_39)
FN:84,(anonymous_40)
FN:85,(anonymous_41)
FN:87,(anonymous_42)
FN:92,(anonymous_43)
FN:93,(anonymous_44)
FN:94,(anonymous_45)
FN:95,(anonymous_46)
FN:96,(anonymous_47)
FN:97,(anonymous_48)
FN:98,(anonymous_49)
FNF:50
FNH:0
FNDA:0,(anonymous_0)
FNDA:0,(anonymous_1)
FNDA:0,(anonymous_2)
FNDA:0,(anonymous_3)
FNDA:0,(anonymous_4)
FNDA:0,(anonymous_5)
FNDA:0,(anonymous_6)
FNDA:0,(anonymous_7)
FNDA:0,(anonymous_8)
FNDA:0,(anonymous_9)
FNDA:0,(anonymous_10)
FNDA:0,(anonymous_11)
FNDA:0,(anonymous_12)
FNDA:0,(anonymous_13)
FNDA:0,(anonymous_14)
FNDA:0,(anonymous_15)
FNDA:0,(anonymous_16)
FNDA:0,(anonymous_17)
FNDA:0,(anonymous_18)
FNDA:0,(anonymous_19)
FNDA:0,(anonymous_20)
FNDA:0,(anonymous_21)
FNDA:0,(anonymous_22)
FNDA:0,(anonymous_23)
FNDA:0,(anonymous_24)
FNDA:0,(anonymous_25)
FNDA:0,(anonymous_26)
FNDA:0,(anonymous_27)
FNDA:0,(anonymous_28)
FNDA:0,(anonymous_29)
FNDA:0,(anonymous_30)
FNDA:0,(anonymous_31)
FNDA:0,(anonymous_32)
FNDA:0,(anonymous_33)
FNDA:0,(anonymous_34)
FNDA:0,(anonymous_35)
FNDA:0,(anonymous_36)
FNDA:0,(anonymous_37)
FNDA:0,(anonymous_38)
FNDA:0,(anonymous_39)
FNDA:0,(anonymous_40)
FNDA:0,(anonymous_41)
FNDA:0,(anonymous_42)
FNDA:0,(anonymous_43)
FNDA:0,(anonymous_44)
FNDA:0,(anonymous_45)
FNDA:0,(anonymous_46)
FNDA:0,(anonymous_47)
FNDA:0,(anonymous_48)
FNDA:0,(anonymous_49)
DA:6,0
DA:11,0
DA:12,0
DA:13,0
DA:14,0
DA:15,0
DA:16,0
DA:17,0
DA:19,0
DA:20,0
DA:22,0
DA:23,0
DA:24,0
DA:26,0
DA:31,0
DA:32,0
DA:33,0
DA:34,0
DA:35,0
DA:36,0
DA:40,0
DA:41,0
DA:42,0
DA:43,0
DA:44,0
DA:45,0
DA:46,0
DA:50,0
DA:51,0
DA:52,0
DA:53,0
DA:54,0
DA:55,0
DA:56,0
DA:57,0
DA:58,0
DA:59,0
DA:60,0
DA:61,0
DA:62,0
DA:66,0
DA:67,0
DA:68,0
DA:69,0
DA:70,0
DA:71,0
DA:72,0
DA:76,0
DA:77,0
DA:78,0
DA:79,0
DA:80,0
DA:81,0
DA:82,0
DA:83,0
DA:84,0
DA:85,0
DA:87,0
DA:91,0
DA:92,0
DA:93,0
DA:94,0
DA:95,0
DA:96,0
DA:97,0
DA:98,0
LF:66
LH:0
BRDA:14,0,0,0
BRDA:14,0,1,0
BRDA:15,1,0,0
BRDA:15,1,1,0
BRDA:22,2,0,0
BRDA:22,2,1,0
BRF:6
BRH:0
end_of_record
TN:
SF:src\api\authApi.js
FN:12,(anonymous_0)
FN:20,(anonymous_1)
FNF:2
FNH:0
FNDA:0,(anonymous_0)
FNDA:0,(anonymous_1)
DA:12,0
DA:20,0
LF:2
LH:0
BRF:0
BRH:0
end_of_record
TN:
SF:src\api\axiosInstance.js
FN:14,(anonymous_0)
FN:14,(anonymous_1)
FN:21,emitToast
FN:25,shouldRetry
FN:39,(anonymous_4)
FN:49,(anonymous_5)
FN:54,(anonymous_6)
FN:55,(anonymous_7)
FNF:8
FNH:0
FNDA:0,(anonymous_0)
FNDA:0,(anonymous_1)
FNDA:0,emitToast
FNDA:0,shouldRetry
FNDA:0,(anonymous_4)
FNDA:0,(anonymous_5)
FNDA:0,(anonymous_6)
FNDA:0,(anonymous_7)
DA:10,0
DA:11,0
DA:14,0
DA:22,0
DA:27,0
DA:28,0
DA:32,0
DA:38,0
DA:41,0
DA:43,0
DA:44,0
DA:45,0
DA:47,0
DA:49,0
DA:53,0
DA:54,0
DA:56,0
DA:59,0
DA:60,0
DA:61,0
DA:62,0
DA:66,0
DA:67,0
DA:69,0
DA:70,0
DA:74,0
DA:78,0
DA:83,0
DA:84,0
DA:87,0
LF:30
LH:0
BRDA:21,0,0,0
BRDA:27,1,0,0
BRDA:27,1,1,0
BRDA:41,2,0,0
BRDA:41,2,1,0
BRDA:44,3,0,0
BRDA:44,3,1,0
BRDA:59,4,0,0
BRDA:59,4,1,0
BRDA:66,5,0,0
BRDA:66,5,1,0
BRDA:66,6,0,0
BRDA:66,6,1,0
BRDA:66,6,2,0
BRDA:70,7,0,0
BRDA:70,7,1,0
BRDA:79,8,0,0
BRDA:79,8,1,0
BRF:18
BRH:0
end_of_record
TN:
SF:src\api\chatbotApi.js
FN:19,(anonymous_0)
FN:40,(anonymous_1)
FN:57,(anonymous_2)
FNF:3
FNH:0
FNDA:0,(anonymous_0)
FNDA:0,(anonymous_1)
FNDA:0,(anonymous_2)
DA:8,0
DA:10,0
DA:20,0
DA:22,0
DA:29,0
DA:30,0
DA:33,0
DA:41,0
DA:42,0
DA:44,0
DA:45,0
DA:46,0
DA:58,0
DA:59,0
DA:60,0
DA:62,0
LF:16
LH:0
BRDA:20,0,0,0
BRDA:20,0,1,0
BRDA:29,1,0,0
BRDA:29,1,1,0
BRDA:44,2,0,0
BRDA:44,2,1,0
BRF:6
BRH:0
end_of_record
TN:
SF:src\api\memberProfile.js
FN:11,resolveMemberProfile
FNF:1
FNH:0
FNDA:0,resolveMemberProfile
DA:13,0
DA:14,0
DA:15,0
DA:16,0
DA:17,0
DA:22,0
DA:23,0
DA:24,0
DA:25,0
DA:26,0
DA:29,0
DA:30,0
DA:35,0
DA:36,0
DA:37,0
DA:42,0
DA:43,0
DA:44,0
DA:47,0
DA:48,0
DA:49,0
DA:50,0
DA:51,0
DA:53,0
LF:24
LH:0
BRDA:14,0,0,0
BRDA:14,0,1,0
BRDA:17,1,0,0
BRDA:17,1,1,0
BRDA:17,2,0,0
BRDA:17,2,1,0
BRDA:29,3,0,0
BRDA:29,3,1,0
BRDA:30,4,0,0
BRDA:30,4,1,0
BRDA:38,5,0,0
BRDA:38,5,1,0
BRDA:53,6,0,0
BRDA:53,6,1,0
BRF:14
BRH:0
end_of_record
TN:
SF:src\api\notificationApi.js
FN:11,(anonymous_0)
FN:15,(anonymous_1)
FN:19,(anonymous_2)
FN:23,(anonymous_3)
FN:27,(anonymous_4)
FN:31,(anonymous_5)
FN:35,(anonymous_6)
FN:40,(anonymous_7)
FNF:8
FNH:0
FNDA:0,(anonymous_0)
FNDA:0,(anonymous_1)
FNDA:0,(anonymous_2)
FNDA:0,(anonymous_3)
FNDA:0,(anonymous_4)
FNDA:0,(anonymous_5)
FNDA:0,(anonymous_6)
FNDA:0,(anonymous_7)
DA:8,0
DA:12,0
DA:16,0
DA:20,0
DA:24,0
DA:28,0
DA:32,0
DA:36,0
DA:41,0
DA:42,0
LF:10
LH:0
BRDA:11,0,0,0
BRDA:11,1,0,0
BRDA:42,2,0,0
BRDA:42,2,1,0
BRF:4
BRH:0
end_of_record
TN:
SF:src\api\trainerProfile.js
FN:11,resolveTrainerProfile
FNF:1
FNH:0
FNDA:0,resolveTrainerProfile
DA:13,0
DA:14,0
DA:15,0
DA:16,0
DA:17,0
DA:22,0
DA:23,0
DA:24,0
DA:25,0
DA:26,0
DA:29,0
DA:30,0
DA:35,0
DA:36,0
DA:37,0
DA:45,0
DA:46,0
DA:47,0
DA:50,0
DA:51,0
DA:52,0
DA:53,0
DA:54,0
DA:56,0
LF:24
LH:0
BRDA:14,0,0,0
BRDA:14,0,1,0
BRDA:17,1,0,0
BRDA:17,1,1,0
BRDA:17,2,0,0
BRDA:17,2,1,0
BRDA:29,3,0,0
BRDA:29,3,1,0
BRDA:30,4,0,0
BRDA:30,4,1,0
BRDA:38,5,0,0
BRDA:38,5,1,0
BRDA:56,6,0,0
BRDA:56,6,1,0
BRF:14
BRH:0
end_of_record
TN:
SF:src\auth\ForgotPassword.jsx
FN:12,ForgotPassword
FN:28,(anonymous_1)
FN:30,(anonymous_2)
FN:30,(anonymous_3)
FN:31,(anonymous_4)
FN:35,(anonymous_5)
FN:54,(anonymous_6)
FN:70,(anonymous_7)
FN:80,(anonymous_8)
FN:88,(anonymous_9)
FN:93,(anonymous_10)
FN:99,(anonymous_11)
FN:123,(anonymous_12)
FN:134,(anonymous_13)
FN:162,(anonymous_14)
FN:202,(anonymous_15)
FN:229,(anonymous_16)
FN:232,(anonymous_17)
FN:237,(anonymous_18)
FN:238,(anonymous_19)
FN:278,(anonymous_20)
FN:298,(anonymous_21)
FN:305,(anonymous_22)
FN:305,(anonymous_23)
FN:324,(anonymous_24)
FN:349,PasswordStrength
FN:364,(anonymous_26)
FNF:27
FNH:21
FNDA:484,ForgotPassword
FNDA:43,(anonymous_1)
FNDA:1,(anonymous_2)
FNDA:0,(anonymous_3)
FNDA:18,(anonymous_4)
FNDA:21,(anonymous_5)
FNDA:0,(anonymous_6)
FNDA:63,(anonymous_7)
FNDA:63,(anonymous_8)
FNDA:0,(anonymous_9)
FNDA:0,(anonymous_10)
FNDA:11,(anonymous_11)
FNDA:4,(anonymous_12)
FNDA:1,(anonymous_13)
FNDA:1449,(anonymous_14)
FNDA:253,(anonymous_15)
FNDA:558,(anonymous_16)
FNDA:1116,(anonymous_17)
FNDA:63,(anonymous_18)
FNDA:63,(anonymous_19)
FNDA:1,(anonymous_20)
FNDA:38,(anonymous_21)
FNDA:0,(anonymous_22)
FNDA:0,(anonymous_23)
FNDA:34,(anonymous_24)
FNDA:78,PasswordStrength
FNDA:390,(anonymous_26)
DA:13,484
DA:14,483
DA:15,483
DA:16,483
DA:17,483
DA:18,483
DA:19,483
DA:20,483
DA:21,483
DA:22,483
DA:24,483
DA:25,483
DA:28,483
DA:29,43
DA:30,18
DA:31,18
DA:35,483
DA:36,21
DA:37,21
DA:38,21
DA:39,21
DA:40,19
DA:41,18
DA:42,18
DA:44,1
DA:47,2
DA:49,21
DA:54,483
DA:55,0
DA:56,0
DA:57,0
DA:58,0
DA:59,0
DA:60,0
DA:61,0
DA:63,0
DA:65,0
DA:70,483
DA:72,63
DA:73,63
DA:74,63
DA:75,63
DA:77,63
DA:80,483
DA:81,63
DA:82,0
DA:84,63
DA:85,63
DA:88,483
DA:89,0
DA:90,0
DA:91,0
DA:92,0
DA:93,0
DA:94,0
DA:95,0
DA:99,483
DA:100,11
DA:101,11
DA:102,11
DA:103,10
DA:104,10
DA:105,10
DA:106,9
DA:107,9
DA:109,0
DA:110,0
DA:111,0
DA:114,1
DA:115,1
DA:116,1
DA:118,10
DA:123,483
DA:124,4
DA:125,4
DA:126,3
DA:127,2
DA:128,2
DA:129,2
DA:132,1
DA:133,1
DA:134,1
DA:138,0
DA:141,1
DA:143,2
DA:148,483
DA:150,483
DA:163,1449
DA:164,1449
DA:165,1449
DA:166,1449
DA:202,253
DA:230,558
DA:232,1116
DA:237,63
DA:238,63
DA:278,1
DA:298,38
DA:305,0
DA:324,34
DA:350,78
DA:357,78
DA:358,78
DA:359,78
DA:361,78
DA:365,390
LF:106
LH:84
BRDA:29,0,0,25
BRDA:29,0,1,18
BRDA:40,1,0,18
BRDA:40,1,1,1
BRDA:47,2,0,2
BRDA:47,2,1,1
BRDA:55,3,0,0
BRDA:55,3,1,0
BRDA:72,4,0,0
BRDA:72,4,1,63
BRDA:72,5,0,63
BRDA:72,5,1,63
BRDA:77,6,0,53
BRDA:77,6,1,10
BRDA:77,7,0,63
BRDA:77,7,1,63
BRDA:81,8,0,0
BRDA:81,8,1,63
BRDA:81,9,0,63
BRDA:81,9,1,0
BRDA:81,9,2,0
BRDA:84,10,0,0
BRDA:84,10,1,63
BRDA:84,11,0,63
BRDA:84,11,1,0
BRDA:85,12,0,0
BRDA:85,12,1,63
BRDA:85,13,0,63
BRDA:85,13,1,0
BRDA:91,14,0,0
BRDA:91,14,1,0
BRDA:102,15,0,1
BRDA:102,15,1,10
BRDA:106,16,0,9
BRDA:106,16,1,0
BRDA:109,17,0,0
BRDA:109,17,1,0
BRDA:114,18,0,1
BRDA:114,18,1,0
BRDA:125,19,0,1
BRDA:125,19,1,3
BRDA:126,20,0,1
BRDA:126,20,1,2
BRDA:132,21,0,1
BRDA:132,21,1,0
BRDA:138,22,0,0
BRDA:138,22,1,0
BRDA:141,23,0,1
BRDA:141,23,1,0
BRDA:172,24,0,267
BRDA:172,24,1,1182
BRDA:172,25,0,483
BRDA:172,25,1,699
BRDA:173,26,0,750
BRDA:173,26,1,699
BRDA:173,27,0,1449
BRDA:173,27,1,1182
BRDA:176,28,0,267
BRDA:176,28,1,1182
BRDA:178,29,0,483
BRDA:178,29,1,966
BRDA:178,30,0,267
BRDA:178,30,1,699
BRDA:187,31,0,483
BRDA:187,31,1,8
BRDA:188,32,0,483
BRDA:188,32,1,1
BRDA:191,33,0,483
BRDA:191,33,1,303
BRDA:207,34,0,21
BRDA:207,34,1,282
BRDA:215,35,0,483
BRDA:215,35,1,93
BRDA:239,36,0,93
BRDA:239,36,1,465
BRDA:243,37,0,279
BRDA:243,37,1,279
BRDA:244,38,0,279
BRDA:244,38,1,279
BRDA:254,39,0,10
BRDA:254,39,1,83
BRDA:262,40,0,93
BRDA:262,40,1,0
BRDA:271,41,0,0
BRDA:271,41,1,0
BRDA:287,42,0,483
BRDA:287,42,1,87
BRDA:296,43,0,0
BRDA:296,43,1,87
BRDA:312,44,0,0
BRDA:312,44,1,87
BRDA:315,45,0,87
BRDA:315,45,1,78
BRDA:322,46,0,0
BRDA:322,46,1,87
BRDA:328,47,0,87
BRDA:328,47,1,40
BRDA:328,47,2,32
BRDA:332,48,0,87
BRDA:332,48,1,85
BRDA:332,48,2,1
BRDA:332,48,3,1
BRDA:333,49,0,2
BRDA:333,49,1,85
BRDA:367,50,0,126
BRDA:367,50,1,264
BRF:106
BRH:80
end_of_record
TN:
SF:src\auth\Login.jsx
FN:9,Login
FN:22,(anonymous_1)
FN:59,(anonymous_2)
FN:68,(anonymous_3)
FNF:4
FNH:4
FNDA:101,Login
FNDA:4,(anonymous_1)
FNDA:55,(anonymous_2)
FNDA:32,(anonymous_3)
DA:10,101
DA:11,101
DA:12,101
DA:14,101
DA:15,101
DA:16,101
DA:17,101
DA:19,101
DA:20,101
DA:22,101
DA:23,4
DA:24,4
DA:25,4
DA:26,4
DA:28,3
DA:29,3
DA:30,3
DA:31,2
DA:32,1
DA:34,1
DA:36,4
DA:40,101
DA:59,55
DA:68,32
LF:24
LH:24
BRDA:11,0,0,101
BRDA:11,0,1,101
BRDA:12,1,0,101
BRDA:12,1,1,101
BRDA:29,2,0,3
BRDA:29,2,1,0
BRDA:30,3,0,1
BRDA:30,3,1,2
BRDA:31,4,0,1
BRDA:31,4,1,1
BRDA:34,5,0,1
BRDA:34,5,1,0
BRDA:50,6,0,101
BRDA:50,6,1,0
BRDA:50,6,2,0
BRDA:53,7,0,101
BRDA:53,7,1,1
BRDA:74,8,0,4
BRDA:74,8,1,97
BRF:19
BRH:15
end_of_record
TN:
SF:src\auth\Register.jsx
FN:10,Register
FN:17,(anonymous_1)
FN:17,(anonymous_2)
FN:19,(anonymous_3)
FN:31,(anonymous_4)
FNF:5
FNH:4
FNDA:57,Register
FNDA:228,(anonymous_1)
FNDA:47,(anonymous_2)
FNDA:2,(anonymous_3)
FNDA:0,(anonymous_4)
DA:11,57
DA:12,57
DA:13,57
DA:14,57
DA:16,57
DA:17,228
DA:19,57
DA:20,2
DA:21,2
DA:22,2
DA:23,2
DA:26,1
DA:27,1
DA:31,1
DA:32,0
DA:36,1
DA:38,2
DA:42,57
LF:18
LH:17
BRDA:26,0,0,1
BRDA:26,0,1,0
BRDA:36,1,0,1
BRDA:36,1,1,0
BRDA:52,2,0,57
BRDA:52,2,1,1
BRDA:53,3,0,57
BRDA:53,3,1,1
BRDA:93,4,0,57
BRDA:93,4,1,55
BRDA:94,5,0,2
BRDA:94,5,1,55
BRDA:98,6,0,1
BRDA:98,6,1,54
BRF:14
BRH:12
end_of_record
TN:
SF:src\components\ChatbotWidget.jsx
FN:20,emitToast
FN:25,ChatbotWidget
FN:43,(anonymous_2)
FN:48,(anonymous_3)
FN:50,(anonymous_4)
FN:51,(anonymous_5)
FN:56,(anonymous_6)
FN:57,(anonymous_7)
FN:61,(anonymous_8)
FN:66,(anonymous_9)
FN:66,(anonymous_10)
FN:69,(anonymous_11)
FN:81,(anonymous_12)
FN:92,(anonymous_13)
FN:99,(anonymous_14)
FN:150,(anonymous_15)
FN:154,(anonymous_16)
FN:161,(anonymous_17)
FN:165,(anonymous_18)
FN:247,(anonymous_19)
FN:273,(anonymous_20)
FN:280,(anonymous_21)
FN:318,QuickPrompts
FN:321,(anonymous_23)
FN:324,(anonymous_24)
FN:341,ChatMessage
FN:345,(anonymous_26)
FN:347,(anonymous_27)
FN:352,(anonymous_28)
FN:389,TypingIndicator
FN:401,(anonymous_30)
FNF:31
FNH:0
FNDA:0,emitToast
FNDA:0,ChatbotWidget
FNDA:0,(anonymous_2)
FNDA:0,(anonymous_3)
FNDA:0,(anonymous_4)
FNDA:0,(anonymous_5)
FNDA:0,(anonymous_6)
FNDA:0,(anonymous_7)
FNDA:0,(anonymous_8)
FNDA:0,(anonymous_9)
FNDA:0,(anonymous_10)
FNDA:0,(anonymous_11)
FNDA:0,(anonymous_12)
FNDA:0,(anonymous_13)
FNDA:0,(anonymous_14)
FNDA:0,(anonymous_15)
FNDA:0,(anonymous_16)
FNDA:0,(anonymous_17)
FNDA:0,(anonymous_18)
FNDA:0,(anonymous_19)
FNDA:0,(anonymous_20)
FNDA:0,(anonymous_21)
FNDA:0,QuickPrompts
FNDA:0,(anonymous_23)
FNDA:0,(anonymous_24)
FNDA:0,ChatMessage
FNDA:0,(anonymous_26)
FNDA:0,(anonymous_27)
FNDA:0,(anonymous_28)
FNDA:0,TypingIndicator
FNDA:0,(anonymous_30)
DA:11,0
DA:17,0
DA:21,0
DA:26,0
DA:29,0
DA:30,0
DA:31,0
DA:32,0
DA:33,0
DA:34,0
DA:35,0
DA:37,0
DA:38,0
DA:39,0
DA:40,0
DA:43,0
DA:44,0
DA:48,0
DA:49,0
DA:50,0
DA:51,0
DA:56,0
DA:57,0
DA:61,0
DA:62,0
DA:63,0
DA:66,0
DA:68,0
DA:70,0
DA:71,0
DA:74,0
DA:75,0
DA:77,0
DA:78,0
DA:80,0
DA:81,0
DA:82,0
DA:84,0
DA:86,0
DA:87,0
DA:90,0
DA:91,0
DA:92,0
DA:94,0
DA:95,0
DA:97,0
DA:99,0
DA:103,0
DA:105,0
DA:107,0
DA:108,0
DA:109,0
DA:110,0
DA:111,0
DA:114,0
DA:116,0
DA:121,0
DA:124,0
DA:125,0
DA:126,0
DA:127,0
DA:128,0
DA:129,0
DA:130,0
DA:132,0
DA:136,0
DA:139,0
DA:140,0
DA:142,0
DA:143,0
DA:144,0
DA:150,0
DA:151,0
DA:154,0
DA:155,0
DA:156,0
DA:157,0
DA:161,0
DA:162,0
DA:165,0
DA:166,0
DA:167,0
DA:168,0
DA:169,0
DA:170,0
DA:182,0
DA:185,0
DA:248,0
DA:273,0
DA:280,0
DA:311,0
DA:319,0
DA:322,0
DA:324,0
DA:342,0
DA:345,0
DA:346,0
DA:347,0
DA:348,0
DA:349,0
DA:352,0
DA:353,0
DA:361,0
DA:390,0
DA:402,0
DA:414,0
DA:443,0
LF:107
LH:0
BRDA:20,0,0,0
BRDA:49,1,0,0
BRDA:49,1,1,0
BRDA:71,2,0,0
BRDA:71,2,1,0
BRDA:74,3,0,0
BRDA:74,3,1,0
BRDA:84,4,0,0
BRDA:84,4,1,0
BRDA:97,5,0,0
BRDA:97,5,1,0
BRDA:97,5,2,0
BRDA:105,6,0,0
BRDA:105,6,1,0
BRDA:105,7,0,0
BRDA:105,7,1,0
BRDA:116,8,0,0
BRDA:116,8,1,0
BRDA:116,8,2,0
BRDA:116,8,3,0
BRDA:124,9,0,0
BRDA:124,9,1,0
BRDA:127,10,0,0
BRDA:127,10,1,0
BRDA:133,11,0,0
BRDA:133,11,1,0
BRDA:133,11,2,0
BRDA:151,12,0,0
BRDA:151,12,1,0
BRDA:151,13,0,0
BRDA:151,13,1,0
BRDA:155,14,0,0
BRDA:155,14,1,0
BRDA:155,15,0,0
BRDA:155,15,1,0
BRDA:162,16,0,0
BRDA:162,16,1,0
BRDA:162,17,0,0
BRDA:162,17,1,0
BRDA:182,18,0,0
BRDA:182,18,1,0
BRDA:191,19,0,0
BRDA:191,19,1,0
BRDA:194,20,0,0
BRDA:194,20,1,0
BRDA:195,21,0,0
BRDA:195,21,1,0
BRDA:196,22,0,0
BRDA:196,22,1,0
BRDA:196,22,2,0
BRDA:200,23,0,0
BRDA:200,23,1,0
BRDA:214,24,0,0
BRDA:214,24,1,0
BRDA:215,25,0,0
BRDA:215,25,1,0
BRDA:217,26,0,0
BRDA:217,26,1,0
BRDA:222,27,0,0
BRDA:222,27,1,0
BRDA:251,28,0,0
BRDA:251,28,1,0
BRDA:253,29,0,0
BRDA:253,29,1,0
BRDA:256,30,0,0
BRDA:256,30,1,0
BRDA:291,31,0,0
BRDA:291,31,1,0
BRDA:294,32,0,0
BRDA:294,32,1,0
BRDA:294,33,0,0
BRDA:294,33,1,0
BRDA:295,34,0,0
BRDA:295,34,1,0
BRDA:295,35,0,0
BRDA:295,35,1,0
BRDA:299,36,0,0
BRDA:299,36,1,0
BRDA:324,37,0,0
BRDA:324,37,1,0
BRDA:328,38,0,0
BRDA:328,38,1,0
BRDA:329,39,0,0
BRDA:329,39,1,0
BRDA:348,40,0,0
BRDA:348,40,1,0
BRDA:348,41,0,0
BRDA:348,41,1,0
BRDA:355,42,0,0
BRDA:355,42,1,0
BRDA:365,43,0,0
BRDA:365,43,1,0
BRDA:368,44,0,0
BRDA:368,44,1,0
BRDA:372,45,0,0
BRDA:372,45,1,0
BRDA:375,46,0,0
BRDA:375,46,1,0
BRDA:378,47,0,0
BRDA:378,47,1,0
BRDA:379,48,0,0
BRDA:379,48,1,0
BRF:102
BRH:0
end_of_record
TN:
SF:src\components\ErrorBoundary.jsx
FN:9,(anonymous_0)
FN:14,(anonymous_1)
FN:18,(anonymous_2)
FN:23,(anonymous_3)
FN:27,(anonymous_4)
FNF:5
FNH:0
FNDA:0,(anonymous_0)
FNDA:0,(anonymous_1)
FNDA:0,(anonymous_2)
FNDA:0,(anonymous_3)
FNDA:0,(anonymous_4)
DA:10,0
DA:11,0
DA:15,0
DA:20,0
DA:23,0
DA:24,0
DA:28,0
DA:30,0
DA:32,0
DA:58,0
LF:10
LH:0
BRDA:28,0,0,0
BRDA:28,0,1,0
BRDA:30,1,0,0
BRDA:45,2,0,0
BRDA:45,2,1,0
BRF:5
BRH:0
end_of_record
TN:
SF:src\components\MemberProfileGate.jsx
FN:14,MemberProfileGate
FN:19,(anonymous_1)
FN:32,(anonymous_2)
FNF:3
FNH:3
FNDA:71,MemberProfileGate
FNDA:37,(anonymous_1)
FNDA:37,(anonymous_2)
DA:15,71
DA:16,71
DA:17,71
DA:19,71
DA:20,37
DA:21,37
DA:22,37
DA:23,37
DA:24,37
DA:26,0
DA:28,37
DA:32,71
DA:34,71
DA:36,34
DA:45,34
LF:15
LH:14
BRDA:26,0,0,0
BRDA:26,0,1,0
BRDA:34,1,0,37
BRDA:34,1,1,34
BRDA:36,2,0,0
BRDA:36,2,1,34
BRF:6
BRH:3
end_of_record
TN:
SF:src\components\Navbar.jsx
FN:5,Navbar
FN:9,(anonymous_1)
FNF:2
FNH:0
FNDA:0,Navbar
FNDA:0,(anonymous_1)
DA:6,0
DA:7,0
DA:9,0
DA:10,0
DA:11,0
DA:14,0
DA:15,0
DA:17,0
DA:30,0
LF:9
LH:0
BRDA:15,0,0,0
BRDA:15,0,1,0
BRF:2
BRH:0
end_of_record
TN:
SF:src\components\NotificationBell.jsx
FN:32,timeAgo
FN:50,getMeta
FN:56,NotificationBell
FN:77,(anonymous_3)
FN:81,(anonymous_4)
FN:84,(anonymous_5)
FN:88,(anonymous_6)
FN:89,(anonymous_7)
FN:93,(anonymous_8)
FN:97,(anonymous_9)
FN:99,(anonymous_10)
FN:106,(anonymous_11)
FN:113,(anonymous_12)
FN:121,(anonymous_13)
FN:223,(anonymous_14)
FN:230,(anonymous_15)
FN:251,(anonymous_16)
FN:256,(anonymous_17)
FN:265,(anonymous_18)
FN:266,(anonymous_19)
FN:304,(anonymous_20)
FNF:21
FNH:0
FNDA:0,timeAgo
FNDA:0,getMeta
FNDA:0,NotificationBell
FNDA:0,(anonymous_3)
FNDA:0,(anonymous_4)
FNDA:0,(anonymous_5)
FNDA:0,(anonymous_6)
FNDA:0,(anonymous_7)
FNDA:0,(anonymous_8)
FNDA:0,(anonymous_9)
FNDA:0,(anonymous_10)
FNDA:0,(anonymous_11)
FNDA:0,(anonymous_12)
FNDA:0,(anonymous_13)
FNDA:0,(anonymous_14)
FNDA:0,(anonymous_15)
FNDA:0,(anonymous_16)
FNDA:0,(anonymous_17)
FNDA:0,(anonymous_18)
FNDA:0,(anonymous_19)
FNDA:0,(anonymous_20)
DA:33,0
DA:34,0
DA:35,0
DA:36,0
DA:37,0
DA:38,0
DA:39,0
DA:40,0
DA:43,0
DA:51,0
DA:57,0
DA:58,0
DA:59,0
DA:60,0
DA:63,0
DA:66,0
DA:67,0
DA:68,0
DA:69,0
DA:70,0
DA:71,0
DA:74,0
DA:77,0
DA:78,0
DA:79,0
DA:81,0
DA:82,0
DA:84,0
DA:88,0
DA:89,0
DA:90,0
DA:92,0
DA:93,0
DA:97,0
DA:98,0
DA:99,0
DA:100,0
DA:101,0
DA:106,0
DA:107,0
DA:108,0
DA:113,0
DA:114,0
DA:115,0
DA:116,0
DA:121,0
DA:122,0
DA:123,0
DA:127,0
DA:129,0
DA:223,0
DA:230,0
DA:252,0
DA:253,0
DA:256,0
DA:265,0
DA:266,0
DA:304,0
LF:58
LH:0
BRDA:33,0,0,0
BRDA:33,0,1,0
BRDA:35,1,0,0
BRDA:35,1,1,0
BRDA:37,2,0,0
BRDA:37,2,1,0
BRDA:38,3,0,0
BRDA:38,3,1,0
BRDA:39,4,0,0
BRDA:39,4,1,0
BRDA:51,5,0,0
BRDA:51,5,1,0
BRDA:63,6,0,0
BRDA:63,6,1,0
BRDA:63,6,2,0
BRDA:63,6,3,0
BRDA:78,7,0,0
BRDA:78,7,1,0
BRDA:90,8,0,0
BRDA:90,8,1,0
BRDA:90,9,0,0
BRDA:90,9,1,0
BRDA:92,10,0,0
BRDA:92,10,1,0
BRDA:100,11,0,0
BRDA:100,11,1,0
BRDA:100,12,0,0
BRDA:100,12,1,0
BRDA:100,12,2,0
BRDA:107,13,0,0
BRDA:107,13,1,0
BRDA:107,14,0,0
BRDA:107,14,1,0
BRDA:107,14,2,0
BRDA:115,15,0,0
BRDA:115,15,1,0
BRDA:123,16,0,0
BRDA:123,16,1,0
BRDA:127,17,0,0
BRDA:127,17,1,0
BRDA:127,18,0,0
BRDA:127,18,1,0
BRDA:135,19,0,0
BRDA:135,19,1,0
BRDA:137,20,0,0
BRDA:137,20,1,0
BRDA:138,21,0,0
BRDA:138,21,1,0
BRDA:142,22,0,0
BRDA:142,22,1,0
BRDA:156,23,0,0
BRDA:156,23,1,0
BRDA:162,24,0,0
BRDA:162,24,1,0
BRDA:180,25,0,0
BRDA:180,25,1,0
BRDA:182,26,0,0
BRDA:182,26,1,0
BRDA:186,27,0,0
BRDA:186,27,1,0
BRDA:210,28,0,0
BRDA:210,28,1,0
BRDA:213,29,0,0
BRDA:213,29,1,0
BRDA:213,30,0,0
BRDA:213,30,1,0
BRDA:223,31,0,0
BRDA:223,31,1,0
BRDA:228,32,0,0
BRDA:228,32,1,0
BRDA:230,33,0,0
BRDA:230,33,1,0
BRDA:240,34,0,0
BRDA:240,34,1,0
BRDA:240,35,0,0
BRDA:240,35,1,0
BRDA:244,36,0,0
BRDA:244,36,1,0
BRDA:260,37,0,0
BRDA:260,37,1,0
BRDA:261,38,0,0
BRDA:261,38,1,0
BRDA:266,39,0,0
BRDA:266,39,1,0
BRDA:281,40,0,0
BRDA:281,40,1,0
BRDA:282,41,0,0
BRDA:282,41,1,0
BRDA:297,42,0,0
BRDA:297,42,1,0
BRDA:318,43,0,0
BRDA:318,43,1,0
BRDA:326,44,0,0
BRDA:326,44,1,0
BRDA:329,45,0,0
BRDA:329,45,1,0
BRDA:338,46,0,0
BRDA:338,46,1,0
BRDA:344,47,0,0
BRDA:344,47,1,0
BRDA:345,48,0,0
BRDA:345,48,1,0
BRF:102
BRH:0
end_of_record
TN:
SF:src\components\ProtectedRoute.jsx
FN:8,ProtectedRoute
FNF:1
FNH:1
FNDA:5,ProtectedRoute
DA:9,5
DA:14,5
DA:15,5
DA:17,5
DA:18,4
DA:19,3
LF:6
LH:6
BRDA:14,0,0,5
BRDA:14,0,1,1
BRDA:15,1,0,5
BRDA:15,1,1,1
BRDA:17,2,0,1
BRDA:17,2,1,4
BRDA:18,3,0,1
BRDA:18,3,1,3
BRDA:18,4,0,4
BRDA:18,4,1,3
BRF:10
BRH:10
end_of_record
TN:
SF:src\components\Sidebar.jsx
FN:49,Sidebar
FN:56,(anonymous_1)
FN:74,(anonymous_2)
FN:78,(anonymous_3)
FN:79,(anonymous_4)
FN:82,(anonymous_5)
FN:83,(anonymous_6)
FN:85,(anonymous_7)
FN:95,(anonymous_8)
FN:123,(anonymous_9)
FN:130,(anonymous_10)
FNF:11
FNH:0
FNDA:0,Sidebar
FNDA:0,(anonymous_1)
FNDA:0,(anonymous_2)
FNDA:0,(anonymous_3)
FNDA:0,(anonymous_4)
FNDA:0,(anonymous_5)
FNDA:0,(anonymous_6)
FNDA:0,(anonymous_7)
FNDA:0,(anonymous_8)
FNDA:0,(anonymous_9)
FNDA:0,(anonymous_10)
DA:12,0
DA:24,0
DA:33,0
DA:43,0
DA:50,0
DA:51,0
DA:53,0
DA:54,0
DA:56,0
DA:57,0
DA:58,0
DA:61,0
DA:72,0
DA:74,0
DA:75,0
DA:76,0
DA:77,0
DA:78,0
DA:80,0
DA:81,0
DA:82,0
DA:85,0
DA:95,0
DA:96,0
DA:97,0
DA:98,0
DA:99,0
DA:100,0
DA:102,0
DA:103,0
DA:104,0
DA:107,0
DA:109,0
DA:113,0
DA:115,0
DA:124,0
DA:130,0
LF:37
LH:0
BRDA:53,0,0,0
BRDA:53,0,1,0
BRDA:53,1,0,0
BRDA:53,1,1,0
BRDA:54,2,0,0
BRDA:54,2,1,0
BRDA:61,3,0,0
BRDA:61,3,1,0
BRDA:76,4,0,0
BRDA:76,4,1,0
BRDA:76,5,0,0
BRDA:76,5,1,0
BRDA:78,6,0,0
BRDA:78,6,1,0
BRDA:78,7,0,0
BRDA:78,7,1,0
BRDA:80,8,0,0
BRDA:80,8,1,0
BRDA:80,9,0,0
BRDA:80,9,1,0
BRDA:82,10,0,0
BRDA:82,10,1,0
BRDA:82,11,0,0
BRDA:82,11,1,0
BRDA:96,12,0,0
BRDA:96,12,1,0
BRDA:98,13,0,0
BRDA:98,13,1,0
BRDA:99,14,0,0
BRDA:99,14,1,0
BRDA:100,15,0,0
BRDA:100,15,1,0
BRDA:100,16,0,0
BRDA:100,16,1,0
BRDA:102,17,0,0
BRDA:102,17,1,0
BRDA:103,18,0,0
BRDA:103,18,1,0
BRDA:104,19,0,0
BRDA:104,19,1,0
BRDA:104,20,0,0
BRDA:104,20,1,0
BRDA:107,21,0,0
BRDA:107,21,1,0
BRDA:109,22,0,0
BRDA:109,22,1,0
BRDA:124,23,0,0
BRDA:124,23,1,0
BRDA:129,24,0,0
BRDA:129,24,1,0
BRDA:148,25,0,0
BRDA:148,25,1,0
BRF:52
BRH:0
end_of_record
TN:
SF:src\components\Skeleton.jsx
FN:11,SkeletonBar
FN:26,SkeletonStat
FN:39,SkeletonCard
FN:43,(anonymous_3)
FN:56,SkeletonRow
FN:59,(anonymous_5)
FN:67,SkeletonTable
FN:72,(anonymous_7)
FN:77,(anonymous_8)
FN:85,SkeletonGrid
FN:94,(anonymous_10)
FN:102,SkeletonAdminOverview
FN:107,(anonymous_12)
FN:123,SkeletonMemberDashboard
FN:127,(anonymous_14)
FNF:15
FNH:13
FNDA:735,SkeletonBar
FNDA:45,SkeletonStat
FNDA:60,SkeletonCard
FNDA:180,(anonymous_3)
FNDA:75,SkeletonRow
FNDA:300,(anonymous_5)
FNDA:15,SkeletonTable
FNDA:60,(anonymous_7)
FNDA:75,(anonymous_8)
FNDA:15,SkeletonGrid
FNDA:60,(anonymous_10)
FNDA:0,SkeletonAdminOverview
FNDA:0,(anonymous_12)
FNDA:15,SkeletonMemberDashboard
FNDA:45,(anonymous_14)
DA:12,735
DA:27,45
DA:40,60
DA:44,180
DA:57,75
DA:60,300
DA:68,15
DA:73,60
DA:78,75
DA:86,15
DA:95,60
DA:103,0
DA:108,0
DA:124,15
DA:128,45
DA:138,1
DA:193,1
DA:194,1
DA:195,1
DA:196,1
DA:197,1
DA:198,1
DA:216,1
LF:23
LH:21
BRDA:11,0,0,0
BRDA:11,1,0,0
BRDA:11,2,0,690
BRDA:11,3,0,450
BRDA:39,4,0,60
BRDA:46,5,0,60
BRDA:46,5,1,120
BRDA:56,6,0,0
BRDA:60,7,0,75
BRDA:60,7,1,225
BRDA:67,8,0,0
BRDA:67,9,0,0
BRDA:73,10,0,15
BRDA:73,10,1,45
BRDA:85,11,0,0
BRDA:85,12,0,0
BRDA:193,13,0,1
BRDA:193,13,1,0
BRDA:195,14,0,1
BRDA:195,14,1,0
BRF:20
BRH:11
end_of_record
TN:
SF:src\components\Toast.jsx
FN:25,ToastProvider
FN:29,(anonymous_1)
FN:30,(anonymous_2)
FN:30,(anonymous_3)
FN:34,(anonymous_4)
FN:35,(anonymous_5)
FN:37,(anonymous_6)
FN:43,(anonymous_7)
FN:45,(anonymous_8)
FN:46,(anonymous_9)
FN:48,(anonymous_10)
FN:49,(anonymous_11)
FN:52,(anonymous_12)
FN:66,useToast
FN:73,ToastContainer
FN:77,(anonymous_15)
FN:84,ToastItem
FN:103,(anonymous_17)
FNF:18
FNH:0
FNDA:0,ToastProvider
FNDA:0,(anonymous_1)
FNDA:0,(anonymous_2)
FNDA:0,(anonymous_3)
FNDA:0,(anonymous_4)
FNDA:0,(anonymous_5)
FNDA:0,(anonymous_6)
FNDA:0,(anonymous_7)
FNDA:0,(anonymous_8)
FNDA:0,(anonymous_9)
FNDA:0,(anonymous_10)
FNDA:0,(anonymous_11)
FNDA:0,(anonymous_12)
FNDA:0,useToast
FNDA:0,ToastContainer
FNDA:0,(anonymous_15)
FNDA:0,ToastItem
FNDA:0,(anonymous_17)
DA:13,0
DA:20,0
DA:23,0
DA:26,0
DA:27,0
DA:29,0
DA:30,0
DA:34,0
DA:35,0
DA:36,0
DA:37,0
DA:42,0
DA:44,0
DA:45,0
DA:46,0
DA:48,0
DA:49,0
DA:52,0
DA:58,0
DA:67,0
DA:68,0
DA:69,0
DA:74,0
DA:75,0
DA:78,0
DA:85,0
DA:86,0
DA:88,0
DA:103,0
DA:125,0
LF:30
LH:0
BRDA:43,0,0,0
BRDA:49,1,0,0
BRDA:49,1,1,0
BRDA:68,2,0,0
BRDA:68,2,1,0
BRDA:74,3,0,0
BRDA:74,3,1,0
BRDA:86,4,0,0
BRDA:86,4,1,0
BRDA:94,5,0,0
BRDA:94,5,1,0
BRF:11
BRH:0
end_of_record
TN:
SF:src\components\TrainerProfileGate.jsx
FN:13,TrainerProfileGate
FN:18,(anonymous_1)
FN:31,(anonymous_2)
FNF:3
FNH:0
FNDA:0,TrainerProfileGate
FNDA:0,(anonymous_1)
FNDA:0,(anonymous_2)
DA:14,0
DA:15,0
DA:16,0
DA:18,0
DA:19,0
DA:20,0
DA:21,0
DA:22,0
DA:23,0
DA:25,0
DA:27,0
DA:31,0
DA:33,0
DA:35,0
DA:44,0
LF:15
LH:0
BRDA:25,0,0,0
BRDA:25,0,1,0
BRDA:33,1,0,0
BRDA:33,1,1,0
BRDA:35,2,0,0
BRDA:35,2,1,0
BRF:6
BRH:0
end_of_record
TN:
SF:src\components\UI.jsx
FN:6,Spinner
FN:23,LoadingCenter
FN:32,Alert
FN:37,Modal
FN:39,(anonymous_4)
FN:52,ConfirmModal
FN:62,(anonymous_6)
FN:72,StatusBadge
FN:82,EmptyState
FN:92,FormGroup
FN:102,SectionHeader
FNF:11
FNH:11
FNDA:136,Spinner
FNDA:92,LoadingCenter
FNDA:12,Alert
FNDA:94,Modal
FNDA:53,(anonymous_4)
FNDA:8,ConfirmModal
FNDA:1,(anonymous_6)
FNDA:121,StatusBadge
FNDA:57,EmptyState
FNDA:138,FormGroup
FNDA:92,SectionHeader
DA:7,136
DA:24,92
DA:33,12
DA:38,94
DA:39,53
DA:53,8
DA:54,8
DA:62,1
DA:73,121
DA:78,121
DA:83,57
DA:93,138
DA:103,92
LF:13
LH:13
BRDA:6,0,0,94
BRDA:23,1,0,90
BRDA:32,2,0,2
BRDA:37,3,0,94
BRDA:39,4,0,53
BRDA:39,4,1,1
BRDA:52,5,0,7
BRDA:60,6,0,7
BRDA:60,6,1,1
BRDA:64,7,0,1
BRDA:64,7,1,7
BRDA:78,8,0,121
BRDA:78,8,1,3
BRDA:82,9,0,3
BRDA:82,10,0,2
BRF:15
BRH:15
end_of_record
TN:
SF:src\context\AuthContext.jsx
FN:19,decodeJwtPayload
FN:31,(anonymous_1)
FN:42,AuthProvider
FN:43,(anonymous_3)
FN:44,(anonymous_4)
FN:45,(anonymous_5)
FN:46,(anonymous_6)
FN:51,(anonymous_7)
FN:70,(anonymous_8)
FN:93,(anonymous_9)
FN:109,useAuth
FNF:11
FNH:10
FNDA:5,decodeJwtPayload
FNDA:0,(anonymous_1)
FNDA:21,AuthProvider
FNDA:15,(anonymous_3)
FNDA:15,(anonymous_4)
FNDA:15,(anonymous_5)
FNDA:15,(anonymous_6)
FNDA:15,(anonymous_7)
FNDA:5,(anonymous_8)
FNDA:1,(anonymous_9)
FNDA:113,useAuth
DA:10,3
DA:20,5
DA:21,5
DA:24,5
DA:25,5
DA:27,0
DA:28,0
DA:31,0
DA:34,0
DA:36,0
DA:43,21
DA:44,21
DA:45,21
DA:46,21
DA:51,21
DA:70,21
DA:72,5
DA:76,5
DA:80,5
DA:81,5
DA:82,5
DA:83,5
DA:84,5
DA:86,5
DA:87,5
DA:88,5
DA:89,5
DA:90,5
DA:93,21
DA:94,1
DA:95,1
DA:96,1
DA:97,1
DA:98,1
DA:99,1
DA:102,21
DA:110,113
LF:37
LH:32
BRDA:20,0,0,0
BRDA:20,0,1,5
BRDA:25,1,0,5
BRDA:25,1,1,0
BRDA:70,2,0,3
BRDA:76,3,0,5
BRDA:76,3,1,5
BRDA:76,4,0,0
BRDA:76,4,1,5
BRDA:77,5,0,2
BRDA:77,5,1,3
BRDA:82,6,0,5
BRDA:82,6,1,0
BRDA:83,7,0,5
BRDA:83,7,1,0
BRDA:84,8,0,2
BRDA:84,8,1,3
BRF:17
BRH:12
end_of_record
TN:
SF:src\hooks\useNotificationSSE.js
FN:21,useNotificationSSE
FN:29,(anonymous_1)
FN:39,(anonymous_2)
FN:45,(anonymous_3)
FN:58,(anonymous_4)
FN:67,(anonymous_5)
FN:83,(anonymous_6)
FN:87,(anonymous_7)
FN:96,(anonymous_8)
FNF:9
FNH:0
FNDA:0,useNotificationSSE
FNDA:0,(anonymous_1)
FNDA:0,(anonymous_2)
FNDA:0,(anonymous_3)
FNDA:0,(anonymous_4)
FNDA:0,(anonymous_5)
FNDA:0,(anonymous_6)
FNDA:0,(anonymous_7)
FNDA:0,(anonymous_8)
DA:17,0
DA:18,0
DA:19,0
DA:22,0
DA:23,0
DA:24,0
DA:25,0
DA:26,0
DA:27,0
DA:29,0
DA:30,0
DA:33,0
DA:34,0
DA:36,0
DA:37,0
DA:39,0
DA:40,0
DA:41,0
DA:45,0
DA:46,0
DA:47,0
DA:48,0
DA:51,0
DA:53,0
DA:58,0
DA:59,0
DA:60,0
DA:61,0
DA:63,0
DA:67,0
DA:68,0
DA:69,0
DA:71,0
DA:72,0
DA:73,0
DA:74,0
DA:77,0
DA:78,0
DA:79,0
DA:83,0
DA:84,0
DA:85,0
DA:87,0
DA:88,0
DA:89,0
DA:90,0
DA:91,0
DA:95,0
DA:97,0
DA:98,0
LF:50
LH:0
BRDA:30,0,0,0
BRDA:30,0,1,0
BRDA:30,1,0,0
BRDA:30,1,1,0
BRDA:34,2,0,0
BRDA:34,2,1,0
BRDA:61,3,0,0
BRDA:61,3,1,0
BRDA:71,4,0,0
BRDA:71,4,1,0
BRDA:72,5,0,0
BRDA:72,5,1,0
BRDA:85,6,0,0
BRDA:85,6,1,0
BRF:14
BRH:0
end_of_record
TN:
SF:src\pages\AdminDashboard.jsx
FN:14,AdminDashboard
FNF:1
FNH:0
FNDA:0,AdminDashboard
DA:15,0
DA:17,0
DA:27,0
LF:3
LH:0
BRDA:31,0,0,0
BRDA:31,0,1,0
BRF:2
BRH:0
end_of_record
TN:
SF:src\pages\Forbidden.jsx
FN:3,Forbidden
FN:14,(anonymous_1)
FNF:2
FNH:0
FNDA:0,Forbidden
FNDA:0,(anonymous_1)
DA:4,0
DA:5,0
DA:14,0
LF:3
LH:0
BRF:0
BRH:0
end_of_record
TN:
SF:src\pages\MemberDashboard.jsx
FN:12,MemberDashboard
FNF:1
FNH:0
FNDA:0,MemberDashboard
DA:13,0
DA:14,0
DA:21,0
LF:3
LH:0
BRDA:24,0,0,0
BRDA:24,0,1,0
BRF:2
BRH:0
end_of_record
TN:
SF:src\pages\TrainerDashboard.jsx
FN:10,TrainerDashboard
FNF:1
FNH:0
FNDA:0,TrainerDashboard
DA:11,0
DA:12,0
DA:18,0
LF:3
LH:0
BRDA:21,0,0,0
BRDA:21,0,1,0
BRF:2
BRH:0
end_of_record
TN:
SF:src\pages\admin\AdminProfile.jsx
FN:8,AdminProfile
FN:69,InfoRow
FNF:2
FNH:0
FNDA:0,AdminProfile
FNDA:0,InfoRow
DA:9,0
DA:11,0
DA:13,0
DA:70,0
LF:4
LH:0
BRDA:11,0,0,0
BRDA:11,0,1,0
BRDA:11,0,2,0
BRDA:34,1,0,0
BRDA:34,1,1,0
BRDA:44,2,0,0
BRDA:44,2,1,0
BRDA:45,3,0,0
BRDA:45,3,1,0
BRDA:48,4,0,0
BRDA:48,4,1,0
BRDA:69,5,0,0
BRF:12
BRH:0
end_of_record
TN:
SF:src\pages\admin\Bookings.jsx
FN:7,AdminBookings
FN:15,(anonymous_1)
FN:21,(anonymous_2)
FN:28,(anonymous_3)
FN:29,(anonymous_4)
FN:36,(anonymous_5)
FN:38,(anonymous_6)
FN:40,(anonymous_7)
FN:62,(anonymous_8)
FN:63,(anonymous_9)
FN:68,(anonymous_10)
FN:83,(anonymous_11)
FN:98,(anonymous_12)
FN:99,(anonymous_13)
FN:112,(anonymous_14)
FN:112,(anonymous_15)
FN:118,NewBookingForm
FN:126,(anonymous_17)
FN:128,(anonymous_18)
FN:129,(anonymous_19)
FN:132,(anonymous_20)
FN:133,(anonymous_21)
FN:135,(anonymous_22)
FN:136,(anonymous_23)
FN:140,(anonymous_24)
FN:154,(anonymous_25)
FN:155,(anonymous_26)
FN:156,(anonymous_27)
FN:159,(anonymous_28)
FN:165,(anonymous_29)
FN:170,(anonymous_30)
FN:171,(anonymous_31)
FN:172,(anonymous_32)
FN:175,(anonymous_33)
FN:179,(anonymous_34)
FN:179,(anonymous_35)
FNF:36
FNH:0
FNDA:0,AdminBookings
FNDA:0,(anonymous_1)
FNDA:0,(anonymous_2)
FNDA:0,(anonymous_3)
FNDA:0,(anonymous_4)
FNDA:0,(anonymous_5)
FNDA:0,(anonymous_6)
FNDA:0,(anonymous_7)
FNDA:0,(anonymous_8)
FNDA:0,(anonymous_9)
FNDA:0,(anonymous_10)
FNDA:0,(anonymous_11)
FNDA:0,(anonymous_12)
FNDA:0,(anonymous_13)
FNDA:0,(anonymous_14)
FNDA:0,(anonymous_15)
FNDA:0,NewBookingForm
FNDA:0,(anonymous_17)
FNDA:0,(anonymous_18)
FNDA:0,(anonymous_19)
FNDA:0,(anonymous_20)
FNDA:0,(anonymous_21)
FNDA:0,(anonymous_22)
FNDA:0,(anonymous_23)
FNDA:0,(anonymous_24)
FNDA:0,(anonymous_25)
FNDA:0,(anonymous_26)
FNDA:0,(anonymous_27)
FNDA:0,(anonymous_28)
FNDA:0,(anonymous_29)
FNDA:0,(anonymous_30)
FNDA:0,(anonymous_31)
FNDA:0,(anonymous_32)
FNDA:0,(anonymous_33)
FNDA:0,(anonymous_34)
FNDA:0,(anonymous_35)
DA:8,0
DA:9,0
DA:10,0
DA:11,0
DA:12,0
DA:15,0
DA:16,0
DA:17,0
DA:19,0
DA:20,0
DA:21,0
DA:22,0
DA:23,0
DA:24,0
DA:28,0
DA:29,0
DA:30,0
DA:32,0
DA:33,0
DA:36,0
DA:38,0
DA:40,0
DA:41,0
DA:42,0
DA:43,0
DA:44,0
DA:46,0
DA:50,0
DA:63,0
DA:68,0
DA:84,0
DA:98,0
DA:99,0
DA:112,0
DA:119,0
DA:120,0
DA:121,0
DA:122,0
DA:123,0
DA:124,0
DA:126,0
DA:127,0
DA:128,0
DA:132,0
DA:133,0
DA:134,0
DA:135,0
DA:136,0
DA:137,0
DA:140,0
DA:141,0
DA:142,0
DA:143,0
DA:144,0
DA:145,0
DA:146,0
DA:149,0
DA:155,0
DA:156,0
DA:159,0
DA:165,0
DA:171,0
DA:172,0
DA:175,0
DA:179,0
LF:65
LH:0
BRDA:38,0,0,0
BRDA:38,0,1,0
BRDA:42,1,0,0
BRDA:42,1,1,0
BRDA:43,2,0,0
BRDA:43,2,1,0
BRDA:46,3,0,0
BRDA:46,3,1,0
BRDA:57,4,0,0
BRDA:57,4,1,0
BRDA:63,5,0,0
BRDA:63,5,1,0
BRDA:64,6,0,0
BRDA:64,6,1,0
BRDA:71,7,0,0
BRDA:71,7,1,0
BRDA:71,8,0,0
BRDA:71,8,1,0
BRDA:96,9,0,0
BRDA:96,9,1,0
BRDA:112,10,0,0
BRDA:112,10,1,0
BRDA:134,11,0,0
BRDA:134,11,1,0
BRDA:145,12,0,0
BRDA:145,12,1,0
BRDA:152,13,0,0
BRDA:152,13,1,0
BRDA:156,14,0,0
BRDA:156,14,1,0
BRDA:156,15,0,0
BRDA:156,15,1,0
BRDA:168,16,0,0
BRDA:168,16,1,0
BRDA:172,17,0,0
BRDA:172,17,1,0
BRDA:172,18,0,0
BRDA:172,18,1,0
BRDA:182,19,0,0
BRDA:182,19,1,0
BRF:40
BRH:0
end_of_record
TN:
SF:src\pages\admin\Members.jsx
FN:7,AdminMembers
FN:16,(anonymous_1)
FN:28,(anonymous_2)
FN:30,(anonymous_3)
FN:48,(anonymous_4)
FN:51,(anonymous_5)
FN:68,(anonymous_6)
FN:77,(anonymous_7)
FN:78,(anonymous_8)
FN:92,(anonymous_9)
FN:93,(anonymous_10)
FN:101,(anonymous_11)
FN:102,(anonymous_12)
FN:114,MemberForm
FN:122,(anonymous_14)
FN:122,(anonymous_15)
FN:124,(anonymous_16)
FNF:17
FNH:0
FNDA:0,AdminMembers
FNDA:0,(anonymous_1)
FNDA:0,(anonymous_2)
FNDA:0,(anonymous_3)
FNDA:0,(anonymous_4)
FNDA:0,(anonymous_5)
FNDA:0,(anonymous_6)
FNDA:0,(anonymous_7)
FNDA:0,(anonymous_8)
FNDA:0,(anonymous_9)
FNDA:0,(anonymous_10)
FNDA:0,(anonymous_11)
FNDA:0,(anonymous_12)
FNDA:0,MemberForm
FNDA:0,(anonymous_14)
FNDA:0,(anonymous_15)
FNDA:0,(anonymous_16)
DA:8,0
DA:9,0
DA:10,0
DA:11,0
DA:12,0
DA:13,0
DA:14,0
DA:16,0
DA:17,0
DA:18,0
DA:19,0
DA:20,0
DA:22,0
DA:24,0
DA:28,0
DA:30,0
DA:31,0
DA:35,0
DA:48,0
DA:51,0
DA:69,0
DA:77,0
DA:78,0
DA:92,0
DA:93,0
DA:101,0
DA:103,0
DA:104,0
DA:105,0
DA:115,0
DA:119,0
DA:120,0
DA:122,0
DA:124,0
DA:125,0
DA:126,0
DA:127,0
DA:128,0
DA:129,0
DA:131,0
DA:133,0
DA:137,0
LF:42
LH:0
BRDA:22,0,0,0
BRDA:22,0,1,0
BRDA:31,1,0,0
BRDA:31,1,1,0
BRDA:42,2,0,0
BRDA:42,2,1,0
BRDA:56,3,0,0
BRDA:56,3,1,0
BRDA:56,4,0,0
BRDA:56,4,1,0
BRDA:72,5,0,0
BRDA:72,5,1,0
BRDA:73,6,0,0
BRDA:73,6,1,0
BRDA:74,7,0,0
BRDA:74,7,1,0
BRDA:89,8,0,0
BRDA:89,8,1,0
BRDA:97,9,0,0
BRDA:97,9,1,0
BRDA:127,10,0,0
BRDA:127,10,1,0
BRDA:131,11,0,0
BRDA:131,11,1,0
BRDA:138,12,0,0
BRDA:138,12,1,0
BRDA:140,13,0,0
BRDA:140,13,1,0
BRDA:164,14,0,0
BRDA:164,14,1,0
BRDA:164,15,0,0
BRDA:164,15,1,0
BRF:32
BRH:0
end_of_record
TN:
SF:src\pages\admin\Overview.jsx
FN:7,AdminOverview
FN:13,(anonymous_1)
FN:15,(anonymous_2)
FN:26,(anonymous_3)
FN:36,(anonymous_4)
FN:49,(anonymous_5)
FN:86,(anonymous_6)
FN:94,(anonymous_7)
FN:110,(anonymous_8)
FN:119,QuickActionButton
FN:123,(anonymous_10)
FN:124,(anonymous_11)
FN:125,(anonymous_12)
FNF:13
FNH:0
FNDA:0,AdminOverview
FNDA:0,(anonymous_1)
FNDA:0,(anonymous_2)
FNDA:0,(anonymous_3)
FNDA:0,(anonymous_4)
FNDA:0,(anonymous_5)
FNDA:0,(anonymous_6)
FNDA:0,(anonymous_7)
FNDA:0,(anonymous_8)
FNDA:0,QuickActionButton
FNDA:0,(anonymous_10)
FNDA:0,(anonymous_11)
FNDA:0,(anonymous_12)
DA:8,0
DA:9,0
DA:10,0
DA:13,0
DA:14,0
DA:15,0
DA:16,0
DA:17,0
DA:18,0
DA:19,0
DA:25,0
DA:26,0
DA:27,0
DA:28,0
DA:30,0
DA:31,0
DA:32,0
DA:33,0
DA:34,0
DA:36,0
DA:43,0
DA:45,0
DA:48,0
DA:49,0
DA:52,0
DA:60,0
DA:68,0
DA:86,0
DA:95,0
DA:110,0
DA:120,0
DA:121,0
DA:123,0
DA:124,0
DA:125,0
DA:142,0
LF:36
LH:0
BRDA:25,0,0,0
BRDA:25,0,1,0
BRDA:27,1,0,0
BRDA:27,1,1,0
BRDA:30,2,0,0
BRDA:30,2,1,0
BRDA:31,3,0,0
BRDA:31,3,1,0
BRDA:32,4,0,0
BRDA:32,4,1,0
BRDA:33,5,0,0
BRDA:33,5,1,0
BRDA:43,6,0,0
BRDA:43,6,1,0
BRDA:45,7,0,0
BRDA:45,7,1,0
BRDA:77,8,0,0
BRDA:77,8,1,0
BRDA:77,8,2,0
BRDA:90,9,0,0
BRDA:90,9,1,0
BRDA:99,10,0,0
BRDA:99,10,1,0
BRDA:99,11,0,0
BRDA:99,11,1,0
BRDA:128,12,0,0
BRDA:128,12,1,0
BRDA:131,13,0,0
BRDA:131,13,1,0
BRF:29
BRH:0
end_of_record
TN:
SF:src\pages\admin\Payments.jsx
FN:7,AdminPayments
FN:13,(anonymous_1)
FN:17,(anonymous_2)
FN:23,(anonymous_3)
FN:25,(anonymous_4)
FN:27,(anonymous_5)
FN:27,(anonymous_6)
FN:28,(anonymous_7)
FN:29,(anonymous_8)
FN:29,(anonymous_9)
FN:31,(anonymous_10)
FN:57,(anonymous_11)
FN:70,(anonymous_12)
FN:71,(anonymous_13)
FN:90,(anonymous_14)
FN:103,(anonymous_15)
FNF:16
FNH:0
FNDA:0,AdminPayments
FNDA:0,(anonymous_1)
FNDA:0,(anonymous_2)
FNDA:0,(anonymous_3)
FNDA:0,(anonymous_4)
FNDA:0,(anonymous_5)
FNDA:0,(anonymous_6)
FNDA:0,(anonymous_7)
FNDA:0,(anonymous_8)
FNDA:0,(anonymous_9)
FNDA:0,(anonymous_10)
FNDA:0,(anonymous_11)
FNDA:0,(anonymous_12)
FNDA:0,(anonymous_13)
FNDA:0,(anonymous_14)
FNDA:0,(anonymous_15)
DA:8,0
DA:9,0
DA:10,0
DA:11,0
DA:13,0
DA:14,0
DA:15,0
DA:16,0
DA:17,0
DA:19,0
DA:20,0
DA:23,0
DA:25,0
DA:27,0
DA:28,0
DA:29,0
DA:31,0
DA:32,0
DA:33,0
DA:34,0
DA:36,0
DA:40,0
DA:42,0
DA:58,0
DA:71,0
DA:91,0
DA:103,0
LF:27
LH:0
BRDA:19,0,0,0
BRDA:19,0,1,0
BRDA:25,1,0,0
BRDA:25,1,1,0
BRDA:27,2,0,0
BRDA:27,2,1,0
BRDA:29,3,0,0
BRDA:29,3,1,0
BRDA:36,4,0,0
BRDA:36,4,1,0
BRDA:49,5,0,0
BRDA:49,5,1,0
BRDA:71,6,0,0
BRDA:71,6,1,0
BRDA:72,7,0,0
BRDA:72,7,1,0
BRDA:78,8,0,0
BRDA:78,8,1,0
BRDA:78,9,0,0
BRDA:78,9,1,0
BRDA:96,10,0,0
BRDA:96,10,1,0
BRDA:102,11,0,0
BRDA:102,11,1,0
BRF:24
BRH:0
end_of_record
TN:
SF:src\pages\admin\Plans.jsx
FN:7,AdminPlans
FN:15,(anonymous_1)
FN:25,(anonymous_2)
FN:39,(anonymous_3)
FN:68,(anonymous_4)
FN:69,(anonymous_5)
FN:76,(anonymous_6)
FN:84,(anonymous_7)
FN:85,(anonymous_8)
FN:97,(anonymous_9)
FN:97,(anonymous_10)
FN:103,(anonymous_11)
FN:104,(anonymous_12)
FN:112,PlanForm
FN:121,(anonymous_14)
FN:121,(anonymous_15)
FN:125,(anonymous_16)
FN:148,(anonymous_17)
FNF:18
FNH:0
FNDA:0,AdminPlans
FNDA:0,(anonymous_1)
FNDA:0,(anonymous_2)
FNDA:0,(anonymous_3)
FNDA:0,(anonymous_4)
FNDA:0,(anonymous_5)
FNDA:0,(anonymous_6)
FNDA:0,(anonymous_7)
FNDA:0,(anonymous_8)
FNDA:0,(anonymous_9)
FNDA:0,(anonymous_10)
FNDA:0,(anonymous_11)
FNDA:0,(anonymous_12)
FNDA:0,PlanForm
FNDA:0,(anonymous_14)
FNDA:0,(anonymous_15)
FNDA:0,(anonymous_16)
FNDA:0,(anonymous_17)
DA:8,0
DA:9,0
DA:10,0
DA:11,0
DA:12,0
DA:13,0
DA:15,0
DA:16,0
DA:17,0
DA:18,0
DA:19,0
DA:21,0
DA:22,0
DA:25,0
DA:27,0
DA:29,0
DA:40,0
DA:68,0
DA:69,0
DA:76,0
DA:84,0
DA:85,0
DA:97,0
DA:103,0
DA:104,0
DA:113,0
DA:119,0
DA:120,0
DA:121,0
DA:123,0
DA:125,0
DA:126,0
DA:127,0
DA:128,0
DA:132,0
DA:133,0
DA:134,0
DA:136,0
DA:137,0
DA:140,0
DA:148,0
LF:41
LH:0
BRDA:21,0,0,0
BRDA:21,0,1,0
BRDA:36,1,0,0
BRDA:36,1,1,0
BRDA:39,2,0,0
BRDA:39,2,1,0
BRDA:40,3,0,0
BRDA:40,3,1,0
BRDA:41,4,0,0
BRDA:41,4,1,0
BRDA:43,5,0,0
BRDA:43,5,1,0
BRDA:44,6,0,0
BRDA:44,6,1,0
BRDA:53,7,0,0
BRDA:53,7,1,0
BRDA:54,8,0,0
BRDA:54,8,1,0
BRDA:55,9,0,0
BRDA:55,9,1,0
BRDA:58,10,0,0
BRDA:58,10,1,0
BRDA:58,11,0,0
BRDA:58,11,1,0
BRDA:74,12,0,0
BRDA:74,12,1,0
BRDA:93,13,0,0
BRDA:93,13,1,0
BRDA:94,14,0,0
BRDA:94,14,1,0
BRDA:94,14,2,0
BRDA:96,15,0,0
BRDA:96,15,1,0
BRDA:99,16,0,0
BRDA:99,16,1,0
BRDA:116,17,0,0
BRDA:116,17,1,0
BRDA:130,18,0,0
BRDA:130,18,1,0
BRDA:132,19,0,0
BRDA:132,19,1,0
BRDA:136,20,0,0
BRDA:136,20,1,0
BRDA:141,21,0,0
BRDA:141,21,1,0
BRDA:143,22,0,0
BRDA:143,22,1,0
BRDA:148,23,0,0
BRDA:148,23,1,0
BRDA:173,24,0,0
BRDA:173,24,1,0
BRDA:173,25,0,0
BRDA:173,25,1,0
BRDA:177,26,0,0
BRDA:177,26,1,0
BRDA:177,27,0,0
BRDA:177,27,1,0
BRF:57
BRH:0
end_of_record
TN:
SF:src\pages\admin\Trainers.jsx
FN:7,AdminTrainers
FN:18,(anonymous_1)
FN:30,(anonymous_2)
FN:32,(anonymous_3)
FN:37,(anonymous_4)
FN:42,(anonymous_5)
FN:43,(anonymous_6)
FN:66,(anonymous_7)
FN:69,(anonymous_8)
FN:86,(anonymous_9)
FN:114,(anonymous_10)
FN:120,(anonymous_11)
FN:141,(anonymous_12)
FN:151,(anonymous_13)
FN:168,(anonymous_14)
FN:169,(anonymous_15)
FN:176,(anonymous_16)
FN:177,(anonymous_17)
FN:185,(anonymous_18)
FN:192,TrainerForm
FN:200,(anonymous_20)
FN:200,(anonymous_21)
FN:202,(anonymous_22)
FN:241,(anonymous_23)
FN:266,ScheduleModal
FN:275,(anonymous_25)
FN:277,(anonymous_26)
FN:278,(anonymous_27)
FN:279,(anonymous_28)
FN:282,(anonymous_29)
FN:297,(anonymous_30)
FN:311,(anonymous_31)
FN:312,(anonymous_32)
FN:316,(anonymous_33)
FN:319,(anonymous_34)
FN:335,(anonymous_35)
FNF:36
FNH:0
FNDA:0,AdminTrainers
FNDA:0,(anonymous_1)
FNDA:0,(anonymous_2)
FNDA:0,(anonymous_3)
FNDA:0,(anonymous_4)
FNDA:0,(anonymous_5)
FNDA:0,(anonymous_6)
FNDA:0,(anonymous_7)
FNDA:0,(anonymous_8)
FNDA:0,(anonymous_9)
FNDA:0,(anonymous_10)
FNDA:0,(anonymous_11)
FNDA:0,(anonymous_12)
FNDA:0,(anonymous_13)
FNDA:0,(anonymous_14)
FNDA:0,(anonymous_15)
FNDA:0,(anonymous_16)
FNDA:0,(anonymous_17)
FNDA:0,(anonymous_18)
FNDA:0,TrainerForm
FNDA:0,(anonymous_20)
FNDA:0,(anonymous_21)
FNDA:0,(anonymous_22)
FNDA:0,(anonymous_23)
FNDA:0,ScheduleModal
FNDA:0,(anonymous_25)
FNDA:0,(anonymous_26)
FNDA:0,(anonymous_27)
FNDA:0,(anonymous_28)
FNDA:0,(anonymous_29)
FNDA:0,(anonymous_30)
FNDA:0,(anonymous_31)
FNDA:0,(anonymous_32)
FNDA:0,(anonymous_33)
FNDA:0,(anonymous_34)
FNDA:0,(anonymous_35)
DA:8,0
DA:9,0
DA:10,0
DA:11,0
DA:12,0
DA:13,0
DA:14,0
DA:15,0
DA:16,0
DA:18,0
DA:19,0
DA:20,0
DA:21,0
DA:22,0
DA:24,0
DA:26,0
DA:30,0
DA:32,0
DA:33,0
DA:37,0
DA:38,0
DA:39,0
DA:40,0
DA:41,0
DA:42,0
DA:43,0
DA:46,0
DA:48,0
DA:52,0
DA:66,0
DA:69,0
DA:87,0
DA:114,0
DA:120,0
DA:141,0
DA:151,0
DA:168,0
DA:169,0
DA:176,0
DA:178,0
DA:179,0
DA:180,0
DA:185,0
DA:193,0
DA:198,0
DA:199,0
DA:200,0
DA:202,0
DA:203,0
DA:204,0
DA:205,0
DA:209,0
DA:210,0
DA:211,0
DA:213,0
DA:214,0
DA:217,0
DA:242,0
DA:267,0
DA:268,0
DA:269,0
DA:270,0
DA:273,0
DA:275,0
DA:276,0
DA:277,0
DA:278,0
DA:279,0
DA:282,0
DA:283,0
DA:284,0
DA:285,0
DA:286,0
DA:287,0
DA:288,0
DA:289,0
DA:292,0
DA:294,0
DA:297,0
DA:311,0
DA:312,0
DA:316,0
DA:319,0
DA:336,0
LF:84
LH:0
BRDA:24,0,0,0
BRDA:24,0,1,0
BRDA:33,1,0,0
BRDA:33,1,1,0
BRDA:40,2,0,0
BRDA:40,2,1,0
BRDA:43,3,0,0
BRDA:43,3,1,0
BRDA:46,4,0,0
BRDA:46,4,1,0
BRDA:59,5,0,0
BRDA:59,5,1,0
BRDA:74,6,0,0
BRDA:74,6,1,0
BRDA:74,7,0,0
BRDA:74,7,1,0
BRDA:104,8,0,0
BRDA:104,8,1,0
BRDA:109,9,0,0
BRDA:109,9,1,0
BRDA:127,10,0,0
BRDA:127,10,1,0
BRDA:130,11,0,0
BRDA:130,11,1,0
BRDA:133,12,0,0
BRDA:133,12,1,0
BRDA:143,13,0,0
BRDA:143,13,1,0
BRDA:145,14,0,0
BRDA:145,14,1,0
BRDA:165,15,0,0
BRDA:165,15,1,0
BRDA:172,16,0,0
BRDA:172,16,1,0
BRDA:184,17,0,0
BRDA:184,17,1,0
BRDA:196,18,0,0
BRDA:196,18,1,0
BRDA:207,19,0,0
BRDA:207,19,1,0
BRDA:209,20,0,0
BRDA:209,20,1,0
BRDA:213,21,0,0
BRDA:213,21,1,0
BRDA:218,22,0,0
BRDA:218,22,1,0
BRDA:220,23,0,0
BRDA:220,23,1,0
BRDA:258,24,0,0
BRDA:258,24,1,0
BRDA:258,25,0,0
BRDA:258,25,1,0
BRDA:301,26,0,0
BRDA:301,26,1,0
BRDA:322,27,0,0
BRDA:322,27,1,0
BRDA:326,28,0,0
BRDA:326,28,1,0
BRDA:326,29,0,0
BRDA:326,29,1,0
BRDA:340,30,0,0
BRDA:340,30,1,0
BRDA:341,31,0,0
BRDA:341,31,1,0
BRF:64
BRH:0
end_of_record
TN:
SF:src\pages\member\MemberBookings.jsx
FN:16,MemberBookings
FN:25,(anonymous_1)
FN:31,BookingsContent
FN:33,(anonymous_3)
FN:41,(anonymous_4)
FN:44,(anonymous_5)
FN:47,(anonymous_6)
FN:50,(anonymous_7)
FN:51,(anonymous_8)
FN:52,(anonymous_9)
FN:55,(anonymous_10)
FN:60,(anonymous_11)
FN:62,(anonymous_12)
FN:77,(anonymous_13)
FN:91,(anonymous_14)
FN:95,(anonymous_15)
FN:104,(anonymous_16)
FN:129,(anonymous_17)
FN:156,(anonymous_18)
FN:173,(anonymous_19)
FN:174,(anonymous_20)
FN:183,FreeSessionBanner
FN:265,PaymentStatusBadge
FN:285,BookSessionModal
FN:305,(anonymous_24)
FN:307,(anonymous_25)
FN:307,(anonymous_26)
FN:308,(anonymous_27)
FN:309,(anonymous_28)
FN:312,(anonymous_29)
FN:313,(anonymous_30)
FN:317,(anonymous_31)
FN:318,(anonymous_32)
FN:323,(anonymous_33)
FN:359,(anonymous_34)
FN:394,(anonymous_35)
FN:410,(anonymous_36)
FN:433,(anonymous_37)
FN:469,(anonymous_38)
FN:470,(anonymous_39)
FN:471,(anonymous_40)
FN:481,(anonymous_41)
FN:497,(anonymous_42)
FN:497,(anonymous_43)
FN:603,(anonymous_44)
FNF:45
FNH:35
FNDA:17,MemberBookings
FNDA:15,(anonymous_1)
FNDA:100,BookingsContent
FNDA:163,(anonymous_3)
FNDA:15,(anonymous_4)
FNDA:15,(anonymous_5)
FNDA:16,(anonymous_6)
FNDA:16,(anonymous_7)
FNDA:0,(anonymous_8)
FNDA:16,(anonymous_9)
FNDA:1,(anonymous_10)
FNDA:2,(anonymous_11)
FNDA:0,(anonymous_12)
FNDA:0,(anonymous_13)
FNDA:400,(anonymous_14)
FNDA:1,(anonymous_15)
FNDA:9,(anonymous_16)
FNDA:93,(anonymous_17)
FNDA:0,(anonymous_18)
FNDA:1,(anonymous_19)
FNDA:1,(anonymous_20)
FNDA:43,FreeSessionBanner
FNDA:93,PaymentStatusBadge
FNDA:65,BookSessionModal
FNDA:9,(anonymous_24)
FNDA:9,(anonymous_25)
FNDA:7,(anonymous_26)
FNDA:0,(anonymous_27)
FNDA:9,(anonymous_28)
FNDA:7,(anonymous_29)
FNDA:7,(anonymous_30)
FNDA:7,(anonymous_31)
FNDA:0,(anonymous_32)
FNDA:7,(anonymous_33)
FNDA:1,(anonymous_34)
FNDA:0,(anonymous_35)
FNDA:0,(anonymous_36)
FNDA:42,(anonymous_37)
FNDA:7,(anonymous_38)
FNDA:7,(anonymous_39)
FNDA:7,(anonymous_40)
FNDA:28,(anonymous_41)
FNDA:0,(anonymous_42)
FNDA:0,(anonymous_43)
FNDA:2,(anonymous_44)
DA:17,17
DA:18,17
DA:25,15
DA:32,100
DA:33,163
DA:35,100
DA:36,100
DA:37,100
DA:38,100
DA:39,100
DA:41,100
DA:42,15
DA:43,15
DA:44,15
DA:47,100
DA:48,16
DA:49,16
DA:50,16
DA:51,0
DA:52,16
DA:55,100
DA:56,1
DA:57,1
DA:60,100
DA:62,100
DA:63,0
DA:64,0
DA:65,0
DA:68,0
DA:72,100
DA:74,100
DA:77,0
DA:92,400
DA:95,1
DA:104,9
DA:130,93
DA:156,0
DA:173,1
DA:174,1
DA:184,43
DA:187,43
DA:188,0
DA:208,43
DA:209,0
DA:225,43
DA:226,0
DA:246,43
DA:266,93
DA:272,93
DA:273,93
DA:286,65
DA:288,65
DA:289,65
DA:290,65
DA:291,65
DA:292,65
DA:293,65
DA:294,65
DA:300,65
DA:301,65
DA:302,65
DA:303,65
DA:305,65
DA:306,9
DA:307,9
DA:309,9
DA:312,65
DA:313,7
DA:314,7
DA:315,7
DA:316,7
DA:317,7
DA:318,7
DA:319,7
DA:323,65
DA:324,7
DA:325,7
DA:326,7
DA:328,7
DA:329,7
DA:331,7
DA:332,0
DA:333,0
DA:334,0
DA:337,7
DA:339,7
DA:340,7
DA:343,7
DA:344,0
DA:346,7
DA:347,0
DA:349,7
DA:352,0
DA:354,7
DA:359,65
DA:360,1
DA:361,1
DA:362,1
DA:364,1
DA:365,1
DA:366,1
DA:371,1
DA:373,0
DA:374,0
DA:376,1
DA:380,0
DA:381,0
DA:382,0
DA:383,0
DA:385,0
DA:395,0
DA:396,0
DA:405,0
DA:407,0
DA:412,0
DA:416,0
DA:418,0
DA:419,0
DA:424,65
DA:425,53
DA:434,42
DA:470,7
DA:471,7
DA:482,28
DA:497,0
DA:518,12
DA:519,0
DA:573,12
DA:603,2
LF:129
LH:96
BRDA:60,0,0,99
BRDA:60,0,1,1
BRDA:64,1,0,0
BRDA:64,1,1,0
BRDA:65,2,0,0
BRDA:65,2,1,0
BRDA:72,3,0,100
BRDA:72,3,1,100
BRDA:76,4,0,100
BRDA:76,4,1,2
BRDA:83,5,0,100
BRDA:83,5,1,43
BRDA:83,5,2,43
BRDA:94,6,0,100
BRDA:94,6,1,300
BRDA:111,7,0,35
BRDA:111,7,1,65
BRDA:111,8,0,18
BRDA:111,8,1,47
BRDA:136,9,0,0
BRDA:136,9,1,93
BRDA:153,10,0,93
BRDA:153,10,1,46
BRDA:170,11,0,100
BRDA:170,11,1,25
BRDA:187,12,0,0
BRDA:187,12,1,43
BRDA:187,13,0,43
BRDA:187,13,1,0
BRDA:208,14,0,0
BRDA:208,14,1,43
BRDA:225,15,0,0
BRDA:225,15,1,43
BRDA:235,16,0,0
BRDA:235,16,1,0
BRDA:272,17,0,93
BRDA:272,17,1,93
BRDA:314,18,0,0
BRDA:314,18,1,7
BRDA:316,19,0,0
BRDA:316,19,1,7
BRDA:331,20,0,0
BRDA:331,20,1,7
BRDA:332,21,0,0
BRDA:332,21,1,0
BRDA:340,22,0,7
BRDA:340,22,1,0
BRDA:343,23,0,7
BRDA:343,23,1,0
BRDA:343,24,0,7
BRDA:343,24,1,7
BRDA:344,25,0,0
BRDA:344,25,1,0
BRDA:346,26,0,0
BRDA:346,26,1,7
BRDA:346,27,0,7
BRDA:346,27,1,7
BRDA:364,28,0,1
BRDA:364,28,1,0
BRDA:374,29,0,0
BRDA:374,29,1,0
BRDA:392,30,0,0
BRDA:392,30,1,0
BRDA:419,31,0,0
BRDA:419,31,1,0
BRDA:424,32,0,53
BRDA:424,32,1,12
BRDA:428,33,0,53
BRDA:428,33,1,0
BRDA:436,34,0,0
BRDA:436,34,1,42
BRDA:443,35,0,53
BRDA:443,35,1,35
BRDA:446,36,0,0
BRDA:446,36,1,35
BRDA:448,37,0,0
BRDA:448,37,1,35
BRDA:453,38,0,0
BRDA:453,38,1,35
BRDA:465,39,0,53
BRDA:465,39,1,28
BRDA:473,40,0,7
BRDA:473,40,1,0
BRDA:474,41,0,7
BRDA:474,41,1,0
BRDA:490,42,0,53
BRDA:490,42,1,35
BRDA:490,42,2,7
BRDA:507,43,0,53
BRDA:507,43,1,39
BRDA:509,44,0,14
BRDA:509,44,1,39
BRDA:518,45,0,0
BRDA:518,45,1,12
BRDA:540,46,0,0
BRDA:540,46,1,0
BRDA:548,47,0,0
BRDA:548,47,1,0
BRDA:550,48,0,0
BRDA:550,48,1,0
BRDA:553,49,0,0
BRDA:553,49,1,0
BRDA:576,50,0,12
BRDA:576,50,1,0
BRDA:591,51,0,12
BRDA:591,51,1,12
BRDA:612,52,0,12
BRDA:612,52,1,2
BRDA:628,53,0,3
BRDA:628,53,1,9
BRDA:630,54,0,7
BRDA:630,54,1,2
BRF:112
BRH:67
end_of_record
TN:
SF:src\pages\member\MemberPayments.jsx
FN:9,MemberPayments
FN:18,(anonymous_1)
FN:24,PaymentsContent
FN:26,(anonymous_3)
FN:28,(anonymous_4)
FN:30,(anonymous_5)
FN:33,(anonymous_6)
FN:33,(anonymous_7)
FN:34,(anonymous_8)
FN:41,(anonymous_9)
FN:51,(anonymous_10)
FN:74,(anonymous_11)
FNF:12
FNH:11
FNDA:7,MemberPayments
FNDA:5,(anonymous_1)
FNDA:15,PaymentsContent
FNDA:30,(anonymous_3)
FNDA:5,(anonymous_4)
FNDA:5,(anonymous_5)
FNDA:6,(anonymous_6)
FNDA:5,(anonymous_7)
FNDA:6,(anonymous_8)
FNDA:0,(anonymous_9)
FNDA:45,(anonymous_10)
FNDA:6,(anonymous_11)
DA:10,7
DA:11,7
DA:18,5
DA:25,15
DA:26,30
DA:28,15
DA:29,5
DA:30,5
DA:33,15
DA:34,15
DA:36,15
DA:38,15
DA:41,0
DA:52,45
DA:75,6
LF:15
LH:14
BRDA:33,0,0,5
BRDA:33,0,1,0
BRDA:40,1,0,15
BRDA:40,1,1,1
BRDA:65,2,0,5
BRDA:65,2,1,10
BRDA:65,3,0,7
BRDA:65,3,1,3
BRDA:81,4,0,6
BRDA:81,4,1,0
BRDA:83,5,0,1
BRDA:83,5,1,5
BRDA:84,6,0,1
BRDA:84,6,1,5
BRF:14
BRH:12
end_of_record
TN:
SF:src\pages\member\MemberPlans.jsx
FN:20,MemberPlans
FN:29,(anonymous_1)
FN:37,PlansContent
FN:40,(anonymous_3)
FN:48,(anonymous_4)
FN:51,(anonymous_5)
FN:54,(anonymous_6)
FN:59,(anonymous_7)
FN:76,(anonymous_8)
FN:84,(anonymous_9)
FN:90,(anonymous_10)
FN:98,(anonymous_11)
FN:98,(anonymous_12)
FN:99,(anonymous_13)
FN:129,(anonymous_14)
FN:138,(anonymous_15)
FN:153,(anonymous_16)
FN:163,(anonymous_17)
FN:184,(anonymous_18)
FN:185,(anonymous_19)
FN:199,RazorpayModal
FN:206,(anonymous_21)
FN:244,(anonymous_22)
FN:264,(anonymous_23)
FN:296,(anonymous_24)
FNF:25
FNH:19
FNDA:16,MemberPlans
FNDA:14,(anonymous_1)
FNDA:71,PlansContent
FNDA:129,(anonymous_3)
FNDA:14,(anonymous_4)
FNDA:14,(anonymous_5)
FNDA:1,(anonymous_6)
FNDA:0,(anonymous_7)
FNDA:0,(anonymous_8)
FNDA:0,(anonymous_9)
FNDA:1,(anonymous_10)
FNDA:82,(anonymous_11)
FNDA:82,(anonymous_12)
FNDA:4,(anonymous_13)
FNDA:10,(anonymous_14)
FNDA:82,(anonymous_15)
FNDA:1,(anonymous_16)
FNDA:0,(anonymous_17)
FNDA:1,(anonymous_18)
FNDA:1,(anonymous_19)
FNDA:14,RazorpayModal
FNDA:1,(anonymous_21)
FNDA:0,(anonymous_22)
FNDA:0,(anonymous_23)
FNDA:2,(anonymous_24)
DA:21,16
DA:22,16
DA:29,14
DA:38,71
DA:39,71
DA:40,129
DA:43,71
DA:44,71
DA:45,71
DA:48,71
DA:49,14
DA:50,14
DA:51,14
DA:54,71
DA:55,1
DA:56,1
DA:59,71
DA:60,0
DA:61,0
DA:62,0
DA:63,0
DA:67,71
DA:69,71
DA:71,71
DA:73,56
DA:76,0
DA:84,0
DA:90,1
DA:98,82
DA:99,82
DA:100,82
DA:129,10
DA:138,82
DA:154,1
DA:163,0
DA:184,1
DA:185,1
DA:200,14
DA:202,14
DA:203,14
DA:204,14
DA:206,14
DA:207,1
DA:210,1
DA:211,1
DA:212,1
DA:213,1
DA:221,1
DA:223,0
DA:224,0
DA:226,1
DA:230,0
DA:231,0
DA:232,0
DA:233,0
DA:235,0
DA:245,0
DA:246,0
DA:247,0
DA:258,0
DA:260,0
DA:265,0
DA:266,0
DA:270,0
DA:272,0
DA:273,0
DA:277,14
DA:296,2
LF:68
LH:44
BRDA:62,0,0,0
BRDA:62,0,1,0
BRDA:63,1,0,0
BRDA:63,1,1,0
BRDA:67,2,0,71
BRDA:67,2,1,71
BRDA:71,3,0,15
BRDA:71,3,1,56
BRDA:75,4,0,56
BRDA:75,4,1,0
BRDA:83,5,0,55
BRDA:83,5,1,1
BRDA:89,6,0,1
BRDA:89,6,1,55
BRDA:96,7,0,55
BRDA:96,7,1,1
BRDA:99,8,0,4
BRDA:99,8,1,2
BRDA:107,9,0,82
BRDA:107,9,1,0
BRDA:124,10,0,2
BRDA:124,10,1,80
BRDA:138,11,0,55
BRDA:138,11,1,14
BRDA:144,12,0,0
BRDA:144,12,1,1
BRDA:158,13,0,1
BRDA:158,13,1,0
BRDA:160,14,0,1
BRDA:160,14,1,1
BRDA:178,15,0,56
BRDA:178,15,1,11
BRDA:210,16,0,1
BRDA:210,16,1,0
BRDA:224,17,0,0
BRDA:224,17,1,0
BRDA:242,18,0,0
BRDA:242,18,1,0
BRDA:273,19,0,0
BRDA:273,19,1,0
BRDA:280,20,0,14
BRDA:280,20,1,0
BRDA:290,21,0,14
BRDA:290,21,1,0
BRDA:305,22,0,14
BRDA:305,22,1,2
BRDA:314,23,0,1
BRDA:314,23,1,13
BRDA:314,24,0,11
BRDA:314,24,1,2
BRF:50
BRH:33
end_of_record
TN:
SF:src\pages\member\MemberProfile.jsx
FN:10,MemberProfile
FN:15,(anonymous_1)
FN:20,ProfileCard
FN:66,(anonymous_3)
FN:76,(anonymous_4)
FN:77,(anonymous_5)
FN:89,InfoRow
FN:100,EditMemberModal
FN:112,(anonymous_8)
FN:112,(anonymous_9)
FN:114,(anonymous_10)
FNF:11
FNH:0
FNDA:0,MemberProfile
FNDA:0,(anonymous_1)
FNDA:0,ProfileCard
FNDA:0,(anonymous_3)
FNDA:0,(anonymous_4)
FNDA:0,(anonymous_5)
FNDA:0,InfoRow
FNDA:0,EditMemberModal
FNDA:0,(anonymous_8)
FNDA:0,(anonymous_9)
FNDA:0,(anonymous_10)
DA:11,0
DA:13,0
DA:15,0
DA:21,0
DA:23,0
DA:25,0
DA:66,0
DA:76,0
DA:79,0
DA:80,0
DA:81,0
DA:90,0
DA:101,0
DA:109,0
DA:110,0
DA:112,0
DA:114,0
DA:115,0
DA:116,0
DA:117,0
DA:118,0
DA:119,0
DA:121,0
DA:123,0
DA:127,0
LF:25
LH:0
BRDA:23,0,0,0
BRDA:23,0,1,0
BRDA:23,0,2,0
BRDA:55,1,0,0
BRDA:55,1,1,0
BRDA:56,2,0,0
BRDA:56,2,1,0
BRDA:57,3,0,0
BRDA:57,3,1,0
BRDA:58,4,0,0
BRDA:58,4,1,0
BRDA:60,5,0,0
BRDA:60,5,1,0
BRDA:73,6,0,0
BRDA:73,6,1,0
BRDA:89,7,0,0
BRDA:89,8,0,0
BRDA:102,9,0,0
BRDA:102,9,1,0
BRDA:103,10,0,0
BRDA:103,10,1,0
BRDA:104,11,0,0
BRDA:104,11,1,0
BRDA:105,12,0,0
BRDA:105,12,1,0
BRDA:106,13,0,0
BRDA:106,13,1,0
BRDA:121,14,0,0
BRDA:121,14,1,0
BRDA:130,15,0,0
BRDA:130,15,1,0
BRDA:162,16,0,0
BRDA:162,16,1,0
BRF:33
BRH:0
end_of_record
TN:
SF:src\pages\member\MemberTrainers.jsx
FN:6,MemberTrainers
FN:13,(anonymous_1)
FN:15,(anonymous_2)
FN:16,(anonymous_3)
FN:17,(anonymous_4)
FN:20,(anonymous_5)
FN:41,(anonymous_6)
FN:52,(anonymous_7)
FN:58,(anonymous_8)
FN:59,(anonymous_9)
FN:60,(anonymous_10)
FN:115,TrainerScheduleInline
FN:119,(anonymous_12)
FN:121,(anonymous_13)
FN:122,(anonymous_14)
FN:123,(anonymous_15)
FN:137,(anonymous_16)
FNF:17
FNH:15
FNDA:75,MemberTrainers
FNDA:22,(anonymous_1)
FNDA:21,(anonymous_2)
FNDA:1,(anonymous_3)
FNDA:22,(anonymous_4)
FNDA:150,(anonymous_5)
FNDA:27,(anonymous_6)
FNDA:96,(anonymous_7)
FNDA:6,(anonymous_8)
FNDA:5,(anonymous_9)
FNDA:0,(anonymous_10)
FNDA:10,TrainerScheduleInline
FNDA:5,(anonymous_12)
FNDA:5,(anonymous_13)
FNDA:0,(anonymous_14)
FNDA:5,(anonymous_15)
FNDA:2,(anonymous_16)
DA:7,75
DA:8,74
DA:9,74
DA:10,74
DA:11,74
DA:13,74
DA:14,22
DA:15,21
DA:16,1
DA:17,22
DA:20,74
DA:21,150
DA:25,74
DA:31,74
DA:41,27
DA:53,96
DA:54,96
DA:58,6
DA:59,5
DA:60,0
DA:116,10
DA:117,10
DA:119,10
DA:120,5
DA:121,5
DA:122,0
DA:123,5
DA:126,10
DA:138,2
LF:29
LH:27
BRDA:21,0,0,150
BRDA:21,0,1,60
BRDA:47,1,0,74
BRDA:47,1,1,1
BRDA:48,2,0,22
BRDA:48,2,1,52
BRDA:48,3,0,12
BRDA:48,3,1,40
BRDA:53,4,0,96
BRDA:53,4,1,0
BRDA:58,5,0,1
BRDA:58,5,1,5
BRDA:83,6,0,96
BRDA:83,6,1,0
BRDA:87,7,0,67
BRDA:87,7,1,29
BRDA:87,8,0,96
BRDA:87,8,1,0
BRDA:91,9,0,96
BRDA:91,9,1,96
BRDA:102,10,0,96
BRDA:102,10,1,5
BRDA:131,11,0,5
BRDA:131,11,1,5
BRDA:133,12,0,4
BRDA:133,12,1,1
BRF:26
BRH:23
end_of_record
TN:
SF:src\pages\trainer\TrainerMembers.jsx
FN:7,TrainerMembers
FN:13,(anonymous_1)
FN:14,(anonymous_2)
FN:18,(anonymous_3)
FN:22,(anonymous_4)
FN:25,(anonymous_5)
FN:27,(anonymous_6)
FN:27,(anonymous_7)
FN:27,(anonymous_8)
FN:31,(anonymous_9)
FN:33,(anonymous_10)
FN:55,(anonymous_11)
FN:68,(anonymous_12)
FN:69,(anonymous_13)
FN:71,(anonymous_14)
FNF:15
FNH:0
FNDA:0,TrainerMembers
FNDA:0,(anonymous_1)
FNDA:0,(anonymous_2)
FNDA:0,(anonymous_3)
FNDA:0,(anonymous_4)
FNDA:0,(anonymous_5)
FNDA:0,(anonymous_6)
FNDA:0,(anonymous_7)
FNDA:0,(anonymous_8)
FNDA:0,(anonymous_9)
FNDA:0,(anonymous_10)
FNDA:0,(anonymous_11)
FNDA:0,(anonymous_12)
FNDA:0,(anonymous_13)
FNDA:0,(anonymous_14)
DA:8,0
DA:9,0
DA:10,0
DA:11,0
DA:13,0
DA:14,0
DA:15,0
DA:17,0
DA:18,0
DA:19,0
DA:21,0
DA:22,0
DA:25,0
DA:26,0
DA:27,0
DA:31,0
DA:33,0
DA:35,0
DA:37,0
DA:38,0
DA:40,0
DA:43,0
DA:56,0
DA:68,0
DA:69,0
DA:72,0
LF:26
LH:0
BRDA:19,0,0,0
BRDA:19,0,1,0
BRDA:50,1,0,0
BRDA:50,1,1,0
BRDA:51,2,0,0
BRDA:51,2,1,0
BRDA:51,3,0,0
BRDA:51,3,1,0
BRDA:61,4,0,0
BRDA:61,4,1,0
BRDA:70,5,0,0
BRDA:70,5,1,0
BRF:12
BRH:0
end_of_record
TN:
SF:src\pages\trainer\TrainerProfile.jsx
FN:15,TrainerProfile
FN:20,(anonymous_1)
FN:25,ProfileCard
FN:95,(anonymous_3)
FN:105,(anonymous_4)
FN:106,(anonymous_5)
FN:117,EditTrainerModal
FN:130,(anonymous_7)
FN:130,(anonymous_8)
FN:131,(anonymous_9)
FN:136,(anonymous_10)
FN:151,(anonymous_11)
FN:186,(anonymous_12)
FN:219,(anonymous_13)
FN:272,InfoRow
FNF:15
FNH:0
FNDA:0,TrainerProfile
FNDA:0,(anonymous_1)
FNDA:0,ProfileCard
FNDA:0,(anonymous_3)
FNDA:0,(anonymous_4)
FNDA:0,(anonymous_5)
FNDA:0,EditTrainerModal
FNDA:0,(anonymous_7)
FNDA:0,(anonymous_8)
FNDA:0,(anonymous_9)
FNDA:0,(anonymous_10)
FNDA:0,(anonymous_11)
FNDA:0,(anonymous_12)
FNDA:0,(anonymous_13)
FNDA:0,InfoRow
DA:10,0
DA:16,0
DA:18,0
DA:20,0
DA:26,0
DA:28,0
DA:30,0
DA:95,0
DA:105,0
DA:107,0
DA:108,0
DA:109,0
DA:118,0
DA:126,0
DA:127,0
DA:128,0
DA:130,0
DA:131,0
DA:132,0
DA:136,0
DA:137,0
DA:138,0
DA:139,0
DA:140,0
DA:141,0
DA:142,0
DA:144,0
DA:145,0
DA:146,0
DA:148,0
DA:151,0
DA:152,0
DA:153,0
DA:154,0
DA:157,0
DA:158,0
DA:159,0
DA:160,0
DA:163,0
DA:164,0
DA:165,0
DA:175,0
DA:176,0
DA:177,0
DA:179,0
DA:181,0
DA:186,0
DA:187,0
DA:188,0
DA:189,0
DA:190,0
DA:191,0
DA:192,0
DA:193,0
DA:194,0
DA:196,0
DA:198,0
DA:202,0
DA:219,0
DA:273,0
LF:60
LH:0
BRDA:28,0,0,0
BRDA:28,0,1,0
BRDA:28,0,2,0
BRDA:58,1,0,0
BRDA:58,1,1,0
BRDA:59,2,0,0
BRDA:59,2,1,0
BRDA:63,3,0,0
BRDA:63,3,1,0
BRDA:65,4,0,0
BRDA:65,4,1,0
BRDA:67,5,0,0
BRDA:67,5,1,0
BRDA:73,6,0,0
BRDA:73,6,1,0
BRDA:75,7,0,0
BRDA:75,7,1,0
BRDA:82,8,0,0
BRDA:82,8,1,0
BRDA:102,9,0,0
BRDA:102,9,1,0
BRDA:119,10,0,0
BRDA:119,10,1,0
BRDA:120,11,0,0
BRDA:120,11,1,0
BRDA:121,12,0,0
BRDA:121,12,1,0
BRDA:122,13,0,0
BRDA:122,13,1,0
BRDA:123,14,0,0
BRDA:123,14,1,0
BRDA:124,15,0,0
BRDA:124,15,1,0
BRDA:138,16,0,0
BRDA:138,16,1,0
BRDA:140,17,0,0
BRDA:140,17,1,0
BRDA:140,18,0,0
BRDA:140,18,1,0
BRDA:144,19,0,0
BRDA:144,19,1,0
BRDA:158,20,0,0
BRDA:158,20,1,0
BRDA:160,21,0,0
BRDA:160,21,1,0
BRDA:169,22,0,0
BRDA:169,22,1,0
BRDA:172,23,0,0
BRDA:172,23,1,0
BRDA:179,24,0,0
BRDA:179,24,1,0
BRDA:188,25,0,0
BRDA:188,25,1,0
BRDA:196,26,0,0
BRDA:196,26,1,0
BRDA:205,27,0,0
BRDA:205,27,1,0
BRDA:206,28,0,0
BRDA:206,28,1,0
BRDA:264,29,0,0
BRDA:264,29,1,0
BRDA:272,30,0,0
BRF:62
BRH:0
end_of_record
TN:
SF:src\pages\trainer\TrainerSchedule.jsx
FN:10,TrainerSchedule
FN:21,(anonymous_1)
FN:25,(anonymous_2)
FN:34,(anonymous_3)
FN:36,(anonymous_4)
FN:53,(anonymous_5)
FN:54,(anonymous_6)
FN:66,(anonymous_7)
FN:75,(anonymous_8)
FN:85,(anonymous_9)
FN:105,(anonymous_10)
FN:121,(anonymous_11)
FN:122,(anonymous_12)
FN:145,(anonymous_13)
FN:145,(anonymous_14)
FN:150,(anonymous_15)
FN:166,(anonymous_16)
FN:177,AddSlotModal
FN:182,(anonymous_18)
FN:194,(anonymous_19)
FN:195,(anonymous_20)
FN:199,(anonymous_21)
FN:200,(anonymous_22)
FNF:23
FNH:0
FNDA:0,TrainerSchedule
FNDA:0,(anonymous_1)
FNDA:0,(anonymous_2)
FNDA:0,(anonymous_3)
FNDA:0,(anonymous_4)
FNDA:0,(anonymous_5)
FNDA:0,(anonymous_6)
FNDA:0,(anonymous_7)
FNDA:0,(anonymous_8)
FNDA:0,(anonymous_9)
FNDA:0,(anonymous_10)
FNDA:0,(anonymous_11)
FNDA:0,(anonymous_12)
FNDA:0,(anonymous_13)
FNDA:0,(anonymous_14)
FNDA:0,(anonymous_15)
FNDA:0,(anonymous_16)
FNDA:0,AddSlotModal
FNDA:0,(anonymous_18)
FNDA:0,(anonymous_19)
FNDA:0,(anonymous_20)
FNDA:0,(anonymous_21)
FNDA:0,(anonymous_22)
DA:7,0
DA:8,0
DA:11,0
DA:12,0
DA:13,0
DA:14,0
DA:15,0
DA:16,0
DA:17,0
DA:18,0
DA:19,0
DA:21,0
DA:22,0
DA:23,0
DA:24,0
DA:25,0
DA:26,0
DA:27,0
DA:28,0
DA:29,0
DA:30,0
DA:31,0
DA:34,0
DA:36,0
DA:37,0
DA:38,0
DA:39,0
DA:40,0
DA:41,0
DA:42,0
DA:43,0
DA:45,0
DA:46,0
DA:48,0
DA:53,0
DA:54,0
DA:55,0
DA:58,0
DA:66,0
DA:76,0
DA:86,0
DA:87,0
DA:88,0
DA:105,0
DA:121,0
DA:122,0
DA:145,0
DA:150,0
DA:166,0
DA:178,0
DA:179,0
DA:180,0
DA:182,0
DA:183,0
DA:184,0
DA:185,0
DA:186,0
DA:189,0
DA:194,0
DA:195,0
DA:199,0
DA:200,0
LF:62
LH:0
BRDA:26,0,0,0
BRDA:26,0,1,0
BRDA:45,1,0,0
BRDA:45,1,1,0
BRDA:66,2,0,0
BRDA:66,2,1,0
BRDA:70,3,0,0
BRDA:70,3,1,0
BRDA:71,4,0,0
BRDA:71,4,1,0
BRDA:73,5,0,0
BRDA:73,5,1,0
BRDA:81,6,0,0
BRDA:81,6,1,0
BRDA:90,7,0,0
BRDA:90,7,1,0
BRDA:91,8,0,0
BRDA:91,8,1,0
BRDA:95,9,0,0
BRDA:95,9,1,0
BRDA:96,10,0,0
BRDA:96,10,1,0
BRDA:103,11,0,0
BRDA:103,11,1,0
BRDA:116,12,0,0
BRDA:116,12,1,0
BRDA:121,13,0,0
BRDA:121,13,1,0
BRDA:124,14,0,0
BRDA:124,14,1,0
BRDA:129,15,0,0
BRDA:129,15,1,0
BRDA:144,16,0,0
BRDA:144,16,1,0
BRDA:144,16,2,0
BRDA:149,17,0,0
BRDA:149,17,1,0
BRDA:185,18,0,0
BRDA:185,18,1,0
BRDA:192,19,0,0
BRDA:192,19,1,0
BRDA:204,20,0,0
BRDA:204,20,1,0
BRF:43
BRH:0
end_of_record
TN:
SF:src\pages\trainer\TrainerSessions.jsx
FN:7,TrainerSessions
FN:14,(anonymous_1)
FN:18,(anonymous_2)
FN:21,(anonymous_3)
FN:26,(anonymous_4)
FN:28,(anonymous_5)
FN:30,(anonymous_6)
FN:46,(anonymous_7)
FN:47,(anonymous_8)
FN:61,(anonymous_9)
FN:71,(anonymous_10)
FNF:11
FNH:0
FNDA:0,TrainerSessions
FNDA:0,(anonymous_1)
FNDA:0,(anonymous_2)
FNDA:0,(anonymous_3)
FNDA:0,(anonymous_4)
FNDA:0,(anonymous_5)
FNDA:0,(anonymous_6)
FNDA:0,(anonymous_7)
FNDA:0,(anonymous_8)
FNDA:0,(anonymous_9)
FNDA:0,(anonymous_10)
DA:8,0
DA:9,0
DA:10,0
DA:11,0
DA:12,0
DA:14,0
DA:15,0
DA:16,0
DA:17,0
DA:18,0
DA:19,0
DA:20,0
DA:21,0
DA:22,0
DA:23,0
DA:26,0
DA:28,0
DA:30,0
DA:31,0
DA:32,0
DA:35,0
DA:47,0
DA:62,0
DA:71,0
LF:24
LH:0
BRDA:19,0,0,0
BRDA:19,0,1,0
BRDA:28,1,0,0
BRDA:28,1,1,0
BRDA:32,2,0,0
BRDA:32,2,1,0
BRDA:42,3,0,0
BRDA:42,3,1,0
BRDA:47,4,0,0
BRDA:47,4,1,0
BRDA:48,5,0,0
BRDA:48,5,1,0
BRDA:54,6,0,0
BRDA:54,6,1,0
BRDA:54,7,0,0
BRDA:54,7,1,0
BRDA:67,8,0,0
BRDA:67,8,1,0
BRDA:70,9,0,0
BRDA:70,9,1,0
BRF:20
BRH:0
end_of_record
TN:
SF:src\store\index.js
FNF:0
FNH:0
DA:9,0
LF:1
LH:0
BRF:0
BRH:0
end_of_record
TN:
SF:src\store\slices\adminSlice.js
FN:9,(anonymous_0)
FN:26,(anonymous_1)
FN:31,(anonymous_2)
FN:40,(anonymous_3)
FN:41,(anonymous_4)
FN:50,(anonymous_5)
FN:53,(anonymous_6)
FN:72,(anonymous_7)
FN:76,(anonymous_8)
FN:77,(anonymous_9)
FN:78,(anonymous_10)
FN:83,(anonymous_11)
FN:92,(anonymous_12)
FN:101,(anonymous_13)
FNF:14
FNH:0
FNDA:0,(anonymous_0)
FNDA:0,(anonymous_1)
FNDA:0,(anonymous_2)
FNDA:0,(anonymous_3)
FNDA:0,(anonymous_4)
FNDA:0,(anonymous_5)
FNDA:0,(anonymous_6)
FNDA:0,(anonymous_7)
FNDA:0,(anonymous_8)
FNDA:0,(anonymous_9)
FNDA:0,(anonymous_10)
FNDA:0,(anonymous_11)
FNDA:0,(anonymous_12)
FNDA:0,(anonymous_13)
DA:7,0
DA:10,0
DA:11,0
DA:12,0
DA:14,0
DA:24,0
DA:27,0
DA:28,0
DA:29,0
DA:30,0
DA:32,0
DA:33,0
DA:34,0
DA:40,0
DA:41,0
DA:43,0
DA:48,0
DA:51,0
DA:52,0
DA:53,0
DA:55,0
DA:62,0
DA:73,0
DA:77,0
DA:78,0
DA:81,0
DA:84,0
DA:85,0
DA:90,0
DA:93,0
DA:94,0
DA:99,0
DA:102,0
DA:103,0
DA:109,0
LF:35
LH:0
BRDA:14,0,0,0
BRDA:14,0,1,0
BRDA:43,1,0,0
BRDA:43,1,1,0
BRDA:55,2,0,0
BRDA:55,2,1,0
BRF:6
BRH:0
end_of_record
TN:
SF:src\store\slices\bookingSlice.js
FN:9,(anonymous_0)
FN:12,(anonymous_1)
FN:38,(anonymous_2)
FN:58,(anonymous_3)
FN:79,(anonymous_4)
FN:82,(anonymous_5)
FN:86,(anonymous_6)
FN:89,(anonymous_7)
FN:90,(anonymous_8)
FN:91,(anonymous_9)
FN:95,(anonymous_10)
FN:96,(anonymous_11)
FN:97,(anonymous_12)
FN:101,(anonymous_13)
FN:102,(anonymous_14)
FN:103,(anonymous_15)
FN:106,(anonymous_16)
FNF:17
FNH:11
FNDA:16,(anonymous_0)
FNDA:14,(anonymous_1)
FNDA:7,(anonymous_2)
FNDA:0,(anonymous_3)
FNDA:15,(anonymous_4)
FNDA:9,(anonymous_5)
FNDA:1,(anonymous_6)
FNDA:16,(anonymous_7)
FNDA:15,(anonymous_8)
FNDA:1,(anonymous_9)
FNDA:7,(anonymous_10)
FNDA:7,(anonymous_11)
FNDA:0,(anonymous_12)
FNDA:0,(anonymous_13)
FNDA:0,(anonymous_14)
FNDA:0,(anonymous_15)
FNDA:0,(anonymous_16)
DA:7,1
DA:10,16
DA:11,16
DA:12,15
DA:14,1
DA:36,1
DA:39,7
DA:40,7
DA:42,7
DA:43,7
DA:51,0
DA:56,1
DA:59,0
DA:60,0
DA:61,0
DA:63,0
DA:70,1
DA:80,15
DA:83,9
DA:88,1
DA:89,16
DA:90,15
DA:91,1
DA:94,1
DA:95,7
DA:96,7
DA:97,0
DA:100,1
DA:101,0
DA:103,0
DA:104,0
DA:106,0
DA:110,1
LF:33
LH:23
BRDA:14,0,0,1
BRDA:14,0,1,1
BRDA:51,1,0,0
BRDA:51,1,1,0
BRDA:63,2,0,0
BRDA:63,2,1,0
BRDA:104,3,0,0
BRDA:104,3,1,0
BRF:8
BRH:2
end_of_record
TN:
SF:src\store\slices\notificationSlice.js
FN:16,(anonymous_0)
FN:32,(anonymous_1)
FN:48,(anonymous_2)
FN:64,(anonymous_3)
FN:80,(anonymous_4)
FN:96,(anonymous_5)
FN:123,(anonymous_6)
FN:126,(anonymous_7)
FN:135,(anonymous_8)
FN:139,(anonymous_9)
FN:143,(anonymous_10)
FN:147,(anonymous_11)
FN:150,(anonymous_12)
FN:153,(anonymous_13)
FN:160,(anonymous_14)
FN:161,(anonymous_15)
FN:171,(anonymous_16)
FN:177,(anonymous_17)
FN:182,(anonymous_18)
FN:184,(anonymous_19)
FN:192,(anonymous_20)
FN:193,(anonymous_21)
FN:198,(anonymous_22)
FN:200,(anonymous_23)
FN:202,(anonymous_24)
FN:207,(anonymous_25)
FN:223,(anonymous_26)
FN:224,(anonymous_27)
FN:225,(anonymous_28)
FN:226,(anonymous_29)
FN:227,(anonymous_30)
FN:228,(anonymous_31)
FNF:32
FNH:0
FNDA:0,(anonymous_0)
FNDA:0,(anonymous_1)
FNDA:0,(anonymous_2)
FNDA:0,(anonymous_3)
FNDA:0,(anonymous_4)
FNDA:0,(anonymous_5)
FNDA:0,(anonymous_6)
FNDA:0,(anonymous_7)
FNDA:0,(anonymous_8)
FNDA:0,(anonymous_9)
FNDA:0,(anonymous_10)
FNDA:0,(anonymous_11)
FNDA:0,(anonymous_12)
FNDA:0,(anonymous_13)
FNDA:0,(anonymous_14)
FNDA:0,(anonymous_15)
FNDA:0,(anonymous_16)
FNDA:0,(anonymous_17)
FNDA:0,(anonymous_18)
FNDA:0,(anonymous_19)
FNDA:0,(anonymous_20)
FNDA:0,(anonymous_21)
FNDA:0,(anonymous_22)
FNDA:0,(anonymous_23)
FNDA:0,(anonymous_24)
FNDA:0,(anonymous_25)
FNDA:0,(anonymous_26)
FNDA:0,(anonymous_27)
FNDA:0,(anonymous_28)
FNDA:0,(anonymous_29)
FNDA:0,(anonymous_30)
FNDA:0,(anonymous_31)
DA:14,0
DA:17,0
DA:18,0
DA:19,0
DA:21,0
DA:30,0
DA:33,0
DA:34,0
DA:35,0
DA:37,0
DA:46,0
DA:49,0
DA:50,0
DA:51,0
DA:53,0
DA:62,0
DA:65,0
DA:66,0
DA:67,0
DA:69,0
DA:78,0
DA:81,0
DA:82,0
DA:83,0
DA:85,0
DA:94,0
DA:97,0
DA:98,0
DA:99,0
DA:101,0
DA:108,0
DA:124,0
DA:126,0
DA:127,0
DA:128,0
DA:129,0
DA:130,0
DA:136,0
DA:140,0
DA:144,0
DA:149,0
DA:151,0
DA:154,0
DA:155,0
DA:157,0
DA:160,0
DA:161,0
DA:162,0
DA:164,0
DA:165,0
DA:166,0
DA:167,0
DA:168,0
DA:169,0
DA:172,0
DA:173,0
DA:177,0
DA:178,0
DA:182,0
DA:183,0
DA:184,0
DA:185,0
DA:186,0
DA:187,0
DA:192,0
DA:193,0
DA:194,0
DA:198,0
DA:199,0
DA:200,0
DA:201,0
DA:202,0
DA:203,0
DA:207,0
DA:208,0
DA:209,0
DA:210,0
DA:220,0
DA:223,0
DA:224,0
DA:225,0
DA:226,0
DA:227,0
DA:228,0
LF:84
LH:0
BRDA:16,0,0,0
BRDA:16,1,0,0
BRDA:21,2,0,0
BRDA:21,2,1,0
BRDA:35,3,0,0
BRDA:35,3,1,0
BRDA:127,4,0,0
BRDA:127,4,1,0
BRDA:130,5,0,0
BRDA:130,5,1,0
BRDA:155,6,0,0
BRDA:155,6,1,0
BRDA:157,7,0,0
BRDA:157,7,1,0
BRDA:161,8,0,0
BRDA:161,8,1,0
BRDA:164,9,0,0
BRDA:164,9,1,0
BRDA:165,10,0,0
BRDA:165,10,1,0
BRDA:166,11,0,0
BRDA:166,11,1,0
BRDA:167,12,0,0
BRDA:167,12,1,0
BRDA:168,13,0,0
BRDA:168,13,1,0
BRDA:185,14,0,0
BRDA:185,14,1,0
BRDA:185,15,0,0
BRDA:185,15,1,0
BRDA:201,16,0,0
BRDA:201,16,1,0
BRDA:201,17,0,0
BRDA:201,17,1,0
BRF:34
BRH:0
end_of_record
TN:
SF:src\store\slices\paymentSlice.js
FN:9,(anonymous_0)
FN:12,(anonymous_1)
FN:21,(anonymous_2)
FN:41,(anonymous_3)
FN:45,(anonymous_4)
FN:48,(anonymous_5)
FN:52,(anonymous_6)
FN:56,(anonymous_7)
FN:63,(anonymous_8)
FN:67,(anonymous_9)
FN:71,(anonymous_10)
FNF:11
FNH:7
FNDA:5,(anonymous_0)
FNDA:3,(anonymous_1)
FNDA:0,(anonymous_2)
FNDA:5,(anonymous_3)
FNDA:1,(anonymous_4)
FNDA:5,(anonymous_5)
FNDA:4,(anonymous_6)
FNDA:1,(anonymous_7)
FNDA:0,(anonymous_8)
FNDA:0,(anonymous_9)
FNDA:0,(anonymous_10)
DA:7,1
DA:10,5
DA:11,5
DA:12,4
DA:14,1
DA:19,1
DA:22,0
DA:23,0
DA:24,0
DA:26,0
DA:33,1
DA:42,5
DA:47,1
DA:49,5
DA:50,5
DA:53,4
DA:54,4
DA:57,1
DA:58,1
DA:62,1
DA:64,0
DA:65,0
DA:68,0
DA:69,0
DA:72,0
DA:73,0
DA:78,1
LF:27
LH:17
BRDA:14,0,0,1
BRDA:14,0,1,1
BRDA:26,1,0,0
BRDA:26,1,1,0
BRF:4
BRH:2
end_of_record
TN:
SF:src\store\slices\planSlice.js
FN:9,(anonymous_0)
FN:21,(anonymous_1)
FN:23,(anonymous_2)
FN:33,(anonymous_3)
FN:45,(anonymous_4)
FN:66,(anonymous_5)
FN:70,(anonymous_6)
FN:73,(anonymous_7)
FN:77,(anonymous_8)
FN:81,(anonymous_9)
FN:88,(anonymous_10)
FN:92,(anonymous_11)
FN:96,(anonymous_12)
FN:103,(anonymous_13)
FN:107,(anonymous_14)
FN:111,(anonymous_15)
FN:118,(anonymous_16)
FN:119,(anonymous_17)
FN:122,(anonymous_18)
FNF:19
FNH:8
FNDA:15,(anonymous_0)
FNDA:15,(anonymous_1)
FNDA:0,(anonymous_2)
FNDA:0,(anonymous_3)
FNDA:0,(anonymous_4)
FNDA:14,(anonymous_5)
FNDA:1,(anonymous_6)
FNDA:15,(anonymous_7)
FNDA:15,(anonymous_8)
FNDA:0,(anonymous_9)
FNDA:15,(anonymous_10)
FNDA:15,(anonymous_11)
FNDA:0,(anonymous_12)
FNDA:0,(anonymous_13)
FNDA:0,(anonymous_14)
FNDA:0,(anonymous_15)
FNDA:0,(anonymous_16)
FNDA:0,(anonymous_17)
FNDA:0,(anonymous_18)
DA:7,1
DA:10,15
DA:11,15
DA:12,15
DA:14,0
DA:19,1
DA:22,15
DA:23,15
DA:24,15
DA:26,0
DA:31,1
DA:34,0
DA:35,0
DA:36,0
DA:38,0
DA:43,1
DA:46,0
DA:47,0
DA:48,0
DA:50,0
DA:57,1
DA:67,14
DA:72,1
DA:74,15
DA:75,15
DA:78,15
DA:79,15
DA:82,0
DA:83,0
DA:87,1
DA:89,15
DA:90,15
DA:93,15
DA:94,15
DA:97,0
DA:98,0
DA:102,1
DA:104,0
DA:105,0
DA:108,0
DA:109,0
DA:112,0
DA:113,0
DA:117,1
DA:119,0
DA:120,0
DA:123,0
DA:128,1
LF:48
LH:25
BRDA:14,0,0,0
BRDA:14,0,1,0
BRDA:26,1,0,0
BRDA:26,1,1,0
BRDA:38,2,0,0
BRDA:38,2,1,0
BRDA:50,3,0,0
BRDA:50,3,1,0
BRDA:120,4,0,0
BRDA:120,4,1,0
BRF:10
BRH:0
end_of_record
