-------------------------------------------------------------------------------
Test set: com.gympro.payment.service.PaymentServiceExtendedTest
-------------------------------------------------------------------------------
Tests run: 25, Failures: 0, Errors: 1, Skipped: 0, Time elapsed: 0.308 s <<< FAILURE! -- in com.gympro.payment.service.PaymentServiceExtendedTest
com.gympro.payment.service.PaymentServiceExtendedTest.testProcessPayment_FreePaymentType_Success -- Time elapsed: 0.059 s <<< ERROR!
org.mockito.exceptions.misusing.UnnecessaryStubbingException: 

Unnecessary stubbings detected.
Clean & maintainable test code requires zero unnecessary code.
Following stubbings are unnecessary (click to navigate to relevant line of code):
  1. -> at com.gympro.payment.service.PaymentServiceExtendedTest.testProcessPayment_FreePaymentType_Success(PaymentServiceExtendedTest.java:120)
Please remove unnecessary stubbings or use 'lenient' strictness. More info: javadoc for UnnecessaryStubbingException class.
	at org.mockito.junit.jupiter.MockitoExtension.afterEach(MockitoExtension.java:192)
	at java.base/java.util.ArrayList.forEach(ArrayList.java:1511)
	at java.base/java.util.ArrayList.forEach(ArrayList.java:1511)

