<?xml version="1.0" encoding="UTF-8"?>
<testsuite xmlns:xsi="http://www.w3.org/2001/XMLSchema-instance" xsi:noNamespaceSchemaLocation="https://maven.apache.org/surefire/maven-surefire-plugin/xsd/surefire-test-report-3.0.xsd" version="3.0" name="com.gympro.payment.service.PaymentServiceExtendedTest" time="0.308" tests="25" errors="1" skipped="0" failures="0">
  <properties>
[...]
</properties>
  <testcase name="testProcessPayment_NotificationFails_PaymentStillSaved" classname="com.gympro.payment.service.PaymentServiceExtendedTest" time="0.013">
    <system-out><![CDATA[00:45:55.728 [main] WARN com.gympro.payment.service.PaymentService -- ?? Could not fetch plan privileges for discount lookup, charging full price: Cannot invoke "com.gympro.payment.feign.PlanServiceClient.getPrivileges(java.lang.Long)" because "this.planServiceClient" is null
00:45:55.728 [main] INFO com.gympro.payment.service.PaymentService -- ? Dummy payment processed: txn=TXN-ABC2434C
00:45:55.730 [main] INFO com.gympro.payment.service.PaymentService -- ? Payment saved: id=1, txn=TXN-ABC2434C, status=SUCCESS
00:45:55.730 [main] ERROR com.gympro.payment.service.PaymentService -- ?? Failed to sync paymentStatus=COMPLETED to booking-service for bookingId=10: Cannot invoke "com.gympro.payment.feign.BookingServiceClient.confirmPayment(java.lang.Long)" because "this.bookingServiceClient" is null
00:45:55.731 [main] WARN com.gympro.payment.service.PaymentService -- ?? Could not fetch admin user IDs for broadcast notification: Cannot invoke "com.gympro.payment.feign.AuthServiceClient.getAdminUserIds()" because "this.authServiceClient" is null
00:45:55.731 [main] WARN com.gympro.payment.service.PaymentService -- ?? Unexpected error while publishing payment receipt notification: RabbitMQ down
]]></system-out>
  </testcase>
  <testcase name="testProcessPayment_BlankPaymentMethod_ThrowsException" classname="com.gympro.payment.service.PaymentServiceExtendedTest" time="0.007"/>
  <testcase name="testProcessPayment_CASH_Success" classname="com.gympro.payment.service.PaymentServiceExtendedTest" time="0.008">
    <system-out><![CDATA[00:45:55.749 [main] WARN com.gympro.payment.service.PaymentService -- ?? Could not fetch plan privileges for discount lookup, charging full price: Cannot invoke "com.gympro.payment.feign.PlanServiceClient.getPrivileges(java.lang.Long)" because "this.planServiceClient" is null
00:45:55.750 [main] INFO com.gympro.payment.service.PaymentService -- ? Dummy payment processed: txn=TXN-DDCE901A
00:45:55.750 [main] INFO com.gympro.payment.service.PaymentService -- ? Payment saved: id=1, txn=TXN-DDCE901A, status=SUCCESS
00:45:55.750 [main] ERROR com.gympro.payment.service.PaymentService -- ?? Failed to sync paymentStatus=COMPLETED to booking-service for bookingId=10: Cannot invoke "com.gympro.payment.feign.BookingServiceClient.confirmPayment(java.lang.Long)" because "this.bookingServiceClient" is null
00:45:55.751 [main] WARN com.gympro.payment.service.PaymentService -- ?? Could not fetch admin user IDs for broadcast notification: Cannot invoke "com.gympro.payment.feign.AuthServiceClient.getAdminUserIds()" because "this.authServiceClient" is null
]]></system-out>
  </testcase>
  <testcase name="testProcessPayment_Razorpay_MissingFields_ThrowsException" classname="com.gympro.payment.service.PaymentServiceExtendedTest" time="0.006">
    <system-out><![CDATA[00:45:55.758 [main] WARN com.gympro.payment.service.PaymentService -- ?? Could not fetch plan privileges for discount lookup, charging full price: Cannot invoke "com.gympro.payment.feign.PlanServiceClient.getPrivileges(java.lang.Long)" because "this.planServiceClient" is null
]]></system-out>
  </testcase>
  <testcase name="testProcessPayment_DEBIT_CARD_Success" classname="com.gympro.payment.service.PaymentServiceExtendedTest" time="0.007">
    <system-out><![CDATA[00:45:55.766 [main] WARN com.gympro.payment.service.PaymentService -- ?? Could not fetch plan privileges for discount lookup, charging full price: Cannot invoke "com.gympro.payment.feign.PlanServiceClient.getPrivileges(java.lang.Long)" because "this.planServiceClient" is null
00:45:55.766 [main] INFO com.gympro.payment.service.PaymentService -- ? Dummy payment processed: txn=TXN-DD4434BD
00:45:55.767 [main] INFO com.gympro.payment.service.PaymentService -- ? Payment saved: id=1, txn=TXN-DD4434BD, status=SUCCESS
00:45:55.767 [main] ERROR com.gympro.payment.service.PaymentService -- ?? Failed to sync paymentStatus=COMPLETED to booking-service for bookingId=10: Cannot invoke "com.gympro.payment.feign.BookingServiceClient.confirmPayment(java.lang.Long)" because "this.bookingServiceClient" is null
00:45:55.767 [main] WARN com.gympro.payment.service.PaymentService -- ?? Could not fetch admin user IDs for broadcast notification: Cannot invoke "com.gympro.payment.feign.AuthServiceClient.getAdminUserIds()" because "this.authServiceClient" is null
]]></system-out>
  </testcase>
  <testcase name="testProcessPayment_NullPaymentMethod_ThrowsException" classname="com.gympro.payment.service.PaymentServiceExtendedTest" time="0.005"/>
  <testcase name="testProcessPayment_QR_CODE_Success" classname="com.gympro.payment.service.PaymentServiceExtendedTest" time="0.008">
    <system-out><![CDATA[00:45:55.782 [main] WARN com.gympro.payment.service.PaymentService -- ?? Could not fetch plan privileges for discount lookup, charging full price: Cannot invoke "com.gympro.payment.feign.PlanServiceClient.getPrivileges(java.lang.Long)" because "this.planServiceClient" is null
00:45:55.782 [main] INFO com.gympro.payment.service.PaymentService -- ? Dummy payment processed: txn=TXN-F68FEB11
00:45:55.783 [main] INFO com.gympro.payment.service.PaymentService -- ? Payment saved: id=1, txn=TXN-F68FEB11, status=SUCCESS
00:45:55.783 [main] ERROR com.gympro.payment.service.PaymentService -- ?? Failed to sync paymentStatus=COMPLETED to booking-service for bookingId=10: Cannot invoke "com.gympro.payment.feign.BookingServiceClient.confirmPayment(java.lang.Long)" because "this.bookingServiceClient" is null
00:45:55.784 [main] WARN com.gympro.payment.service.PaymentService -- ?? Could not fetch admin user IDs for broadcast notification: Cannot invoke "com.gympro.payment.feign.AuthServiceClient.getAdminUserIds()" because "this.authServiceClient" is null
]]></system-out>
  </testcase>
  <testcase name="testProcessPayment_FreePaymentType_Success" classname="com.gympro.payment.service.PaymentServiceExtendedTest" time="0.059">
    <error message="&#10;Unnecessary stubbings detected.&#10;Clean &amp; maintainable test code requires zero unnecessary code.&#10;Following stubbings are unnecessary (click to navigate to relevant line of code):&#10;  1. -&gt; at com.gympro.payment.service.PaymentServiceExtendedTest.testProcessPayment_FreePaymentType_Success(PaymentServiceExtendedTest.java:120)&#10;Please remove unnecessary stubbings or use &apos;lenient&apos; strictness. More info: javadoc for UnnecessaryStubbingException class." type="org.mockito.exceptions.misusing.UnnecessaryStubbingException"><![CDATA[org.mockito.exceptions.misusing.UnnecessaryStubbingException: 

Unnecessary stubbings detected.
Clean & maintainable test code requires zero unnecessary code.
Following stubbings are unnecessary (click to navigate to relevant line of code):
  1. -> at com.gympro.payment.service.PaymentServiceExtendedTest.testProcessPayment_FreePaymentType_Success(PaymentServiceExtendedTest.java:120)
Please remove unnecessary stubbings or use 'lenient' strictness. More info: javadoc for UnnecessaryStubbingException class.
	at org.mockito.junit.jupiter.MockitoExtension.afterEach(MockitoExtension.java:192)
	at java.base/java.util.ArrayList.forEach(ArrayList.java:1511)
	at java.base/java.util.ArrayList.forEach(ArrayList.java:1511)
]]></error>
    <system-out><![CDATA[00:45:55.792 [main] INFO com.gympro.payment.service.PaymentService -- ? FREE_SESSION payment recorded: id=1, txn=FREE-8CBA4B62, bookingId=10
]]></system-out>
  </testcase>
  <testcase name="testCreateRazorpayOrder_ZeroAmount_ThrowsException" classname="com.gympro.payment.service.PaymentServiceExtendedTest" time="0.005"/>
  <testcase name="testProcessPayment_CREDIT_CARD_Success" classname="com.gympro.payment.service.PaymentServiceExtendedTest" time="0.008">
    <system-out><![CDATA[00:45:55.875 [main] WARN com.gympro.payment.service.PaymentService -- ?? Could not fetch plan privileges for discount lookup, charging full price: Cannot invoke "com.gympro.payment.feign.PlanServiceClient.getPrivileges(java.lang.Long)" because "this.planServiceClient" is null
00:45:55.875 [main] INFO com.gympro.payment.service.PaymentService -- ? Dummy payment processed: txn=TXN-CC8D5149
00:45:55.875 [main] INFO com.gympro.payment.service.PaymentService -- ? Payment saved: id=1, txn=TXN-CC8D5149, status=SUCCESS
00:45:55.876 [main] ERROR com.gympro.payment.service.PaymentService -- ?? Failed to sync paymentStatus=COMPLETED to booking-service for bookingId=10: Cannot invoke "com.gympro.payment.feign.BookingServiceClient.confirmPayment(java.lang.Long)" because "this.bookingServiceClient" is null
00:45:55.876 [main] WARN com.gympro.payment.service.PaymentService -- ?? Could not fetch admin user IDs for broadcast notification: Cannot invoke "com.gympro.payment.feign.AuthServiceClient.getAdminUserIds()" because "this.authServiceClient" is null
]]></system-out>
  </testcase>
  <testcase name="testProcessPayment_Razorpay_InvalidSignature_SavesFailedAndThrows" classname="com.gympro.payment.service.PaymentServiceExtendedTest" time="0.028">
    <system-out><![CDATA[00:45:55.887 [main] WARN com.gympro.payment.service.PaymentService -- ?? Could not fetch plan privileges for discount lookup, charging full price: Cannot invoke "com.gympro.payment.feign.PlanServiceClient.getPrivileges(java.lang.Long)" because "this.planServiceClient" is null
]]></system-out>
  </testcase>
  <testcase name="testProcessPayment_NullEmail_ThrowsException" classname="com.gympro.payment.service.PaymentServiceExtendedTest" time="0.005"/>
  <testcase name="testProcessPayment_NegativeAmount_ThrowsException" classname="com.gympro.payment.service.PaymentServiceExtendedTest" time="0.008"/>
  <testcase name="testGetByBookingId_Found" classname="com.gympro.payment.service.PaymentServiceExtendedTest" time="0.009"/>
  <testcase name="testProcessPayment_FreeMethodWithoutFreeSessionType_ThrowsException" classname="com.gympro.payment.service.PaymentServiceExtendedTest" time="0.009"/>
  <testcase name="testGetByTransactionId_NotFound_ThrowsException" classname="com.gympro.payment.service.PaymentServiceExtendedTest" time="0.011"/>
  <testcase name="testCreateRazorpayOrder_NullAmount_ThrowsException" classname="com.gympro.payment.service.PaymentServiceExtendedTest" time="0.006"/>
  <testcase name="testProcessPayment_Razorpay_ValidSignature_Success" classname="com.gympro.payment.service.PaymentServiceExtendedTest" time="0.01">
    <system-out><![CDATA[00:45:55.972 [main] WARN com.gympro.payment.service.PaymentService -- ?? Could not fetch plan privileges for discount lookup, charging full price: Cannot invoke "com.gympro.payment.feign.PlanServiceClient.getPrivileges(java.lang.Long)" because "this.planServiceClient" is null
00:45:55.973 [main] INFO com.gympro.payment.service.PaymentService -- ? Razorpay payment verified: pay_XYZ789
00:45:55.973 [main] INFO com.gympro.payment.service.PaymentService -- ? Payment saved: id=1, txn=pay_XYZ789, status=SUCCESS
00:45:55.973 [main] ERROR com.gympro.payment.service.PaymentService -- ?? Failed to sync paymentStatus=COMPLETED to booking-service for bookingId=10: Cannot invoke "com.gympro.payment.feign.BookingServiceClient.confirmPayment(java.lang.Long)" because "this.bookingServiceClient" is null
00:45:55.974 [main] WARN com.gympro.payment.service.PaymentService -- ?? Could not fetch admin user IDs for broadcast notification: Cannot invoke "com.gympro.payment.feign.AuthServiceClient.getAdminUserIds()" because "this.authServiceClient" is null
]]></system-out>
  </testcase>
  <testcase name="testGetByTransactionId_Found" classname="com.gympro.payment.service.PaymentServiceExtendedTest" time="0.004"/>
  <testcase name="testRefund_NotificationFails_StillReturnsRefunded" classname="com.gympro.payment.service.PaymentServiceExtendedTest" time="0.007">
    <system-out><![CDATA[00:45:55.988 [main] INFO com.gympro.payment.service.PaymentService -- ? Refund processed for payment: 1
00:45:55.989 [main] WARN com.gympro.payment.service.PaymentService -- ?? Could not fetch admin user IDs for broadcast notification: Cannot invoke "com.gympro.payment.feign.AuthServiceClient.getAdminUserIds()" because "this.authServiceClient" is null
00:45:55.990 [main] WARN com.gympro.payment.service.PaymentService -- ?? Unexpected error while publishing refund notification: RabbitMQ down
]]></system-out>
  </testcase>
  <testcase name="testGetByMember_ReturnsList" classname="com.gympro.payment.service.PaymentServiceExtendedTest" time="0.005"/>
  <testcase name="testProcessPayment_BlankEmail_ThrowsException" classname="com.gympro.payment.service.PaymentServiceExtendedTest" time="0.005"/>
  <testcase name="testCreateRazorpayOrder_ValidAmount_Success" classname="com.gympro.payment.service.PaymentServiceExtendedTest" time="0.004"/>
  <testcase name="testGetByBookingId_NotFound_ThrowsException" classname="com.gympro.payment.service.PaymentServiceExtendedTest" time="0.008"/>
  <testcase name="testProcessPayment_NullAmount_ThrowsException" classname="com.gympro.payment.service.PaymentServiceExtendedTest" time="0.005"/>
</testsuite>